2025-11-18 21:58:21 - SpotSimulation - INFO - ✓ Terminal logging to file: 251118_215821-NULL/terminal.log
2025-11-18 21:58:21 - SpotSimulation - INFO - Configuration saved: 251118_215821-NULL/config.json
2025-11-18 21:58:21 - SpotSimulation - INFO - CSV file initialized: 251118_215821-NULL/data.csv
2025-11-18 21:58:21 - SpotSimulation - INFO - Opening robot ego-view viewport...
2025-11-18 21:58:21 - SpotSimulation - INFO - ✓ Robot ego-view viewport opened: 1280×800
2025-11-18 21:58:21 - SpotSimulation - INFO - Opening top-down viewport...
2025-11-18 21:58:21 - SpotSimulation - INFO - ✓ Top-down viewport opened: 1600×1600
2025-11-18 21:58:21 - SpotSimulation - INFO - ✓ Ego camera render product initialized: 1280×800
2025-11-18 21:58:21 - SpotSimulation - INFO - ✓ Top camera render product initialized: 1600×1600
2025-11-18 21:58:21 - SpotSimulation - INFO - Setup complete
2025-11-18 21:58:21 - SpotSimulation - INFO - Starting simulation...
2025-11-18 21:58:21 - SpotSimulation - INFO - Controls: i/k (x), j/l (y), u/o (yaw), ESC (quit)
2025-11-18 21:58:21 - SpotSimulation - INFO - Spot initialized
2025-11-18 21:58:22 - SpotSimulation - DEBUG - Robot pos: [-3.81, 1.48, 0.27], RPY: [-2.27, 5.78, -16.63]°, Cmd vel: [vx=0.00, vy=0.00, yaw=0.00]
2025-11-18 21:58:22 - SpotSimulation - INFO - Box <-> Goal L1 distance: 5.54 m
2025-11-18 21:58:22 - SpotSimulation - DEBUG - Robot pos: [-3.78, 1.47, 0.49], RPY: [-1.44, 14.81, -18.85]°, Cmd vel: [vx=0.00, vy=0.00, yaw=0.00]
2025-11-18 21:58:22 - SpotSimulation - INFO - Box <-> Goal L1 distance: 5.54 m
2025-11-18 21:58:23 - SpotSimulation - DEBUG - Robot pos: [-3.75, 1.45, 0.62], RPY: [4.03, 20.25, -20.45]°, Cmd vel: [vx=0.00, vy=0.00, yaw=0.00]
2025-11-18 21:58:23 - SpotSimulation - INFO - Box <-> Goal L1 distance: 5.53 m
2025-11-18 21:58:23 - SpotSimulation - DEBUG - Robot pos: [-3.72, 1.43, 0.66], RPY: [9.87, 25.14, -22.43]°, Cmd vel: [vx=0.00, vy=0.00, yaw=0.00]
2025-11-18 21:58:23 - SpotSimulation - INFO - Box <-> Goal L1 distance: 5.49 m
2025-11-18 21:58:24 - SpotSimulation - DEBUG - Robot pos: [-3.69, 1.41, 0.61], RPY: [14.89, 29.87, -23.59]°, Cmd vel: [vx=0.00, vy=0.00, yaw=0.00]
2025-11-18 21:58:24 - SpotSimulation - INFO - Box <-> Goal L1 distance: 5.48 m
2025-11-18 21:58:24 - SpotSimulation - DEBUG - Robot pos: [-3.63, 1.40, 0.55], RPY: [0.64, 19.42, -28.32]°, Cmd vel: [vx=0.00, vy=0.00, yaw=0.00]
2025-11-18 21:58:24 - SpotSimulation - INFO - Box <-> Goal L1 distance: 5.49 m
2025-11-18 21:58:25 - SpotSimulation - DEBUG - Robot pos: [-3.58, 1.38, 0.50], RPY: [-0.36, 7.75, -26.20]°, Cmd vel: [vx=0.00, vy=0.00, yaw=0.00]
2025-11-18 21:58:25 - SpotSimulation - INFO - Box <-> Goal L1 distance: 5.49 m
2025-11-18 21:58:25 - SpotSimulation - DEBUG - Robot pos: [-3.54, 1.34, 0.49], RPY: [-1.42, 5.54, -26.20]°, Cmd vel: [vx=0.00, vy=0.00, yaw=0.00]
2025-11-18 21:58:25 - SpotSimulation - INFO - Box <-> Goal L1 distance: 5.49 m
2025-11-18 21:58:26 - SpotSimulation - DEBUG - Robot pos: [-3.52, 1.32, 0.49], RPY: [-2.05, 2.15, -26.81]°, Cmd vel: [vx=0.00, vy=0.00, yaw=0.00]
2025-11-18 21:58:26 - SpotSimulation - INFO - Box <-> Goal L1 distance: 5.49 m
2025-11-18 21:58:26 - SpotSimulation - DEBUG - Robot pos: [-3.51, 1.31, 0.48], RPY: [-1.86, -1.13, -27.42]°, Cmd vel: [vx=0.00, vy=0.00, yaw=0.00]
2025-11-18 21:58:26 - SpotSimulation - INFO - Box <-> Goal L1 distance: 5.49 m
2025-11-18 21:58:27 - SpotSimulation - DEBUG - Robot pos: [-3.50, 1.30, 0.48], RPY: [-0.97, -0.45, -27.85]°, Cmd vel: [vx=0.00, vy=0.00, yaw=0.00]
2025-11-18 21:58:27 - SpotSimulation - INFO - Box <-> Goal L1 distance: 5.49 m
2025-11-18 21:58:27 - SpotSimulation - DEBUG - Robot pos: [-3.50, 1.30, 0.48], RPY: [-0.52, 0.08, -28.21]°, Cmd vel: [vx=0.00, vy=0.00, yaw=0.00]
2025-11-18 21:58:27 - SpotSimulation - INFO - Box <-> Goal L1 distance: 5.49 m
2025-11-18 21:58:28 - SpotSimulation - DEBUG - Robot pos: [-3.49, 1.29, 0.48], RPY: [-0.33, 0.29, -28.51]°, Cmd vel: [vx=0.00, vy=0.00, yaw=0.00]
2025-11-18 21:58:28 - SpotSimulation - INFO - Box <-> Goal L1 distance: 5.49 m
2025-11-18 21:58:28 - SpotSimulation - DEBUG - Robot pos: [-3.49, 1.29, 0.48], RPY: [-0.22, 0.41, -28.76]°, Cmd vel: [vx=0.00, vy=0.00, yaw=0.00]
2025-11-18 21:58:28 - SpotSimulation - INFO - Box <-> Goal L1 distance: 5.49 m
2025-11-18 21:58:29 - SpotSimulation - DEBUG - Robot pos: [-3.48, 1.29, 0.48], RPY: [-0.14, 0.50, -28.99]°, Cmd vel: [vx=0.00, vy=0.00, yaw=0.00]
2025-11-18 21:58:29 - SpotSimulation - INFO - Box <-> Goal L1 distance: 5.49 m
2025-11-18 21:58:29 - SpotSimulation - DEBUG - Robot pos: [-3.48, 1.29, 0.48], RPY: [-0.09, 0.58, -29.20]°, Cmd vel: [vx=0.00, vy=0.00, yaw=0.00]
2025-11-18 21:58:29 - SpotSimulation - INFO - Box <-> Goal L1 distance: 5.49 m
2025-11-18 21:58:30 - SpotSimulation - DEBUG - Robot pos: [-3.48, 1.29, 0.48], RPY: [-0.05, 0.63, -29.40]°, Cmd vel: [vx=0.00, vy=0.00, yaw=0.00]
2025-11-18 21:58:30 - SpotSimulation - INFO - Box <-> Goal L1 distance: 5.49 m
2025-11-18 21:58:30 - SpotSimulation - DEBUG - Robot pos: [-3.48, 1.29, 0.48], RPY: [-0.02, 0.67, -29.59]°, Cmd vel: [vx=0.00, vy=0.00, yaw=0.00]
2025-11-18 21:58:30 - SpotSimulation - INFO - Box <-> Goal L1 distance: 5.49 m
2025-11-18 21:58:31 - SpotSimulation - DEBUG - Robot pos: [-3.48, 1.28, 0.48], RPY: [0.01, 0.70, -29.77]°, Cmd vel: [vx=0.00, vy=0.00, yaw=0.00]
2025-11-18 21:58:31 - SpotSimulation - INFO - Box <-> Goal L1 distance: 5.49 m
2025-11-18 21:58:31 - SpotSimulation - DEBUG - Robot pos: [-3.48, 1.28, 0.48], RPY: [0.03, 0.72, -29.95]°, Cmd vel: [vx=0.00, vy=0.00, yaw=0.00]
2025-11-18 21:58:31 - SpotSimulation - INFO - Box <-> Goal L1 distance: 5.49 m
2025-11-18 21:58:32 - SpotSimulation - DEBUG - Robot pos: [-3.48, 1.28, 0.48], RPY: [0.04, 0.73, -30.12]°, Cmd vel: [vx=0.00, vy=0.00, yaw=0.00]
2025-11-18 21:58:32 - SpotSimulation - INFO - Box <-> Goal L1 distance: 5.49 m
2025-11-18 21:58:32 - SpotSimulation - DEBUG - Robot pos: [-3.48, 1.28, 0.48], RPY: [0.05, 0.75, -30.28]°, Cmd vel: [vx=0.00, vy=0.00, yaw=0.00]
2025-11-18 21:58:32 - SpotSimulation - INFO - Box <-> Goal L1 distance: 5.49 m
2025-11-18 21:58:33 - SpotSimulation - DEBUG - Robot pos: [-3.48, 1.28, 0.48], RPY: [0.06, 0.76, -30.44]°, Cmd vel: [vx=0.00, vy=0.00, yaw=0.00]
2025-11-18 21:58:33 - SpotSimulation - INFO - Box <-> Goal L1 distance: 5.49 m
2025-11-18 21:58:33 - SpotSimulation - DEBUG - Robot pos: [-3.48, 1.28, 0.48], RPY: [0.06, 0.76, -30.60]°, Cmd vel: [vx=0.00, vy=0.00, yaw=0.00]
2025-11-18 21:58:33 - SpotSimulation - INFO - Box <-> Goal L1 distance: 5.49 m
2025-11-18 21:58:34 - SpotSimulation - DEBUG - Robot pos: [-3.48, 1.28, 0.48], RPY: [0.07, 0.77, -30.75]°, Cmd vel: [vx=0.00, vy=0.00, yaw=0.00]
2025-11-18 21:58:34 - SpotSimulation - INFO - Box <-> Goal L1 distance: 5.49 m
2025-11-18 21:58:34 - SpotSimulation - DEBUG - Robot pos: [-3.48, 1.28, 0.48], RPY: [0.07, 0.77, -30.90]°, Cmd vel: [vx=0.00, vy=0.00, yaw=0.00]
2025-11-18 21:58:34 - SpotSimulation - INFO - Box <-> Goal L1 distance: 5.49 m
2025-11-18 21:58:35 - SpotSimulation - DEBUG - Robot pos: [-3.48, 1.28, 0.48], RPY: [0.08, 0.78, -31.04]°, Cmd vel: [vx=0.00, vy=0.00, yaw=0.00]
2025-11-18 21:58:35 - SpotSimulation - INFO - Box <-> Goal L1 distance: 5.49 m
2025-11-18 21:58:35 - SpotSimulation - DEBUG - Robot pos: [-3.48, 1.28, 0.48], RPY: [0.08, 0.78, -31.18]°, Cmd vel: [vx=0.00, vy=0.00, yaw=0.00]
2025-11-18 21:58:35 - SpotSimulation - INFO - Box <-> Goal L1 distance: 5.49 m
2025-11-18 21:58:36 - SpotSimulation - DEBUG - Robot pos: [-3.48, 1.28, 0.48], RPY: [0.08, 0.78, -31.32]°, Cmd vel: [vx=0.00, vy=0.00, yaw=0.00]
2025-11-18 21:58:36 - SpotSimulation - INFO - Box <-> Goal L1 distance: 5.49 m
2025-11-18 21:58:36 - SpotSimulation - DEBUG - Robot pos: [-3.48, 1.28, 0.48], RPY: [0.08, 0.79, -31.46]°, Cmd vel: [vx=0.00, vy=0.00, yaw=0.00]
2025-11-18 21:58:36 - SpotSimulation - INFO - Box <-> Goal L1 distance: 5.49 m
2025-11-18 21:58:37 - SpotSimulation - DEBUG - Robot pos: [-3.48, 1.28, 0.48], RPY: [0.08, 0.79, -31.59]°, Cmd vel: [vx=0.00, vy=0.00, yaw=0.00]
2025-11-18 21:58:37 - SpotSimulation - INFO - Box <-> Goal L1 distance: 5.49 m
2025-11-18 21:58:37 - SpotSimulation - DEBUG - Robot pos: [-3.48, 1.28, 0.48], RPY: [0.08, 0.79, -31.72]°, Cmd vel: [vx=0.00, vy=0.00, yaw=0.00]
2025-11-18 21:58:37 - SpotSimulation - INFO - Box <-> Goal L1 distance: 5.49 m
2025-11-18 21:58:37 - SpotSimulation - DEBUG - Robot pos: [-3.48, 1.28, 0.48], RPY: [0.07, 0.79, -31.85]°, Cmd vel: [vx=0.00, vy=0.00, yaw=0.00]
2025-11-18 21:58:37 - SpotSimulation - INFO - Box <-> Goal L1 distance: 5.49 m
2025-11-18 21:58:38 - SpotSimulation - DEBUG - Robot pos: [-3.48, 1.28, 0.48], RPY: [0.07, 0.79, -31.97]°, Cmd vel: [vx=0.00, vy=0.00, yaw=0.00]
2025-11-18 21:58:38 - SpotSimulation - INFO - Box <-> Goal L1 distance: 5.49 m
2025-11-18 21:58:38 - SpotSimulation - DEBUG - Robot pos: [-3.48, 1.28, 0.48], RPY: [0.07, 0.79, -32.10]°, Cmd vel: [vx=0.00, vy=0.00, yaw=0.00]
2025-11-18 21:58:38 - SpotSimulation - INFO - Box <-> Goal L1 distance: 5.49 m
2025-11-18 21:58:39 - SpotSimulation - DEBUG - Robot pos: [-3.48, 1.28, 0.48], RPY: [0.07, 0.79, -32.22]°, Cmd vel: [vx=0.00, vy=0.00, yaw=0.00]
2025-11-18 21:58:39 - SpotSimulation - INFO - Box <-> Goal L1 distance: 5.49 m
2025-11-18 21:58:39 - SpotSimulation - DEBUG - Robot pos: [-3.48, 1.28, 0.48], RPY: [0.07, 0.79, -32.34]°, Cmd vel: [vx=0.00, vy=0.00, yaw=0.00]
2025-11-18 21:58:39 - SpotSimulation - INFO - Box <-> Goal L1 distance: 5.49 m
2025-11-18 21:58:40 - SpotSimulation - DEBUG - Robot pos: [-3.48, 1.28, 0.48], RPY: [0.06, 0.79, -32.46]°, Cmd vel: [vx=0.00, vy=0.00, yaw=0.00]
2025-11-18 21:58:40 - SpotSimulation - INFO - Box <-> Goal L1 distance: 5.49 m
2025-11-18 21:58:40 - SpotSimulation - DEBUG - Robot pos: [-3.48, 1.28, 0.48], RPY: [0.06, 0.80, -32.57]°, Cmd vel: [vx=0.00, vy=0.00, yaw=0.00]
2025-11-18 21:58:40 - SpotSimulation - INFO - Box <-> Goal L1 distance: 5.49 m
2025-11-18 21:58:40 - SpotSimulation - DEBUG - Robot pos: [-3.48, 1.28, 0.48], RPY: [0.06, 0.80, -32.69]°, Cmd vel: [vx=0.00, vy=0.00, yaw=0.00]
2025-11-18 21:58:40 - SpotSimulation - INFO - Box <-> Goal L1 distance: 5.49 m
2025-11-18 21:58:41 - SpotSimulation - DEBUG - Robot pos: [-3.48, 1.28, 0.48], RPY: [0.06, 0.80, -32.80]°, Cmd vel: [vx=0.00, vy=0.00, yaw=0.00]
2025-11-18 21:58:41 - SpotSimulation - INFO - Box <-> Goal L1 distance: 5.49 m
2025-11-18 21:58:41 - SpotSimulation - DEBUG - Robot pos: [-3.48, 1.28, 0.48], RPY: [0.05, 0.80, -32.92]°, Cmd vel: [vx=0.00, vy=0.00, yaw=0.00]
2025-11-18 21:58:41 - SpotSimulation - INFO - Box <-> Goal L1 distance: 5.49 m
2025-11-18 21:58:42 - SpotSimulation - DEBUG - Robot pos: [-3.48, 1.28, 0.48], RPY: [0.05, 0.80, -33.03]°, Cmd vel: [vx=0.00, vy=0.00, yaw=0.00]
2025-11-18 21:58:42 - SpotSimulation - INFO - Box <-> Goal L1 distance: 5.49 m
2025-11-18 21:58:42 - SpotSimulation - DEBUG - Robot pos: [-3.48, 1.28, 0.48], RPY: [0.05, 0.80, -33.14]°, Cmd vel: [vx=0.00, vy=0.00, yaw=0.00]
2025-11-18 21:58:42 - SpotSimulation - INFO - Box <-> Goal L1 distance: 5.49 m
2025-11-18 21:58:42 - SpotSimulation - DEBUG - Robot pos: [-3.48, 1.28, 0.48], RPY: [0.05, 0.80, -33.25]°, Cmd vel: [vx=0.00, vy=0.00, yaw=0.00]
2025-11-18 21:58:42 - SpotSimulation - INFO - Box <-> Goal L1 distance: 5.49 m
2025-11-18 21:58:43 - SpotSimulation - INFO - First keyboard command received - starting data saving
2025-11-18 21:58:43 - SpotSimulation - INFO - Experiment data saving started
2025-11-18 21:58:43 - SpotSimulation - DEBUG - ✓ Image saved: frame0-0.001-ego.jpg
2025-11-18 21:58:43 - SpotSimulation - DEBUG - ✓ Image saved: frame0-0.001-top.jpg
2025-11-18 21:58:43 - SpotSimulation - DEBUG - Robot pos: [-3.48, 1.28, 0.48], RPY: [0.04, 0.80, -33.36]°, Cmd vel: [vx=0.10, vy=0.00, yaw=0.00]
2025-11-18 21:58:43 - SpotSimulation - INFO - Box <-> Goal L1 distance: 5.49 m
2025-11-18 21:58:43 - SpotSimulation - DEBUG - ✓ Image saved: frame1-0.461-ego.jpg
2025-11-18 21:58:43 - SpotSimulation - DEBUG - ✓ Image saved: frame1-0.461-top.jpg
2025-11-18 21:58:43 - SpotSimulation - DEBUG - Robot pos: [-3.48, 1.28, 0.48], RPY: [0.12, 0.82, -33.48]°, Cmd vel: [vx=0.60, vy=0.00, yaw=0.00]
2025-11-18 21:58:43 - SpotSimulation - INFO - Box <-> Goal L1 distance: 5.49 m
2025-11-18 21:58:44 - SpotSimulation - DEBUG - ✓ Image saved: frame2-0.904-ego.jpg
2025-11-18 21:58:44 - SpotSimulation - DEBUG - ✓ Image saved: frame2-0.904-top.jpg
2025-11-18 21:58:44 - SpotSimulation - DEBUG - Robot pos: [-3.46, 1.27, 0.48], RPY: [0.69, 1.79, -32.93]°, Cmd vel: [vx=1.10, vy=0.00, yaw=0.00]
2025-11-18 21:58:44 - SpotSimulation - INFO - Box <-> Goal L1 distance: 5.49 m
2025-11-18 21:58:44 - SpotSimulation - DEBUG - ✓ Image saved: frame3-1.325-ego.jpg
2025-11-18 21:58:44 - SpotSimulation - DEBUG - ✓ Image saved: frame3-1.325-top.jpg
2025-11-18 21:58:44 - SpotSimulation - DEBUG - Robot pos: [-3.41, 1.24, 0.50], RPY: [0.13, 1.01, -33.30]°, Cmd vel: [vx=1.60, vy=0.00, yaw=-0.60]
2025-11-18 21:58:44 - SpotSimulation - INFO - Box <-> Goal L1 distance: 5.49 m
2025-11-18 21:58:45 - SpotSimulation - DEBUG - ✓ Image saved: frame4-1.748-ego.jpg
2025-11-18 21:58:45 - SpotSimulation - DEBUG - ✓ Image saved: frame4-1.748-top.jpg
2025-11-18 21:58:45 - SpotSimulation - DEBUG - Robot pos: [-3.34, 1.18, 0.51], RPY: [-1.15, 1.95, -36.33]°, Cmd vel: [vx=2.00, vy=0.00, yaw=-1.60]
2025-11-18 21:58:45 - SpotSimulation - INFO - Box <-> Goal L1 distance: 5.49 m
2025-11-18 21:58:45 - SpotSimulation - DEBUG - ✓ Image saved: frame5-2.187-ego.jpg
2025-11-18 21:58:45 - SpotSimulation - DEBUG - ✓ Image saved: frame5-2.187-top.jpg
2025-11-18 21:58:45 - SpotSimulation - DEBUG - Robot pos: [-3.25, 1.11, 0.50], RPY: [0.10, -0.47, -40.52]°, Cmd vel: [vx=2.00, vy=0.00, yaw=-0.12]
2025-11-18 21:58:45 - SpotSimulation - INFO - Box <-> Goal L1 distance: 5.49 m
2025-11-18 21:58:45 - SpotSimulation - DEBUG - ✓ Image saved: frame6-2.620-ego.jpg
2025-11-18 21:58:46 - SpotSimulation - DEBUG - ✓ Image saved: frame6-2.620-top.jpg
2025-11-18 21:58:46 - SpotSimulation - DEBUG - Robot pos: [-3.13, 1.02, 0.49], RPY: [0.56, -1.35, -41.08]°, Cmd vel: [vx=2.00, vy=0.00, yaw=-0.01]
2025-11-18 21:58:46 - SpotSimulation - INFO - Box <-> Goal L1 distance: 5.49 m
2025-11-18 21:58:46 - SpotSimulation - DEBUG - ✓ Image saved: frame7-3.049-ego.jpg
2025-11-18 21:58:46 - SpotSimulation - DEBUG - ✓ Image saved: frame7-3.049-top.jpg
2025-11-18 21:58:46 - SpotSimulation - DEBUG - Robot pos: [-2.99, 0.92, 0.50], RPY: [0.59, 0.55, -40.75]°, Cmd vel: [vx=2.00, vy=0.00, yaw=0.00]
2025-11-18 21:58:46 - SpotSimulation - INFO - Box <-> Goal L1 distance: 5.49 m
2025-11-18 21:58:46 - SpotSimulation - DEBUG - ✓ Image saved: frame8-3.481-ego.jpg
2025-11-18 21:58:46 - SpotSimulation - DEBUG - ✓ Image saved: frame8-3.481-top.jpg
2025-11-18 21:58:46 - SpotSimulation - DEBUG - Robot pos: [-2.85, 0.80, 0.51], RPY: [0.65, -0.36, -40.80]°, Cmd vel: [vx=2.00, vy=0.00, yaw=0.00]
2025-11-18 21:58:46 - SpotSimulation - INFO - Box <-> Goal L1 distance: 5.49 m
2025-11-18 21:58:47 - SpotSimulation - DEBUG - ✓ Image saved: frame9-3.902-ego.jpg
2025-11-18 21:58:47 - SpotSimulation - DEBUG - ✓ Image saved: frame9-3.902-top.jpg
2025-11-18 21:58:47 - SpotSimulation - DEBUG - Robot pos: [-2.69, 0.67, 0.52], RPY: [-0.41, 0.02, -41.28]°, Cmd vel: [vx=2.00, vy=0.00, yaw=0.00]
2025-11-18 21:58:47 - SpotSimulation - INFO - Box <-> Goal L1 distance: 5.49 m
2025-11-18 21:58:47 - SpotSimulation - DEBUG - ✓ Image saved: frame10-4.329-ego.jpg
2025-11-18 21:58:47 - SpotSimulation - DEBUG - ✓ Image saved: frame10-4.329-top.jpg
2025-11-18 21:58:47 - SpotSimulation - DEBUG - Robot pos: [-2.54, 0.53, 0.51], RPY: [-0.32, 0.23, -41.37]°, Cmd vel: [vx=2.00, vy=0.00, yaw=-0.40]
2025-11-18 21:58:47 - SpotSimulation - INFO - Box <-> Goal L1 distance: 5.49 m
2025-11-18 21:58:48 - SpotSimulation - DEBUG - ✓ Image saved: frame11-4.765-ego.jpg
2025-11-18 21:58:48 - SpotSimulation - DEBUG - ✓ Image saved: frame11-4.765-top.jpg
2025-11-18 21:58:48 - SpotSimulation - DEBUG - Robot pos: [-2.39, 0.41, 0.50], RPY: [0.10, -1.60, -42.90]°, Cmd vel: [vx=2.00, vy=0.00, yaw=-0.17]
2025-11-18 21:58:48 - SpotSimulation - INFO - Box <-> Goal L1 distance: 5.49 m
2025-11-18 21:58:48 - SpotSimulation - DEBUG - ✓ Image saved: frame12-5.186-ego.jpg
2025-11-18 21:58:48 - SpotSimulation - DEBUG - ✓ Image saved: frame12-5.186-top.jpg
2025-11-18 21:58:48 - SpotSimulation - DEBUG - Robot pos: [-2.25, 0.27, 0.50], RPY: [-0.04, -1.21, -43.69]°, Cmd vel: [vx=2.00, vy=0.00, yaw=-0.22]
2025-11-18 21:58:48 - SpotSimulation - INFO - Box <-> Goal L1 distance: 5.49 m
2025-11-18 21:58:48 - SpotSimulation - DEBUG - ✓ Image saved: frame13-5.618-ego.jpg
2025-11-18 21:58:49 - SpotSimulation - DEBUG - ✓ Image saved: frame13-5.618-top.jpg
2025-11-18 21:58:49 - SpotSimulation - DEBUG - Robot pos: [-2.11, 0.13, 0.50], RPY: [-0.54, -0.17, -45.25]°, Cmd vel: [vx=2.00, vy=0.00, yaw=-1.22]
2025-11-18 21:58:49 - SpotSimulation - INFO - Box <-> Goal L1 distance: 5.49 m
2025-11-18 21:58:49 - SpotSimulation - DEBUG - ✓ Image saved: frame14-6.057-ego.jpg
2025-11-18 21:58:49 - SpotSimulation - DEBUG - ✓ Image saved: frame14-6.057-top.jpg
2025-11-18 21:58:49 - SpotSimulation - DEBUG - Robot pos: [-1.97, -0.02, 0.50], RPY: [-1.17, -0.03, -49.75]°, Cmd vel: [vx=2.00, vy=0.00, yaw=-0.18]
2025-11-18 21:58:49 - SpotSimulation - INFO - Box <-> Goal L1 distance: 5.49 m
2025-11-18 21:58:49 - SpotSimulation - DEBUG - ✓ Image saved: frame15-6.488-ego.jpg
2025-11-18 21:58:49 - SpotSimulation - DEBUG - ✓ Image saved: frame15-6.488-top.jpg
2025-11-18 21:58:49 - SpotSimulation - DEBUG - Robot pos: [-1.82, -0.18, 0.50], RPY: [-0.25, 0.43, -52.29]°, Cmd vel: [vx=2.00, vy=0.00, yaw=-0.01]
2025-11-18 21:58:49 - SpotSimulation - INFO - Box <-> Goal L1 distance: 5.49 m
2025-11-18 21:58:50 - SpotSimulation - DEBUG - ✓ Image saved: frame16-6.930-ego.jpg
2025-11-18 21:58:50 - SpotSimulation - DEBUG - ✓ Image saved: frame16-6.930-top.jpg
2025-11-18 21:58:50 - SpotSimulation - DEBUG - Robot pos: [-1.70, -0.34, 0.50], RPY: [0.70, -0.36, -52.98]°, Cmd vel: [vx=2.00, vy=0.00, yaw=-0.00]
2025-11-18 21:58:50 - SpotSimulation - INFO - Box <-> Goal L1 distance: 5.49 m
2025-11-18 21:58:50 - SpotSimulation - DEBUG - ✓ Image saved: frame17-7.368-ego.jpg
2025-11-18 21:58:50 - SpotSimulation - DEBUG - ✓ Image saved: frame17-7.368-top.jpg
2025-11-18 21:58:50 - SpotSimulation - DEBUG - Robot pos: [-1.58, -0.51, 0.50], RPY: [2.02, 1.73, -53.16]°, Cmd vel: [vx=2.00, vy=0.00, yaw=0.00]
2025-11-18 21:58:50 - SpotSimulation - INFO - Box <-> Goal L1 distance: 5.49 m
2025-11-18 21:58:51 - SpotSimulation - DEBUG - ✓ Image saved: frame18-7.810-ego.jpg
2025-11-18 21:58:51 - SpotSimulation - DEBUG - ✓ Image saved: frame18-7.810-top.jpg
2025-11-18 21:58:51 - SpotSimulation - DEBUG - Robot pos: [-1.47, -0.67, 0.50], RPY: [1.90, 1.32, -52.86]°, Cmd vel: [vx=2.00, vy=0.00, yaw=0.00]
2025-11-18 21:58:51 - SpotSimulation - INFO - Box <-> Goal L1 distance: 5.49 m
2025-11-18 21:58:51 - SpotSimulation - DEBUG - ✓ Image saved: frame19-8.255-ego.jpg
2025-11-18 21:58:51 - SpotSimulation - DEBUG - ✓ Image saved: frame19-8.255-top.jpg
2025-11-18 21:58:51 - SpotSimulation - DEBUG - Robot pos: [-1.36, -0.83, 0.51], RPY: [-0.30, 0.46, -53.25]°, Cmd vel: [vx=2.00, vy=0.00, yaw=0.00]
2025-11-18 21:58:51 - SpotSimulation - INFO - Box <-> Goal L1 distance: 5.50 m
2025-11-18 21:58:52 - SpotSimulation - DEBUG - ✓ Image saved: frame20-8.713-ego.jpg
2025-11-18 21:58:52 - SpotSimulation - DEBUG - ✓ Image saved: frame20-8.713-top.jpg
2025-11-18 21:58:52 - SpotSimulation - DEBUG - Robot pos: [-1.26, -0.97, 0.51], RPY: [1.05, 0.19, -53.20]°, Cmd vel: [vx=2.00, vy=0.00, yaw=0.00]
2025-11-18 21:58:52 - SpotSimulation - INFO - Box <-> Goal L1 distance: 5.54 m
2025-11-18 21:58:52 - SpotSimulation - DEBUG - ✓ Image saved: frame21-9.159-ego.jpg
2025-11-18 21:58:52 - SpotSimulation - DEBUG - ✓ Image saved: frame21-9.159-top.jpg
2025-11-18 21:58:52 - SpotSimulation - DEBUG - Robot pos: [-1.16, -1.10, 0.50], RPY: [0.87, -1.36, -53.54]°, Cmd vel: [vx=2.00, vy=0.00, yaw=0.00]
2025-11-18 21:58:52 - SpotSimulation - INFO - Box <-> Goal L1 distance: 5.58 m
2025-11-18 21:58:52 - SpotSimulation - DEBUG - ✓ Image saved: frame22-9.602-ego.jpg
2025-11-18 21:58:52 - SpotSimulation - DEBUG - ✓ Image saved: frame22-9.602-top.jpg
2025-11-18 21:58:52 - SpotSimulation - DEBUG - Robot pos: [-1.05, -1.23, 0.50], RPY: [1.87, -1.14, -53.65]°, Cmd vel: [vx=2.00, vy=0.00, yaw=0.00]
2025-11-18 21:58:52 - SpotSimulation - INFO - Box <-> Goal L1 distance: 5.63 m
2025-11-18 21:58:53 - SpotSimulation - DEBUG - ✓ Image saved: frame23-10.028-ego.jpg
2025-11-18 21:58:53 - SpotSimulation - DEBUG - ✓ Image saved: frame23-10.028-top.jpg
2025-11-18 21:58:53 - SpotSimulation - DEBUG - Robot pos: [-0.95, -1.37, 0.51], RPY: [1.51, 0.14, -53.58]°, Cmd vel: [vx=2.00, vy=0.00, yaw=0.00]
2025-11-18 21:58:53 - SpotSimulation - INFO - Box <-> Goal L1 distance: 5.68 m
2025-11-18 21:58:53 - SpotSimulation - DEBUG - ✓ Image saved: frame24-10.481-ego.jpg
2025-11-18 21:58:53 - SpotSimulation - DEBUG - ✓ Image saved: frame24-10.481-top.jpg
2025-11-18 21:58:53 - SpotSimulation - DEBUG - Robot pos: [-0.85, -1.51, 0.51], RPY: [1.07, -0.67, -54.09]°, Cmd vel: [vx=2.00, vy=0.00, yaw=0.00]
2025-11-18 21:58:53 - SpotSimulation - INFO - Box <-> Goal L1 distance: 5.73 m
2025-11-18 21:58:54 - SpotSimulation - DEBUG - ✓ Image saved: frame25-10.928-ego.jpg
2025-11-18 21:58:54 - SpotSimulation - DEBUG - ✓ Image saved: frame25-10.928-top.jpg
2025-11-18 21:58:54 - SpotSimulation - DEBUG - Robot pos: [-0.76, -1.66, 0.51], RPY: [1.38, -0.50, -54.24]°, Cmd vel: [vx=2.00, vy=0.00, yaw=0.00]
2025-11-18 21:58:54 - SpotSimulation - INFO - Box <-> Goal L1 distance: 5.78 m
2025-11-18 21:58:54 - SpotSimulation - DEBUG - ✓ Image saved: frame26-11.385-ego.jpg
2025-11-18 21:58:54 - SpotSimulation - DEBUG - ✓ Image saved: frame26-11.385-top.jpg
2025-11-18 21:58:54 - SpotSimulation - DEBUG - Robot pos: [-0.67, -1.79, 0.51], RPY: [1.40, -1.81, -54.85]°, Cmd vel: [vx=2.00, vy=0.00, yaw=0.00]
2025-11-18 21:58:54 - SpotSimulation - INFO - Box <-> Goal L1 distance: 5.82 m
2025-11-18 21:58:55 - SpotSimulation - DEBUG - ✓ Image saved: frame27-11.826-ego.jpg
2025-11-18 21:58:55 - SpotSimulation - DEBUG - ✓ Image saved: frame27-11.826-top.jpg
2025-11-18 21:58:55 - SpotSimulation - DEBUG - Robot pos: [-0.57, -1.93, 0.50], RPY: [2.14, -1.29, -55.15]°, Cmd vel: [vx=2.00, vy=0.00, yaw=0.00]
2025-11-18 21:58:55 - SpotSimulation - INFO - Box <-> Goal L1 distance: 5.87 m
2025-11-18 21:58:55 - SpotSimulation - DEBUG - ✓ Image saved: frame28-12.286-ego.jpg
2025-11-18 21:58:55 - SpotSimulation - DEBUG - ✓ Image saved: frame28-12.286-top.jpg
2025-11-18 21:58:55 - SpotSimulation - DEBUG - Robot pos: [-0.48, -2.06, 0.51], RPY: [1.26, -0.32, -55.60]°, Cmd vel: [vx=2.00, vy=0.00, yaw=0.00]
2025-11-18 21:58:55 - SpotSimulation - INFO - Box <-> Goal L1 distance: 5.92 m
2025-11-18 21:58:56 - SpotSimulation - DEBUG - ✓ Image saved: frame29-12.732-ego.jpg
2025-11-18 21:58:56 - SpotSimulation - DEBUG - ✓ Image saved: frame29-12.732-top.jpg
2025-11-18 21:58:56 - SpotSimulation - DEBUG - Robot pos: [-0.40, -2.19, 0.52], RPY: [0.75, -0.34, -56.21]°, Cmd vel: [vx=0.98, vy=0.00, yaw=0.00]
2025-11-18 21:58:56 - SpotSimulation - INFO - Box <-> Goal L1 distance: 5.97 m
2025-11-18 21:58:56 - SpotSimulation - DEBUG - ✓ Image saved: frame30-13.193-ego.jpg
2025-11-18 21:58:56 - SpotSimulation - DEBUG - ✓ Image saved: frame30-13.193-top.jpg
2025-11-18 21:58:56 - SpotSimulation - DEBUG - Robot pos: [-0.33, -2.31, 0.51], RPY: [-0.07, 0.08, -56.51]°, Cmd vel: [vx=0.16, vy=0.00, yaw=0.00]
2025-11-18 21:58:56 - SpotSimulation - INFO - Box <-> Goal L1 distance: 6.03 m
2025-11-18 21:58:56 - SpotSimulation - INFO - CSV file closed with 31 frames saved
2025-11-18 21:58:56 - SpotSimulation - DEBUG - Error cleaning up camera annotators: 'HydraTexture' object has no attribute 'split'
2025-11-18 21:58:56 - SpotSimulation - INFO - Cleanup complete
