2025-11-18 21:44:21 - SpotSimulation - INFO - ✓ Terminal logging to file: 251118_214421-NULL/terminal.log
2025-11-18 21:44:21 - SpotSimulation - INFO - Configuration saved: 251118_214421-NULL/config.json
2025-11-18 21:44:21 - SpotSimulation - INFO - CSV file initialized: 251118_214421-NULL/data.csv
2025-11-18 21:44:21 - SpotSimulation - INFO - ✓ Camera 'EgoCamera' created:
2025-11-18 21:44:21 - SpotSimulation - INFO -   Resolution: 1280×800 (aspect ratio: 0.625)
2025-11-18 21:44:21 - SpotSimulation - INFO -   Aperture: H=36.0mm, V=22.50mm
2025-11-18 21:44:21 - SpotSimulation - INFO -   Focal length: 18.0mm
2025-11-18 21:44:21 - SpotSimulation - INFO - Opening robot ego-view viewport...
2025-11-18 21:44:21 - SpotSimulation - INFO - Opening ego viewport: 1280×800 (aspect: 0.625)
2025-11-18 21:44:21 - SpotSimulation - INFO - ✓ Robot ego-view viewport opened
2025-11-18 21:44:21 - SpotSimulation - INFO - Opening top-down viewport...
2025-11-18 21:44:21 - SpotSimulation - INFO - Opening top viewport: 1600×1600 (aspect: 1.000) at (1450, 100)
2025-11-18 21:44:21 - SpotSimulation - INFO - ✓ Top-down viewport opened
2025-11-18 21:44:21 - SpotSimulation - INFO - Creating ego render product: /World/Spot/body/EgoCamera_Prim/EgoCamera @ (1280, 800)
2025-11-18 21:44:21 - SpotSimulation - INFO - ✓ Ego camera render product initialized: 1280×800
2025-11-18 21:44:21 - SpotSimulation - INFO - Creating top render product: /World/TopCamera_Prim/TopCamera @ (1600, 1600)
2025-11-18 21:44:21 - SpotSimulation - INFO - ✓ Top camera render product initialized: 1600×1600
2025-11-18 21:44:21 - SpotSimulation - INFO - Setup complete
2025-11-18 21:44:21 - SpotSimulation - INFO - Starting simulation...
2025-11-18 21:44:21 - SpotSimulation - INFO - Controls: i/k (x), j/l (y), u/o (yaw), ESC (quit)
2025-11-18 21:44:21 - SpotSimulation - INFO - Spot initialized
2025-11-18 21:44:22 - SpotSimulation - DEBUG - Robot pos: [-3.06, 0.23, 0.27], RPY: [-2.16, 7.26, -28.33]°, Cmd vel: [vx=0.00, vy=0.00, yaw=0.00]
2025-11-18 21:44:22 - SpotSimulation - INFO - Box <-> Goal L1 distance: 8.19 m
2025-11-18 21:44:23 - SpotSimulation - DEBUG - Robot pos: [-3.03, 0.21, 0.49], RPY: [-0.65, 16.42, -30.52]°, Cmd vel: [vx=0.00, vy=0.00, yaw=0.00]
2025-11-18 21:44:23 - SpotSimulation - INFO - Box <-> Goal L1 distance: 8.23 m
2025-11-18 21:44:23 - SpotSimulation - DEBUG - Robot pos: [-3.00, 0.18, 0.61], RPY: [6.25, 22.19, -31.79]°, Cmd vel: [vx=0.00, vy=0.00, yaw=0.00]
2025-11-18 21:44:23 - SpotSimulation - INFO - Box <-> Goal L1 distance: 8.24 m
2025-11-18 21:44:24 - SpotSimulation - DEBUG - Robot pos: [-2.97, 0.15, 0.65], RPY: [12.73, 27.27, -33.79]°, Cmd vel: [vx=0.00, vy=0.00, yaw=0.00]
2025-11-18 21:44:24 - SpotSimulation - INFO - Box <-> Goal L1 distance: 8.22 m
2025-11-18 21:44:24 - SpotSimulation - DEBUG - Robot pos: [-2.94, 0.12, 0.60], RPY: [14.99, 31.29, -35.18]°, Cmd vel: [vx=0.00, vy=0.00, yaw=0.00]
2025-11-18 21:44:24 - SpotSimulation - INFO - Box <-> Goal L1 distance: 8.21 m
2025-11-18 21:44:25 - SpotSimulation - DEBUG - Robot pos: [-2.88, 0.09, 0.54], RPY: [1.51, 19.07, -39.00]°, Cmd vel: [vx=0.00, vy=0.00, yaw=0.00]
2025-11-18 21:44:25 - SpotSimulation - INFO - Box <-> Goal L1 distance: 8.21 m
2025-11-18 21:44:25 - SpotSimulation - DEBUG - Robot pos: [-2.83, 0.05, 0.49], RPY: [-1.53, 6.91, -38.50]°, Cmd vel: [vx=0.00, vy=0.00, yaw=0.00]
2025-11-18 21:44:25 - SpotSimulation - INFO - Box <-> Goal L1 distance: 8.21 m
2025-11-18 21:44:26 - SpotSimulation - DEBUG - Robot pos: [-2.78, 0.04, 0.47], RPY: [-2.47, 4.47, -38.70]°, Cmd vel: [vx=0.00, vy=0.00, yaw=0.00]
2025-11-18 21:44:26 - SpotSimulation - INFO - Box <-> Goal L1 distance: 8.21 m
2025-11-18 21:44:26 - SpotSimulation - DEBUG - Robot pos: [-2.73, 0.03, 0.47], RPY: [-1.80, 3.58, -38.68]°, Cmd vel: [vx=0.00, vy=0.00, yaw=0.00]
2025-11-18 21:44:26 - SpotSimulation - INFO - Box <-> Goal L1 distance: 8.21 m
2025-11-18 21:44:27 - SpotSimulation - DEBUG - Robot pos: [-2.70, 0.03, 0.48], RPY: [-0.82, 1.88, -38.53]°, Cmd vel: [vx=0.00, vy=0.00, yaw=0.00]
2025-11-18 21:44:27 - SpotSimulation - INFO - Box <-> Goal L1 distance: 8.21 m
2025-11-18 21:44:27 - SpotSimulation - DEBUG - Robot pos: [-2.68, 0.03, 0.49], RPY: [0.09, 0.04, -38.74]°, Cmd vel: [vx=0.00, vy=0.00, yaw=0.00]
2025-11-18 21:44:27 - SpotSimulation - INFO - Box <-> Goal L1 distance: 8.21 m
2025-11-18 21:44:28 - SpotSimulation - DEBUG - Robot pos: [-2.68, 0.03, 0.49], RPY: [0.25, -0.06, -39.04]°, Cmd vel: [vx=0.00, vy=0.00, yaw=0.00]
2025-11-18 21:44:28 - SpotSimulation - INFO - Box <-> Goal L1 distance: 8.21 m
2025-11-18 21:44:28 - SpotSimulation - DEBUG - Robot pos: [-2.68, 0.03, 0.49], RPY: [0.23, 0.20, -39.22]°, Cmd vel: [vx=0.00, vy=0.00, yaw=0.00]
2025-11-18 21:44:28 - SpotSimulation - INFO - Box <-> Goal L1 distance: 8.21 m
2025-11-18 21:44:29 - SpotSimulation - DEBUG - Robot pos: [-2.67, 0.03, 0.49], RPY: [0.19, 0.40, -39.37]°, Cmd vel: [vx=0.00, vy=0.00, yaw=0.00]
2025-11-18 21:44:29 - SpotSimulation - INFO - Box <-> Goal L1 distance: 8.21 m
2025-11-18 21:44:30 - SpotSimulation - DEBUG - Robot pos: [-2.67, 0.03, 0.49], RPY: [0.16, 0.49, -39.53]°, Cmd vel: [vx=0.00, vy=0.00, yaw=0.00]
2025-11-18 21:44:30 - SpotSimulation - INFO - Box <-> Goal L1 distance: 8.21 m
2025-11-18 21:44:30 - SpotSimulation - DEBUG - Robot pos: [-2.67, 0.03, 0.49], RPY: [0.14, 0.50, -39.69]°, Cmd vel: [vx=0.00, vy=0.00, yaw=0.00]
2025-11-18 21:44:30 - SpotSimulation - INFO - Box <-> Goal L1 distance: 8.21 m
2025-11-18 21:44:31 - SpotSimulation - DEBUG - Robot pos: [-2.67, 0.03, 0.49], RPY: [0.14, 0.50, -39.86]°, Cmd vel: [vx=0.00, vy=0.00, yaw=0.00]
2025-11-18 21:44:31 - SpotSimulation - INFO - Box <-> Goal L1 distance: 8.21 m
2025-11-18 21:44:31 - SpotSimulation - DEBUG - Robot pos: [-2.67, 0.03, 0.49], RPY: [0.14, 0.50, -40.02]°, Cmd vel: [vx=0.00, vy=0.00, yaw=0.00]
2025-11-18 21:44:31 - SpotSimulation - INFO - Box <-> Goal L1 distance: 8.21 m
2025-11-18 21:44:32 - SpotSimulation - DEBUG - Robot pos: [-2.68, 0.03, 0.49], RPY: [0.15, 0.50, -40.17]°, Cmd vel: [vx=0.00, vy=0.00, yaw=0.00]
2025-11-18 21:44:32 - SpotSimulation - INFO - Box <-> Goal L1 distance: 8.21 m
2025-11-18 21:44:32 - SpotSimulation - DEBUG - Robot pos: [-2.68, 0.03, 0.49], RPY: [0.15, 0.50, -40.32]°, Cmd vel: [vx=0.00, vy=0.00, yaw=0.00]
2025-11-18 21:44:32 - SpotSimulation - INFO - Box <-> Goal L1 distance: 8.21 m
2025-11-18 21:44:33 - SpotSimulation - DEBUG - Robot pos: [-2.68, 0.03, 0.49], RPY: [0.15, 0.50, -40.47]°, Cmd vel: [vx=0.00, vy=0.00, yaw=0.00]
2025-11-18 21:44:33 - SpotSimulation - INFO - Box <-> Goal L1 distance: 8.21 m
2025-11-18 21:44:33 - SpotSimulation - DEBUG - Robot pos: [-2.68, 0.03, 0.49], RPY: [0.16, 0.50, -40.62]°, Cmd vel: [vx=0.00, vy=0.00, yaw=0.00]
2025-11-18 21:44:33 - SpotSimulation - INFO - Box <-> Goal L1 distance: 8.21 m
2025-11-18 21:44:34 - SpotSimulation - DEBUG - Robot pos: [-2.68, 0.04, 0.49], RPY: [0.16, 0.50, -40.76]°, Cmd vel: [vx=0.00, vy=0.00, yaw=0.00]
2025-11-18 21:44:34 - SpotSimulation - INFO - Box <-> Goal L1 distance: 8.21 m
2025-11-18 21:44:35 - SpotSimulation - DEBUG - Robot pos: [-2.68, 0.04, 0.49], RPY: [0.16, 0.50, -40.90]°, Cmd vel: [vx=0.00, vy=0.00, yaw=0.00]
2025-11-18 21:44:35 - SpotSimulation - INFO - Box <-> Goal L1 distance: 8.21 m
2025-11-18 21:44:35 - SpotSimulation - DEBUG - Robot pos: [-2.68, 0.04, 0.49], RPY: [0.16, 0.50, -41.04]°, Cmd vel: [vx=0.00, vy=0.00, yaw=0.00]
2025-11-18 21:44:35 - SpotSimulation - INFO - Box <-> Goal L1 distance: 8.21 m
2025-11-18 21:44:36 - SpotSimulation - DEBUG - Robot pos: [-2.68, 0.04, 0.49], RPY: [0.15, 0.51, -41.18]°, Cmd vel: [vx=0.00, vy=0.00, yaw=0.00]
2025-11-18 21:44:36 - SpotSimulation - INFO - Box <-> Goal L1 distance: 8.21 m
2025-11-18 21:44:36 - SpotSimulation - DEBUG - Robot pos: [-2.68, 0.04, 0.49], RPY: [0.15, 0.51, -41.31]°, Cmd vel: [vx=0.00, vy=0.00, yaw=0.00]
2025-11-18 21:44:36 - SpotSimulation - INFO - Box <-> Goal L1 distance: 8.21 m
2025-11-18 21:44:37 - SpotSimulation - DEBUG - Robot pos: [-2.68, 0.04, 0.49], RPY: [0.15, 0.51, -41.45]°, Cmd vel: [vx=0.00, vy=0.00, yaw=0.00]
2025-11-18 21:44:37 - SpotSimulation - INFO - Box <-> Goal L1 distance: 8.21 m
2025-11-18 21:44:37 - SpotSimulation - DEBUG - Robot pos: [-2.68, 0.04, 0.49], RPY: [0.15, 0.51, -41.58]°, Cmd vel: [vx=0.00, vy=0.00, yaw=0.00]
2025-11-18 21:44:37 - SpotSimulation - INFO - Box <-> Goal L1 distance: 8.21 m
2025-11-18 21:44:38 - SpotSimulation - DEBUG - Robot pos: [-2.68, 0.04, 0.49], RPY: [0.15, 0.51, -41.71]°, Cmd vel: [vx=0.00, vy=0.00, yaw=0.00]
2025-11-18 21:44:38 - SpotSimulation - INFO - Box <-> Goal L1 distance: 8.21 m
2025-11-18 21:44:38 - SpotSimulation - DEBUG - Robot pos: [-2.68, 0.04, 0.49], RPY: [0.15, 0.51, -41.84]°, Cmd vel: [vx=0.00, vy=0.00, yaw=0.00]
2025-11-18 21:44:38 - SpotSimulation - INFO - Box <-> Goal L1 distance: 8.21 m
2025-11-18 21:44:39 - SpotSimulation - DEBUG - Robot pos: [-2.68, 0.04, 0.49], RPY: [0.14, 0.51, -41.97]°, Cmd vel: [vx=0.00, vy=0.00, yaw=0.00]
2025-11-18 21:44:39 - SpotSimulation - INFO - Box <-> Goal L1 distance: 8.21 m
2025-11-18 21:44:39 - SpotSimulation - DEBUG - Robot pos: [-2.68, 0.04, 0.49], RPY: [0.14, 0.51, -42.09]°, Cmd vel: [vx=0.00, vy=0.00, yaw=0.00]
2025-11-18 21:44:39 - SpotSimulation - INFO - Box <-> Goal L1 distance: 8.21 m
2025-11-18 21:44:40 - SpotSimulation - DEBUG - Robot pos: [-2.68, 0.04, 0.49], RPY: [0.14, 0.51, -42.22]°, Cmd vel: [vx=0.00, vy=0.00, yaw=0.00]
2025-11-18 21:44:40 - SpotSimulation - INFO - Box <-> Goal L1 distance: 8.21 m
2025-11-18 21:44:40 - SpotSimulation - DEBUG - Robot pos: [-2.68, 0.04, 0.49], RPY: [0.14, 0.51, -42.35]°, Cmd vel: [vx=0.00, vy=0.00, yaw=0.00]
2025-11-18 21:44:40 - SpotSimulation - INFO - Box <-> Goal L1 distance: 8.21 m
2025-11-18 21:44:41 - SpotSimulation - DEBUG - Robot pos: [-2.68, 0.04, 0.49], RPY: [0.14, 0.51, -42.47]°, Cmd vel: [vx=0.00, vy=0.00, yaw=0.00]
2025-11-18 21:44:41 - SpotSimulation - INFO - Box <-> Goal L1 distance: 8.21 m
2025-11-18 21:44:41 - SpotSimulation - DEBUG - Robot pos: [-2.68, 0.04, 0.49], RPY: [0.14, 0.51, -42.59]°, Cmd vel: [vx=0.00, vy=0.00, yaw=0.00]
2025-11-18 21:44:41 - SpotSimulation - INFO - Box <-> Goal L1 distance: 8.21 m
2025-11-18 21:44:41 - SpotSimulation - DEBUG - Robot pos: [-2.68, 0.04, 0.48], RPY: [0.14, 0.51, -42.71]°, Cmd vel: [vx=0.00, vy=0.00, yaw=0.00]
2025-11-18 21:44:41 - SpotSimulation - INFO - Box <-> Goal L1 distance: 8.21 m
2025-11-18 21:44:42 - SpotSimulation - DEBUG - Robot pos: [-2.68, 0.04, 0.48], RPY: [0.13, 0.51, -42.84]°, Cmd vel: [vx=0.00, vy=0.00, yaw=0.00]
2025-11-18 21:44:42 - SpotSimulation - INFO - Box <-> Goal L1 distance: 8.21 m
2025-11-18 21:44:42 - SpotSimulation - DEBUG - Robot pos: [-2.68, 0.04, 0.48], RPY: [0.13, 0.51, -42.96]°, Cmd vel: [vx=0.00, vy=0.00, yaw=0.00]
2025-11-18 21:44:42 - SpotSimulation - INFO - Box <-> Goal L1 distance: 8.21 m
2025-11-18 21:44:43 - SpotSimulation - DEBUG - Robot pos: [-2.68, 0.04, 0.48], RPY: [0.13, 0.51, -43.08]°, Cmd vel: [vx=0.00, vy=0.00, yaw=0.00]
2025-11-18 21:44:43 - SpotSimulation - INFO - Box <-> Goal L1 distance: 8.21 m
2025-11-18 21:44:43 - SpotSimulation - DEBUG - Robot pos: [-2.68, 0.04, 0.48], RPY: [0.13, 0.52, -43.20]°, Cmd vel: [vx=0.00, vy=0.00, yaw=0.00]
2025-11-18 21:44:43 - SpotSimulation - INFO - Box <-> Goal L1 distance: 8.21 m
2025-11-18 21:44:43 - SpotSimulation - DEBUG - Robot pos: [-2.68, 0.04, 0.48], RPY: [0.13, 0.52, -43.32]°, Cmd vel: [vx=0.00, vy=0.00, yaw=0.00]
2025-11-18 21:44:43 - SpotSimulation - INFO - Box <-> Goal L1 distance: 8.21 m
2025-11-18 21:44:44 - SpotSimulation - DEBUG - Robot pos: [-2.68, 0.04, 0.48], RPY: [0.13, 0.52, -43.44]°, Cmd vel: [vx=0.00, vy=0.00, yaw=0.00]
2025-11-18 21:44:44 - SpotSimulation - INFO - Box <-> Goal L1 distance: 8.21 m
2025-11-18 21:44:44 - SpotSimulation - DEBUG - Robot pos: [-2.68, 0.04, 0.48], RPY: [0.12, 0.52, -43.55]°, Cmd vel: [vx=0.00, vy=0.00, yaw=0.00]
2025-11-18 21:44:44 - SpotSimulation - INFO - Box <-> Goal L1 distance: 8.21 m
2025-11-18 21:44:45 - SpotSimulation - DEBUG - Robot pos: [-2.68, 0.04, 0.48], RPY: [0.12, 0.52, -43.67]°, Cmd vel: [vx=0.00, vy=0.00, yaw=0.00]
2025-11-18 21:44:45 - SpotSimulation - INFO - Box <-> Goal L1 distance: 8.21 m
2025-11-18 21:44:45 - SpotSimulation - DEBUG - Robot pos: [-2.68, 0.04, 0.48], RPY: [0.12, 0.51, -43.79]°, Cmd vel: [vx=0.00, vy=0.00, yaw=0.00]
2025-11-18 21:44:45 - SpotSimulation - INFO - Box <-> Goal L1 distance: 8.21 m
2025-11-18 21:44:45 - SpotSimulation - DEBUG - Robot pos: [-2.68, 0.04, 0.48], RPY: [0.12, 0.51, -43.91]°, Cmd vel: [vx=0.00, vy=0.00, yaw=0.00]
2025-11-18 21:44:45 - SpotSimulation - INFO - Box <-> Goal L1 distance: 8.21 m
2025-11-18 21:44:46 - SpotSimulation - DEBUG - Robot pos: [-2.68, 0.04, 0.48], RPY: [0.12, 0.51, -44.03]°, Cmd vel: [vx=0.00, vy=0.00, yaw=0.00]
2025-11-18 21:44:46 - SpotSimulation - INFO - Box <-> Goal L1 distance: 8.21 m
2025-11-18 21:44:46 - SpotSimulation - DEBUG - Robot pos: [-2.68, 0.04, 0.48], RPY: [0.12, 0.51, -44.15]°, Cmd vel: [vx=0.00, vy=0.00, yaw=0.00]
2025-11-18 21:44:46 - SpotSimulation - INFO - Box <-> Goal L1 distance: 8.21 m
2025-11-18 21:44:47 - SpotSimulation - DEBUG - Robot pos: [-2.68, 0.04, 0.48], RPY: [0.12, 0.51, -44.26]°, Cmd vel: [vx=0.00, vy=0.00, yaw=0.00]
2025-11-18 21:44:47 - SpotSimulation - INFO - Box <-> Goal L1 distance: 8.21 m
2025-11-18 21:44:47 - SpotSimulation - DEBUG - Robot pos: [-2.68, 0.04, 0.48], RPY: [0.11, 0.51, -44.38]°, Cmd vel: [vx=0.00, vy=0.00, yaw=0.00]
2025-11-18 21:44:47 - SpotSimulation - INFO - Box <-> Goal L1 distance: 8.21 m
2025-11-18 21:44:48 - SpotSimulation - DEBUG - Robot pos: [-2.68, 0.04, 0.48], RPY: [0.11, 0.51, -44.50]°, Cmd vel: [vx=0.00, vy=0.00, yaw=0.00]
2025-11-18 21:44:48 - SpotSimulation - INFO - Box <-> Goal L1 distance: 8.21 m
2025-11-18 21:44:48 - SpotSimulation - DEBUG - Robot pos: [-2.68, 0.04, 0.48], RPY: [0.11, 0.51, -44.62]°, Cmd vel: [vx=0.00, vy=0.00, yaw=0.00]
2025-11-18 21:44:48 - SpotSimulation - INFO - Box <-> Goal L1 distance: 8.21 m
2025-11-18 21:44:48 - SpotSimulation - DEBUG - Robot pos: [-2.68, 0.04, 0.48], RPY: [0.11, 0.51, -44.73]°, Cmd vel: [vx=0.00, vy=0.00, yaw=0.00]
2025-11-18 21:44:48 - SpotSimulation - INFO - Box <-> Goal L1 distance: 8.21 m
2025-11-18 21:44:49 - SpotSimulation - DEBUG - Robot pos: [-2.68, 0.04, 0.48], RPY: [0.11, 0.51, -44.85]°, Cmd vel: [vx=0.00, vy=0.00, yaw=0.00]
2025-11-18 21:44:49 - SpotSimulation - INFO - Box <-> Goal L1 distance: 8.21 m
2025-11-18 21:44:49 - SpotSimulation - DEBUG - Robot pos: [-2.68, 0.04, 0.48], RPY: [0.11, 0.51, -44.97]°, Cmd vel: [vx=0.00, vy=0.00, yaw=0.00]
2025-11-18 21:44:49 - SpotSimulation - INFO - Box <-> Goal L1 distance: 8.21 m
2025-11-18 21:44:50 - SpotSimulation - DEBUG - Robot pos: [-2.68, 0.04, 0.48], RPY: [0.10, 0.51, -45.09]°, Cmd vel: [vx=0.00, vy=0.00, yaw=0.00]
2025-11-18 21:44:50 - SpotSimulation - INFO - Box <-> Goal L1 distance: 8.21 m
2025-11-18 21:44:50 - SpotSimulation - DEBUG - Robot pos: [-2.68, 0.04, 0.48], RPY: [0.10, 0.50, -45.21]°, Cmd vel: [vx=0.00, vy=0.00, yaw=0.00]
2025-11-18 21:44:50 - SpotSimulation - INFO - Box <-> Goal L1 distance: 8.21 m
2025-11-18 21:44:51 - SpotSimulation - DEBUG - Robot pos: [-2.68, 0.04, 0.48], RPY: [0.10, 0.50, -45.33]°, Cmd vel: [vx=0.00, vy=0.00, yaw=0.00]
2025-11-18 21:44:51 - SpotSimulation - INFO - Box <-> Goal L1 distance: 8.21 m
2025-11-18 21:44:51 - SpotSimulation - DEBUG - Robot pos: [-2.68, 0.04, 0.48], RPY: [0.10, 0.50, -45.45]°, Cmd vel: [vx=0.00, vy=0.00, yaw=0.00]
2025-11-18 21:44:51 - SpotSimulation - INFO - Box <-> Goal L1 distance: 8.21 m
2025-11-18 21:44:52 - SpotSimulation - DEBUG - Robot pos: [-2.68, 0.04, 0.48], RPY: [0.10, 0.50, -45.58]°, Cmd vel: [vx=0.00, vy=0.00, yaw=0.00]
2025-11-18 21:44:52 - SpotSimulation - INFO - Box <-> Goal L1 distance: 8.21 m
2025-11-18 21:44:52 - SpotSimulation - DEBUG - Robot pos: [-2.68, 0.04, 0.48], RPY: [0.09, 0.50, -45.70]°, Cmd vel: [vx=0.00, vy=0.00, yaw=0.00]
2025-11-18 21:44:52 - SpotSimulation - INFO - Box <-> Goal L1 distance: 8.21 m
2025-11-18 21:44:53 - SpotSimulation - DEBUG - Robot pos: [-2.68, 0.04, 0.48], RPY: [0.09, 0.49, -45.82]°, Cmd vel: [vx=0.00, vy=0.00, yaw=0.00]
2025-11-18 21:44:53 - SpotSimulation - INFO - Box <-> Goal L1 distance: 8.21 m
2025-11-18 21:44:53 - SpotSimulation - DEBUG - Robot pos: [-2.69, 0.04, 0.48], RPY: [0.09, 0.49, -45.95]°, Cmd vel: [vx=0.00, vy=0.00, yaw=0.00]
2025-11-18 21:44:53 - SpotSimulation - INFO - Box <-> Goal L1 distance: 8.21 m
2025-11-18 21:44:53 - SpotSimulation - DEBUG - Robot pos: [-2.69, 0.04, 0.48], RPY: [0.09, 0.49, -46.07]°, Cmd vel: [vx=0.00, vy=0.00, yaw=0.00]
2025-11-18 21:44:53 - SpotSimulation - INFO - Box <-> Goal L1 distance: 8.21 m
2025-11-18 21:44:54 - SpotSimulation - DEBUG - Robot pos: [-2.69, 0.04, 0.48], RPY: [0.09, 0.49, -46.20]°, Cmd vel: [vx=0.00, vy=0.00, yaw=0.00]
2025-11-18 21:44:54 - SpotSimulation - INFO - Box <-> Goal L1 distance: 8.21 m
2025-11-18 21:44:54 - SpotSimulation - DEBUG - Robot pos: [-2.69, 0.04, 0.48], RPY: [0.08, 0.48, -46.33]°, Cmd vel: [vx=0.00, vy=0.00, yaw=0.00]
2025-11-18 21:44:54 - SpotSimulation - INFO - Box <-> Goal L1 distance: 8.21 m
2025-11-18 21:44:54 - SpotSimulation - DEBUG - Robot pos: [-2.69, 0.04, 0.48], RPY: [0.08, 0.48, -46.46]°, Cmd vel: [vx=0.00, vy=0.00, yaw=0.00]
2025-11-18 21:44:54 - SpotSimulation - INFO - Box <-> Goal L1 distance: 8.21 m
2025-11-18 21:44:55 - SpotSimulation - DEBUG - Robot pos: [-2.69, 0.04, 0.48], RPY: [0.08, 0.48, -46.58]°, Cmd vel: [vx=0.00, vy=0.00, yaw=0.00]
2025-11-18 21:44:55 - SpotSimulation - INFO - Box <-> Goal L1 distance: 8.21 m
2025-11-18 21:44:55 - SpotSimulation - DEBUG - Robot pos: [-2.69, 0.04, 0.48], RPY: [0.08, 0.47, -46.71]°, Cmd vel: [vx=0.00, vy=0.00, yaw=0.00]
2025-11-18 21:44:55 - SpotSimulation - INFO - Box <-> Goal L1 distance: 8.21 m
2025-11-18 21:44:56 - SpotSimulation - DEBUG - Robot pos: [-2.69, 0.04, 0.48], RPY: [0.07, 0.47, -46.85]°, Cmd vel: [vx=0.00, vy=0.00, yaw=0.00]
2025-11-18 21:44:56 - SpotSimulation - INFO - Box <-> Goal L1 distance: 8.21 m
2025-11-18 21:44:56 - SpotSimulation - DEBUG - Robot pos: [-2.69, 0.05, 0.48], RPY: [0.07, 0.46, -46.98]°, Cmd vel: [vx=0.00, vy=0.00, yaw=0.00]
2025-11-18 21:44:56 - SpotSimulation - INFO - Box <-> Goal L1 distance: 8.21 m
2025-11-18 21:44:56 - SpotSimulation - DEBUG - Robot pos: [-2.69, 0.05, 0.48], RPY: [0.07, 0.46, -47.12]°, Cmd vel: [vx=0.00, vy=0.00, yaw=0.00]
2025-11-18 21:44:56 - SpotSimulation - INFO - Box <-> Goal L1 distance: 8.21 m
2025-11-18 21:44:57 - SpotSimulation - DEBUG - Robot pos: [-2.69, 0.05, 0.48], RPY: [0.06, 0.45, -47.25]°, Cmd vel: [vx=0.00, vy=0.00, yaw=0.00]
2025-11-18 21:44:57 - SpotSimulation - INFO - Box <-> Goal L1 distance: 8.21 m
2025-11-18 21:44:57 - SpotSimulation - DEBUG - Robot pos: [-2.69, 0.05, 0.48], RPY: [0.06, 0.45, -47.39]°, Cmd vel: [vx=0.00, vy=0.00, yaw=0.00]
2025-11-18 21:44:57 - SpotSimulation - INFO - Box <-> Goal L1 distance: 8.21 m
2025-11-18 21:44:58 - SpotSimulation - DEBUG - Robot pos: [-2.69, 0.05, 0.48], RPY: [0.05, 0.44, -47.53]°, Cmd vel: [vx=0.00, vy=0.00, yaw=0.00]
2025-11-18 21:44:58 - SpotSimulation - INFO - Box <-> Goal L1 distance: 8.21 m
2025-11-18 21:44:58 - SpotSimulation - DEBUG - Robot pos: [-2.69, 0.05, 0.48], RPY: [0.05, 0.44, -47.67]°, Cmd vel: [vx=0.00, vy=0.00, yaw=0.00]
2025-11-18 21:44:58 - SpotSimulation - INFO - Box <-> Goal L1 distance: 8.21 m
2025-11-18 21:44:58 - SpotSimulation - DEBUG - Robot pos: [-2.69, 0.05, 0.48], RPY: [0.05, 0.43, -47.82]°, Cmd vel: [vx=0.00, vy=0.00, yaw=0.00]
2025-11-18 21:44:58 - SpotSimulation - INFO - Box <-> Goal L1 distance: 8.21 m
2025-11-18 21:44:59 - SpotSimulation - DEBUG - Robot pos: [-2.69, 0.05, 0.48], RPY: [0.04, 0.43, -47.96]°, Cmd vel: [vx=0.00, vy=0.00, yaw=0.00]
2025-11-18 21:44:59 - SpotSimulation - INFO - Box <-> Goal L1 distance: 8.21 m
2025-11-18 21:44:59 - SpotSimulation - DEBUG - Robot pos: [-2.69, 0.05, 0.48], RPY: [0.03, 0.42, -48.11]°, Cmd vel: [vx=0.00, vy=0.00, yaw=0.00]
2025-11-18 21:44:59 - SpotSimulation - INFO - Box <-> Goal L1 distance: 8.21 m
2025-11-18 21:45:00 - SpotSimulation - DEBUG - Robot pos: [-2.69, 0.05, 0.48], RPY: [0.03, 0.41, -48.26]°, Cmd vel: [vx=0.00, vy=0.00, yaw=0.00]
2025-11-18 21:45:00 - SpotSimulation - INFO - Box <-> Goal L1 distance: 8.21 m
2025-11-18 21:45:00 - SpotSimulation - DEBUG - Robot pos: [-2.69, 0.05, 0.48], RPY: [0.02, 0.41, -48.42]°, Cmd vel: [vx=0.00, vy=0.00, yaw=0.00]
2025-11-18 21:45:00 - SpotSimulation - INFO - Box <-> Goal L1 distance: 8.21 m
2025-11-18 21:45:00 - SpotSimulation - DEBUG - Robot pos: [-2.69, 0.05, 0.48], RPY: [0.02, 0.40, -48.57]°, Cmd vel: [vx=0.00, vy=0.00, yaw=0.00]
2025-11-18 21:45:00 - SpotSimulation - INFO - Box <-> Goal L1 distance: 8.21 m
2025-11-18 21:45:01 - SpotSimulation - DEBUG - Robot pos: [-2.69, 0.05, 0.48], RPY: [0.01, 0.39, -48.73]°, Cmd vel: [vx=0.00, vy=0.00, yaw=0.00]
2025-11-18 21:45:01 - SpotSimulation - INFO - Box <-> Goal L1 distance: 8.21 m
2025-11-18 21:45:01 - SpotSimulation - DEBUG - Robot pos: [-2.69, 0.05, 0.48], RPY: [0.01, 0.38, -48.89]°, Cmd vel: [vx=0.00, vy=0.00, yaw=0.00]
2025-11-18 21:45:01 - SpotSimulation - INFO - Box <-> Goal L1 distance: 8.21 m
2025-11-18 21:45:01 - SpotSimulation - DEBUG - Robot pos: [-2.69, 0.05, 0.48], RPY: [0.00, 0.37, -49.06]°, Cmd vel: [vx=0.00, vy=0.00, yaw=0.00]
2025-11-18 21:45:01 - SpotSimulation - INFO - Box <-> Goal L1 distance: 8.21 m
2025-11-18 21:45:02 - SpotSimulation - DEBUG - Robot pos: [-2.69, 0.05, 0.48], RPY: [-0.01, 0.36, -49.23]°, Cmd vel: [vx=0.00, vy=0.00, yaw=0.00]
2025-11-18 21:45:02 - SpotSimulation - INFO - Box <-> Goal L1 distance: 8.21 m
2025-11-18 21:45:02 - SpotSimulation - DEBUG - Robot pos: [-2.69, 0.05, 0.48], RPY: [-0.01, 0.35, -49.40]°, Cmd vel: [vx=0.00, vy=0.00, yaw=0.00]
2025-11-18 21:45:02 - SpotSimulation - INFO - Box <-> Goal L1 distance: 8.21 m
2025-11-18 21:45:03 - SpotSimulation - DEBUG - Robot pos: [-2.69, 0.05, 0.48], RPY: [-0.02, 0.34, -49.57]°, Cmd vel: [vx=0.00, vy=0.00, yaw=0.00]
2025-11-18 21:45:03 - SpotSimulation - INFO - Box <-> Goal L1 distance: 8.21 m
2025-11-18 21:45:03 - SpotSimulation - DEBUG - Robot pos: [-2.69, 0.05, 0.48], RPY: [-0.03, 0.33, -49.75]°, Cmd vel: [vx=0.00, vy=0.00, yaw=0.00]
2025-11-18 21:45:03 - SpotSimulation - INFO - Box <-> Goal L1 distance: 8.21 m
2025-11-18 21:45:03 - SpotSimulation - DEBUG - Robot pos: [-2.69, 0.05, 0.48], RPY: [-0.04, 0.31, -49.94]°, Cmd vel: [vx=0.00, vy=0.00, yaw=0.00]
2025-11-18 21:45:03 - SpotSimulation - INFO - Box <-> Goal L1 distance: 8.21 m
2025-11-18 21:45:04 - SpotSimulation - DEBUG - Robot pos: [-2.69, 0.05, 0.48], RPY: [-0.05, 0.30, -50.12]°, Cmd vel: [vx=0.00, vy=0.00, yaw=0.00]
2025-11-18 21:45:04 - SpotSimulation - INFO - Box <-> Goal L1 distance: 8.21 m
2025-11-18 21:45:04 - SpotSimulation - DEBUG - Robot pos: [-2.69, 0.05, 0.48], RPY: [-0.06, 0.29, -50.32]°, Cmd vel: [vx=0.00, vy=0.00, yaw=0.00]
2025-11-18 21:45:04 - SpotSimulation - INFO - Box <-> Goal L1 distance: 8.21 m
2025-11-18 21:45:04 - SpotSimulation - DEBUG - Robot pos: [-2.69, 0.05, 0.48], RPY: [-0.07, 0.27, -50.51]°, Cmd vel: [vx=0.00, vy=0.00, yaw=0.00]
2025-11-18 21:45:04 - SpotSimulation - INFO - Box <-> Goal L1 distance: 8.21 m
2025-11-18 21:45:05 - SpotSimulation - DEBUG - Robot pos: [-2.69, 0.05, 0.48], RPY: [-0.08, 0.25, -50.71]°, Cmd vel: [vx=0.00, vy=0.00, yaw=0.00]
2025-11-18 21:45:05 - SpotSimulation - INFO - Box <-> Goal L1 distance: 8.21 m
2025-11-18 21:45:05 - SpotSimulation - DEBUG - Robot pos: [-2.70, 0.05, 0.48], RPY: [-0.09, 0.24, -50.92]°, Cmd vel: [vx=0.00, vy=0.00, yaw=0.00]
2025-11-18 21:45:05 - SpotSimulation - INFO - Box <-> Goal L1 distance: 8.21 m
2025-11-18 21:45:05 - SpotSimulation - DEBUG - Robot pos: [-2.70, 0.05, 0.48], RPY: [-0.10, 0.22, -51.14]°, Cmd vel: [vx=0.00, vy=0.00, yaw=0.00]
2025-11-18 21:45:05 - SpotSimulation - INFO - Box <-> Goal L1 distance: 8.21 m
2025-11-18 21:45:06 - SpotSimulation - DEBUG - Robot pos: [-2.70, 0.05, 0.48], RPY: [-0.12, 0.20, -51.36]°, Cmd vel: [vx=0.00, vy=0.00, yaw=0.00]
2025-11-18 21:45:06 - SpotSimulation - INFO - Box <-> Goal L1 distance: 8.21 m
2025-11-18 21:45:06 - SpotSimulation - DEBUG - Robot pos: [-2.70, 0.06, 0.48], RPY: [-0.14, 0.18, -51.58]°, Cmd vel: [vx=0.00, vy=0.00, yaw=0.00]
2025-11-18 21:45:06 - SpotSimulation - INFO - Box <-> Goal L1 distance: 8.21 m
2025-11-18 21:45:06 - SpotSimulation - DEBUG - Robot pos: [-2.70, 0.06, 0.48], RPY: [-0.16, 0.15, -51.82]°, Cmd vel: [vx=0.00, vy=0.00, yaw=0.00]
2025-11-18 21:45:06 - SpotSimulation - INFO - Box <-> Goal L1 distance: 8.21 m
2025-11-18 21:45:07 - SpotSimulation - DEBUG - Robot pos: [-2.70, 0.06, 0.48], RPY: [-0.17, 0.13, -52.06]°, Cmd vel: [vx=0.00, vy=0.00, yaw=0.00]
2025-11-18 21:45:07 - SpotSimulation - INFO - Box <-> Goal L1 distance: 8.21 m
2025-11-18 21:45:07 - SpotSimulation - DEBUG - Robot pos: [-2.70, 0.06, 0.48], RPY: [-0.19, 0.10, -52.30]°, Cmd vel: [vx=0.00, vy=0.00, yaw=0.00]
2025-11-18 21:45:07 - SpotSimulation - INFO - Box <-> Goal L1 distance: 8.21 m
2025-11-18 21:45:08 - SpotSimulation - DEBUG - Robot pos: [-2.70, 0.06, 0.48], RPY: [-0.21, 0.08, -52.56]°, Cmd vel: [vx=0.00, vy=0.00, yaw=0.00]
2025-11-18 21:45:08 - SpotSimulation - INFO - Box <-> Goal L1 distance: 8.21 m
2025-11-18 21:45:08 - SpotSimulation - DEBUG - Robot pos: [-2.70, 0.06, 0.48], RPY: [-0.24, 0.05, -52.83]°, Cmd vel: [vx=0.00, vy=0.00, yaw=0.00]
2025-11-18 21:45:08 - SpotSimulation - INFO - Box <-> Goal L1 distance: 8.21 m
2025-11-18 21:45:08 - SpotSimulation - DEBUG - Robot pos: [-2.70, 0.06, 0.48], RPY: [-0.26, 0.02, -53.10]°, Cmd vel: [vx=0.00, vy=0.00, yaw=0.00]
2025-11-18 21:45:08 - SpotSimulation - INFO - Box <-> Goal L1 distance: 8.21 m
2025-11-18 21:45:09 - SpotSimulation - DEBUG - Robot pos: [-2.70, 0.06, 0.48], RPY: [-0.29, -0.02, -53.39]°, Cmd vel: [vx=0.00, vy=0.00, yaw=0.00]
2025-11-18 21:45:09 - SpotSimulation - INFO - Box <-> Goal L1 distance: 8.21 m
2025-11-18 21:45:09 - SpotSimulation - DEBUG - Robot pos: [-2.70, 0.06, 0.48], RPY: [-0.32, -0.05, -53.68]°, Cmd vel: [vx=0.00, vy=0.00, yaw=0.00]
2025-11-18 21:45:09 - SpotSimulation - INFO - Box <-> Goal L1 distance: 8.21 m
2025-11-18 21:45:09 - SpotSimulation - DEBUG - Robot pos: [-2.70, 0.06, 0.48], RPY: [-0.35, -0.08, -53.99]°, Cmd vel: [vx=0.00, vy=0.00, yaw=0.00]
2025-11-18 21:45:09 - SpotSimulation - INFO - Box <-> Goal L1 distance: 8.21 m
2025-11-18 21:45:10 - SpotSimulation - DEBUG - Robot pos: [-2.70, 0.06, 0.48], RPY: [-0.38, -0.12, -54.30]°, Cmd vel: [vx=0.00, vy=0.00, yaw=0.00]
2025-11-18 21:45:10 - SpotSimulation - INFO - Box <-> Goal L1 distance: 8.21 m
2025-11-18 21:45:10 - SpotSimulation - DEBUG - Robot pos: [-2.70, 0.06, 0.48], RPY: [-0.41, -0.16, -54.62]°, Cmd vel: [vx=0.00, vy=0.00, yaw=0.00]
2025-11-18 21:45:10 - SpotSimulation - INFO - Box <-> Goal L1 distance: 8.21 m
2025-11-18 21:45:10 - SpotSimulation - DEBUG - Robot pos: [-2.70, 0.06, 0.48], RPY: [-0.44, -0.20, -54.95]°, Cmd vel: [vx=0.00, vy=0.00, yaw=0.00]
2025-11-18 21:45:10 - SpotSimulation - INFO - Box <-> Goal L1 distance: 8.21 m
2025-11-18 21:45:11 - SpotSimulation - DEBUG - Robot pos: [-2.71, 0.07, 0.48], RPY: [-0.48, -0.24, -55.29]°, Cmd vel: [vx=0.00, vy=0.00, yaw=0.00]
2025-11-18 21:45:11 - SpotSimulation - INFO - Box <-> Goal L1 distance: 8.21 m
2025-11-18 21:45:11 - SpotSimulation - DEBUG - Robot pos: [-2.71, 0.07, 0.48], RPY: [-0.51, -0.28, -55.63]°, Cmd vel: [vx=0.00, vy=0.00, yaw=0.00]
2025-11-18 21:45:11 - SpotSimulation - INFO - Box <-> Goal L1 distance: 8.21 m
2025-11-18 21:45:12 - SpotSimulation - DEBUG - Robot pos: [-2.71, 0.07, 0.48], RPY: [-0.54, -0.33, -55.98]°, Cmd vel: [vx=0.00, vy=0.00, yaw=0.00]
2025-11-18 21:45:12 - SpotSimulation - INFO - Box <-> Goal L1 distance: 8.21 m
2025-11-18 21:45:12 - SpotSimulation - DEBUG - Robot pos: [-2.71, 0.07, 0.48], RPY: [-0.58, -0.37, -56.33]°, Cmd vel: [vx=0.00, vy=0.00, yaw=0.00]
2025-11-18 21:45:12 - SpotSimulation - INFO - Box <-> Goal L1 distance: 8.21 m
2025-11-18 21:45:12 - SpotSimulation - DEBUG - Robot pos: [-2.71, 0.07, 0.48], RPY: [-0.62, -0.42, -56.69]°, Cmd vel: [vx=0.00, vy=0.00, yaw=0.00]
2025-11-18 21:45:12 - SpotSimulation - INFO - Box <-> Goal L1 distance: 8.21 m
2025-11-18 21:45:13 - SpotSimulation - DEBUG - Robot pos: [-2.71, 0.07, 0.48], RPY: [-0.65, -0.46, -57.04]°, Cmd vel: [vx=0.00, vy=0.00, yaw=0.00]
2025-11-18 21:45:13 - SpotSimulation - INFO - Box <-> Goal L1 distance: 8.21 m
2025-11-18 21:45:13 - SpotSimulation - DEBUG - Robot pos: [-2.71, 0.07, 0.48], RPY: [-0.68, -0.51, -57.40]°, Cmd vel: [vx=0.00, vy=0.00, yaw=0.00]
2025-11-18 21:45:13 - SpotSimulation - INFO - Box <-> Goal L1 distance: 8.21 m
2025-11-18 21:45:13 - SpotSimulation - DEBUG - Robot pos: [-2.71, 0.07, 0.48], RPY: [-0.71, -0.55, -57.74]°, Cmd vel: [vx=0.00, vy=0.00, yaw=0.00]
2025-11-18 21:45:13 - SpotSimulation - INFO - Box <-> Goal L1 distance: 8.21 m
2025-11-18 21:45:14 - SpotSimulation - DEBUG - Robot pos: [-2.71, 0.08, 0.48], RPY: [-0.74, -0.60, -58.09]°, Cmd vel: [vx=0.00, vy=0.00, yaw=0.00]
2025-11-18 21:45:14 - SpotSimulation - INFO - Box <-> Goal L1 distance: 8.21 m
2025-11-18 21:45:14 - SpotSimulation - DEBUG - Robot pos: [-2.72, 0.08, 0.48], RPY: [-0.77, -0.65, -58.42]°, Cmd vel: [vx=0.00, vy=0.00, yaw=0.00]
2025-11-18 21:45:14 - SpotSimulation - INFO - Box <-> Goal L1 distance: 8.21 m
2025-11-18 21:45:14 - SpotSimulation - DEBUG - Robot pos: [-2.72, 0.08, 0.48], RPY: [-0.80, -0.69, -58.75]°, Cmd vel: [vx=0.00, vy=0.00, yaw=0.00]
2025-11-18 21:45:14 - SpotSimulation - INFO - Box <-> Goal L1 distance: 8.21 m
2025-11-18 21:45:15 - SpotSimulation - DEBUG - Robot pos: [-2.72, 0.08, 0.48], RPY: [-0.82, -0.73, -59.06]°, Cmd vel: [vx=0.00, vy=0.00, yaw=0.00]
2025-11-18 21:45:15 - SpotSimulation - INFO - Box <-> Goal L1 distance: 8.21 m
2025-11-18 21:45:15 - SpotSimulation - DEBUG - Robot pos: [-2.72, 0.08, 0.48], RPY: [-0.84, -0.77, -59.37]°, Cmd vel: [vx=0.00, vy=0.00, yaw=0.00]
2025-11-18 21:45:15 - SpotSimulation - INFO - Box <-> Goal L1 distance: 8.21 m
2025-11-18 21:45:16 - SpotSimulation - DEBUG - Robot pos: [-2.72, 0.08, 0.48], RPY: [-0.86, -0.81, -59.65]°, Cmd vel: [vx=0.00, vy=0.00, yaw=0.00]
2025-11-18 21:45:16 - SpotSimulation - INFO - Box <-> Goal L1 distance: 8.21 m
2025-11-18 21:45:16 - SpotSimulation - DEBUG - Robot pos: [-2.72, 0.08, 0.48], RPY: [-0.88, -0.85, -59.92]°, Cmd vel: [vx=0.00, vy=0.00, yaw=0.00]
2025-11-18 21:45:16 - SpotSimulation - INFO - Box <-> Goal L1 distance: 8.21 m
2025-11-18 21:45:16 - SpotSimulation - DEBUG - Robot pos: [-2.72, 0.09, 0.48], RPY: [-0.89, -0.88, -60.17]°, Cmd vel: [vx=0.00, vy=0.00, yaw=0.00]
2025-11-18 21:45:16 - SpotSimulation - INFO - Box <-> Goal L1 distance: 8.21 m
2025-11-18 21:45:17 - SpotSimulation - DEBUG - Robot pos: [-2.72, 0.09, 0.48], RPY: [-0.90, -0.92, -60.40]°, Cmd vel: [vx=0.00, vy=0.00, yaw=0.00]
2025-11-18 21:45:17 - SpotSimulation - INFO - Box <-> Goal L1 distance: 8.21 m
2025-11-18 21:45:17 - SpotSimulation - DEBUG - Robot pos: [-2.73, 0.09, 0.48], RPY: [-0.91, -0.95, -60.62]°, Cmd vel: [vx=0.00, vy=0.00, yaw=0.00]
2025-11-18 21:45:17 - SpotSimulation - INFO - Box <-> Goal L1 distance: 8.21 m
2025-11-18 21:45:17 - SpotSimulation - DEBUG - Robot pos: [-2.73, 0.09, 0.48], RPY: [-0.93, -0.98, -60.81]°, Cmd vel: [vx=0.00, vy=0.00, yaw=0.00]
2025-11-18 21:45:17 - SpotSimulation - INFO - Box <-> Goal L1 distance: 8.21 m
2025-11-18 21:45:18 - SpotSimulation - DEBUG - Robot pos: [-2.73, 0.09, 0.48], RPY: [-0.94, -1.01, -60.99]°, Cmd vel: [vx=0.00, vy=0.00, yaw=0.00]
2025-11-18 21:45:18 - SpotSimulation - INFO - Box <-> Goal L1 distance: 8.21 m
2025-11-18 21:45:18 - SpotSimulation - DEBUG - Robot pos: [-2.73, 0.09, 0.48], RPY: [-0.95, -1.04, -61.15]°, Cmd vel: [vx=0.00, vy=0.00, yaw=0.00]
2025-11-18 21:45:18 - SpotSimulation - INFO - Box <-> Goal L1 distance: 8.21 m
2025-11-18 21:45:18 - SpotSimulation - DEBUG - Robot pos: [-2.73, 0.09, 0.48], RPY: [-0.96, -1.07, -61.29]°, Cmd vel: [vx=0.00, vy=0.00, yaw=0.00]
2025-11-18 21:45:18 - SpotSimulation - INFO - Box <-> Goal L1 distance: 8.21 m
2025-11-18 21:45:19 - SpotSimulation - DEBUG - Robot pos: [-2.73, 0.09, 0.48], RPY: [-0.97, -1.09, -61.41]°, Cmd vel: [vx=0.00, vy=0.00, yaw=0.00]
2025-11-18 21:45:19 - SpotSimulation - INFO - Box <-> Goal L1 distance: 8.21 m
2025-11-18 21:45:19 - SpotSimulation - DEBUG - Robot pos: [-2.73, 0.10, 0.48], RPY: [-0.98, -1.12, -61.52]°, Cmd vel: [vx=0.00, vy=0.00, yaw=0.00]
2025-11-18 21:45:19 - SpotSimulation - INFO - Box <-> Goal L1 distance: 8.21 m
2025-11-18 21:45:20 - SpotSimulation - DEBUG - Robot pos: [-2.73, 0.10, 0.48], RPY: [-0.99, -1.14, -61.61]°, Cmd vel: [vx=0.00, vy=0.00, yaw=0.00]
2025-11-18 21:45:20 - SpotSimulation - INFO - Box <-> Goal L1 distance: 8.21 m
2025-11-18 21:45:20 - SpotSimulation - DEBUG - Robot pos: [-2.73, 0.10, 0.48], RPY: [-1.00, -1.16, -61.68]°, Cmd vel: [vx=0.00, vy=0.00, yaw=0.00]
2025-11-18 21:45:20 - SpotSimulation - INFO - Box <-> Goal L1 distance: 8.21 m
2025-11-18 21:45:20 - SpotSimulation - DEBUG - Robot pos: [-2.73, 0.10, 0.48], RPY: [-1.00, -1.18, -61.75]°, Cmd vel: [vx=0.00, vy=0.00, yaw=0.00]
2025-11-18 21:45:20 - SpotSimulation - INFO - Box <-> Goal L1 distance: 8.21 m
2025-11-18 21:45:21 - SpotSimulation - DEBUG - Robot pos: [-2.73, 0.10, 0.48], RPY: [-1.00, -1.19, -61.80]°, Cmd vel: [vx=0.00, vy=0.00, yaw=0.00]
2025-11-18 21:45:21 - SpotSimulation - INFO - Box <-> Goal L1 distance: 8.21 m
2025-11-18 21:45:21 - SpotSimulation - DEBUG - Robot pos: [-2.74, 0.10, 0.48], RPY: [-1.01, -1.21, -61.85]°, Cmd vel: [vx=0.00, vy=0.00, yaw=0.00]
2025-11-18 21:45:21 - SpotSimulation - INFO - Box <-> Goal L1 distance: 8.21 m
2025-11-18 21:45:21 - SpotSimulation - DEBUG - Robot pos: [-2.74, 0.10, 0.48], RPY: [-1.01, -1.22, -61.89]°, Cmd vel: [vx=0.00, vy=0.00, yaw=0.00]
2025-11-18 21:45:21 - SpotSimulation - INFO - Box <-> Goal L1 distance: 8.21 m
2025-11-18 21:45:22 - SpotSimulation - DEBUG - Robot pos: [-2.74, 0.10, 0.48], RPY: [-1.02, -1.23, -61.92]°, Cmd vel: [vx=0.00, vy=0.00, yaw=0.00]
2025-11-18 21:45:22 - SpotSimulation - INFO - Box <-> Goal L1 distance: 8.21 m
2025-11-18 21:45:22 - SpotSimulation - DEBUG - Robot pos: [-2.74, 0.10, 0.48], RPY: [-1.02, -1.24, -61.94]°, Cmd vel: [vx=0.00, vy=0.00, yaw=0.00]
2025-11-18 21:45:22 - SpotSimulation - INFO - Box <-> Goal L1 distance: 8.21 m
2025-11-18 21:45:22 - SpotSimulation - DEBUG - Robot pos: [-2.74, 0.10, 0.48], RPY: [-1.02, -1.25, -61.97]°, Cmd vel: [vx=0.00, vy=0.00, yaw=0.00]
2025-11-18 21:45:22 - SpotSimulation - INFO - Box <-> Goal L1 distance: 8.21 m
2025-11-18 21:45:23 - SpotSimulation - DEBUG - Robot pos: [-2.74, 0.10, 0.48], RPY: [-1.02, -1.25, -61.98]°, Cmd vel: [vx=0.00, vy=0.00, yaw=0.00]
2025-11-18 21:45:23 - SpotSimulation - INFO - Box <-> Goal L1 distance: 8.21 m
2025-11-18 21:45:23 - SpotSimulation - DEBUG - Robot pos: [-2.74, 0.10, 0.48], RPY: [-1.02, -1.26, -61.99]°, Cmd vel: [vx=0.00, vy=0.00, yaw=0.00]
2025-11-18 21:45:23 - SpotSimulation - INFO - Box <-> Goal L1 distance: 8.21 m
2025-11-18 21:45:24 - SpotSimulation - DEBUG - Robot pos: [-2.74, 0.10, 0.48], RPY: [-1.02, -1.26, -62.00]°, Cmd vel: [vx=0.00, vy=0.00, yaw=0.00]
2025-11-18 21:45:24 - SpotSimulation - INFO - Box <-> Goal L1 distance: 8.21 m
2025-11-18 21:45:24 - SpotSimulation - DEBUG - Robot pos: [-2.74, 0.10, 0.48], RPY: [-1.03, -1.27, -62.01]°, Cmd vel: [vx=0.00, vy=0.00, yaw=0.00]
2025-11-18 21:45:24 - SpotSimulation - INFO - Box <-> Goal L1 distance: 8.21 m
2025-11-18 21:45:24 - SpotSimulation - DEBUG - Robot pos: [-2.74, 0.10, 0.48], RPY: [-1.03, -1.27, -62.02]°, Cmd vel: [vx=0.00, vy=0.00, yaw=0.00]
2025-11-18 21:45:24 - SpotSimulation - INFO - Box <-> Goal L1 distance: 8.21 m
2025-11-18 21:45:25 - SpotSimulation - DEBUG - Robot pos: [-2.74, 0.10, 0.48], RPY: [-1.03, -1.28, -62.02]°, Cmd vel: [vx=0.00, vy=0.00, yaw=0.00]
2025-11-18 21:45:25 - SpotSimulation - INFO - Box <-> Goal L1 distance: 8.21 m
2025-11-18 21:45:25 - SpotSimulation - DEBUG - Robot pos: [-2.74, 0.10, 0.48], RPY: [-1.03, -1.28, -62.02]°, Cmd vel: [vx=0.00, vy=0.00, yaw=0.00]
2025-11-18 21:45:25 - SpotSimulation - INFO - Box <-> Goal L1 distance: 8.21 m
2025-11-18 21:45:25 - SpotSimulation - DEBUG - Robot pos: [-2.74, 0.10, 0.48], RPY: [-1.03, -1.28, -62.02]°, Cmd vel: [vx=0.00, vy=0.00, yaw=0.00]
2025-11-18 21:45:25 - SpotSimulation - INFO - Box <-> Goal L1 distance: 8.21 m
2025-11-18 21:45:26 - SpotSimulation - DEBUG - Robot pos: [-2.74, 0.10, 0.48], RPY: [-1.03, -1.28, -62.02]°, Cmd vel: [vx=0.00, vy=0.00, yaw=0.00]
2025-11-18 21:45:26 - SpotSimulation - INFO - Box <-> Goal L1 distance: 8.21 m
2025-11-18 21:45:26 - SpotSimulation - DEBUG - Robot pos: [-2.74, 0.10, 0.48], RPY: [-1.03, -1.29, -62.02]°, Cmd vel: [vx=0.00, vy=0.00, yaw=0.00]
2025-11-18 21:45:26 - SpotSimulation - INFO - Box <-> Goal L1 distance: 8.21 m
2025-11-18 21:45:26 - SpotSimulation - DEBUG - Robot pos: [-2.74, 0.10, 0.48], RPY: [-1.03, -1.29, -62.02]°, Cmd vel: [vx=0.00, vy=0.00, yaw=0.00]
2025-11-18 21:45:26 - SpotSimulation - INFO - Box <-> Goal L1 distance: 8.21 m
2025-11-18 21:45:27 - SpotSimulation - DEBUG - Robot pos: [-2.74, 0.10, 0.48], RPY: [-1.03, -1.29, -62.02]°, Cmd vel: [vx=0.00, vy=0.00, yaw=0.00]
2025-11-18 21:45:27 - SpotSimulation - INFO - Box <-> Goal L1 distance: 8.21 m
2025-11-18 21:45:27 - SpotSimulation - DEBUG - Robot pos: [-2.74, 0.10, 0.48], RPY: [-1.03, -1.29, -62.02]°, Cmd vel: [vx=0.00, vy=0.00, yaw=0.00]
2025-11-18 21:45:27 - SpotSimulation - INFO - Box <-> Goal L1 distance: 8.21 m
2025-11-18 21:45:27 - SpotSimulation - DEBUG - Robot pos: [-2.74, 0.10, 0.48], RPY: [-1.03, -1.29, -62.02]°, Cmd vel: [vx=0.00, vy=0.00, yaw=0.00]
2025-11-18 21:45:27 - SpotSimulation - INFO - Box <-> Goal L1 distance: 8.21 m
2025-11-18 21:45:28 - SpotSimulation - DEBUG - Robot pos: [-2.74, 0.10, 0.48], RPY: [-1.03, -1.29, -62.02]°, Cmd vel: [vx=0.00, vy=0.00, yaw=0.00]
2025-11-18 21:45:28 - SpotSimulation - INFO - Box <-> Goal L1 distance: 8.21 m
2025-11-18 21:45:28 - SpotSimulation - DEBUG - Robot pos: [-2.74, 0.10, 0.48], RPY: [-1.03, -1.29, -62.02]°, Cmd vel: [vx=0.00, vy=0.00, yaw=0.00]
2025-11-18 21:45:28 - SpotSimulation - INFO - Box <-> Goal L1 distance: 8.21 m
2025-11-18 21:45:29 - SpotSimulation - DEBUG - Robot pos: [-2.74, 0.10, 0.48], RPY: [-1.03, -1.29, -62.02]°, Cmd vel: [vx=0.00, vy=0.00, yaw=0.00]
2025-11-18 21:45:29 - SpotSimulation - INFO - Box <-> Goal L1 distance: 8.21 m
2025-11-18 21:45:29 - SpotSimulation - DEBUG - Robot pos: [-2.74, 0.10, 0.48], RPY: [-1.03, -1.29, -62.02]°, Cmd vel: [vx=0.00, vy=0.00, yaw=0.00]
2025-11-18 21:45:29 - SpotSimulation - INFO - Box <-> Goal L1 distance: 8.21 m
2025-11-18 21:45:29 - SpotSimulation - DEBUG - Robot pos: [-2.74, 0.10, 0.48], RPY: [-1.03, -1.29, -62.02]°, Cmd vel: [vx=0.00, vy=0.00, yaw=0.00]
2025-11-18 21:45:29 - SpotSimulation - INFO - Box <-> Goal L1 distance: 8.21 m
2025-11-18 21:45:30 - SpotSimulation - DEBUG - Robot pos: [-2.74, 0.10, 0.48], RPY: [-1.03, -1.29, -62.02]°, Cmd vel: [vx=0.00, vy=0.00, yaw=0.00]
2025-11-18 21:45:30 - SpotSimulation - INFO - Box <-> Goal L1 distance: 8.21 m
2025-11-18 21:45:30 - SpotSimulation - DEBUG - Robot pos: [-2.74, 0.10, 0.48], RPY: [-1.03, -1.29, -62.02]°, Cmd vel: [vx=0.00, vy=0.00, yaw=0.00]
2025-11-18 21:45:30 - SpotSimulation - INFO - Box <-> Goal L1 distance: 8.21 m
2025-11-18 21:45:30 - SpotSimulation - DEBUG - Robot pos: [-2.74, 0.10, 0.48], RPY: [-1.03, -1.29, -62.02]°, Cmd vel: [vx=0.00, vy=0.00, yaw=0.00]
2025-11-18 21:45:30 - SpotSimulation - INFO - Box <-> Goal L1 distance: 8.21 m
2025-11-18 21:45:31 - SpotSimulation - INFO - First keyboard command received - starting data saving
2025-11-18 21:45:31 - SpotSimulation - INFO - Experiment data saving started
2025-11-18 21:45:31 - SpotSimulation - DEBUG - ✓ Image saved: frame0-0.001-ego.jpg
2025-11-18 21:45:31 - SpotSimulation - DEBUG - ✓ Image saved: frame0-0.001-top.jpg
2025-11-18 21:45:31 - SpotSimulation - DEBUG - Robot pos: [-2.74, 0.10, 0.48], RPY: [-1.09, -1.42, -62.06]°, Cmd vel: [vx=0.40, vy=0.00, yaw=0.00]
2025-11-18 21:45:31 - SpotSimulation - INFO - Box <-> Goal L1 distance: 8.21 m
2025-11-18 21:45:31 - SpotSimulation - DEBUG - ✓ Image saved: frame1-0.403-ego.jpg
2025-11-18 21:45:31 - SpotSimulation - DEBUG - ✓ Image saved: frame1-0.403-top.jpg
2025-11-18 21:45:31 - SpotSimulation - DEBUG - Robot pos: [-2.73, 0.09, 0.48], RPY: [-0.70, -0.57, -62.52]°, Cmd vel: [vx=0.90, vy=0.00, yaw=-1.00]
2025-11-18 21:45:31 - SpotSimulation - INFO - Box <-> Goal L1 distance: 8.21 m
2025-11-18 21:45:32 - SpotSimulation - DEBUG - ✓ Image saved: frame2-0.825-ego.jpg
2025-11-18 21:45:32 - SpotSimulation - DEBUG - ✓ Image saved: frame2-0.825-top.jpg
2025-11-18 21:45:32 - SpotSimulation - DEBUG - Robot pos: [-2.71, 0.06, 0.48], RPY: [0.01, 0.76, -63.68]°, Cmd vel: [vx=1.40, vy=0.00, yaw=-2.00]
2025-11-18 21:45:32 - SpotSimulation - INFO - Box <-> Goal L1 distance: 8.21 m
2025-11-18 21:45:32 - SpotSimulation - DEBUG - ✓ Image saved: frame3-1.213-ego.jpg
2025-11-18 21:45:32 - SpotSimulation - DEBUG - ✓ Image saved: frame3-1.213-top.jpg
2025-11-18 21:45:32 - SpotSimulation - DEBUG - Robot pos: [-2.69, 0.02, 0.48], RPY: [0.64, 0.49, -70.50]°, Cmd vel: [vx=1.90, vy=0.00, yaw=-2.00]
2025-11-18 21:45:32 - SpotSimulation - INFO - Box <-> Goal L1 distance: 8.21 m
2025-11-18 21:45:32 - SpotSimulation - DEBUG - ✓ Image saved: frame4-1.594-ego.jpg
2025-11-18 21:45:32 - SpotSimulation - DEBUG - ✓ Image saved: frame4-1.594-top.jpg
2025-11-18 21:45:32 - SpotSimulation - DEBUG - Robot pos: [-2.66, -0.04, 0.48], RPY: [0.41, -0.89, -79.56]°, Cmd vel: [vx=2.00, vy=0.00, yaw=-0.40]
2025-11-18 21:45:32 - SpotSimulation - INFO - Box <-> Goal L1 distance: 8.21 m
2025-11-18 21:45:33 - SpotSimulation - DEBUG - ✓ Image saved: frame5-1.980-ego.jpg
2025-11-18 21:45:33 - SpotSimulation - DEBUG - ✓ Image saved: frame5-1.980-top.jpg
2025-11-18 21:45:33 - SpotSimulation - DEBUG - Robot pos: [-2.63, -0.13, 0.49], RPY: [1.51, -1.07, -83.94]°, Cmd vel: [vx=2.00, vy=0.00, yaw=0.60]
2025-11-18 21:45:33 - SpotSimulation - INFO - Box <-> Goal L1 distance: 8.21 m
2025-11-18 21:45:33 - SpotSimulation - DEBUG - ✓ Image saved: frame6-2.357-ego.jpg
2025-11-18 21:45:33 - SpotSimulation - DEBUG - ✓ Image saved: frame6-2.357-top.jpg
2025-11-18 21:45:33 - SpotSimulation - DEBUG - Robot pos: [-2.61, -0.24, 0.51], RPY: [0.93, -1.88, -83.12]°, Cmd vel: [vx=2.00, vy=0.00, yaw=1.60]
2025-11-18 21:45:33 - SpotSimulation - INFO - Box <-> Goal L1 distance: 8.21 m
2025-11-18 21:45:33 - SpotSimulation - DEBUG - ✓ Image saved: frame7-2.752-ego.jpg
2025-11-18 21:45:33 - SpotSimulation - DEBUG - ✓ Image saved: frame7-2.752-top.jpg
2025-11-18 21:45:33 - SpotSimulation - DEBUG - Robot pos: [-2.60, -0.37, 0.52], RPY: [2.20, -2.81, -76.96]°, Cmd vel: [vx=2.00, vy=0.00, yaw=2.00]
2025-11-18 21:45:33 - SpotSimulation - INFO - Box <-> Goal L1 distance: 8.21 m
2025-11-18 21:45:34 - SpotSimulation - DEBUG - ✓ Image saved: frame8-3.151-ego.jpg
2025-11-18 21:45:34 - SpotSimulation - DEBUG - ✓ Image saved: frame8-3.151-top.jpg
2025-11-18 21:45:34 - SpotSimulation - DEBUG - Robot pos: [-2.58, -0.52, 0.52], RPY: [0.96, -2.55, -68.39]°, Cmd vel: [vx=2.00, vy=0.00, yaw=2.00]
2025-11-18 21:45:34 - SpotSimulation - INFO - Box <-> Goal L1 distance: 8.21 m
2025-11-18 21:45:34 - SpotSimulation - DEBUG - ✓ Image saved: frame9-3.544-ego.jpg
2025-11-18 21:45:34 - SpotSimulation - DEBUG - ✓ Image saved: frame9-3.544-top.jpg
2025-11-18 21:45:34 - SpotSimulation - DEBUG - Robot pos: [-2.53, -0.67, 0.51], RPY: [-1.54, -2.93, -59.42]°, Cmd vel: [vx=2.00, vy=0.00, yaw=2.00]
2025-11-18 21:45:34 - SpotSimulation - INFO - Box <-> Goal L1 distance: 8.21 m
2025-11-18 21:45:35 - SpotSimulation - DEBUG - ✓ Image saved: frame10-3.938-ego.jpg
2025-11-18 21:45:35 - SpotSimulation - DEBUG - ✓ Image saved: frame10-3.938-top.jpg
2025-11-18 21:45:35 - SpotSimulation - DEBUG - Robot pos: [-2.43, -0.81, 0.50], RPY: [-2.52, 0.81, -50.92]°, Cmd vel: [vx=2.00, vy=0.00, yaw=2.00]
2025-11-18 21:45:35 - SpotSimulation - INFO - Box <-> Goal L1 distance: 8.21 m
2025-11-18 21:45:35 - SpotSimulation - DEBUG - ✓ Image saved: frame11-4.337-ego.jpg
2025-11-18 21:45:35 - SpotSimulation - DEBUG - ✓ Image saved: frame11-4.337-top.jpg
2025-11-18 21:45:35 - SpotSimulation - DEBUG - Robot pos: [-2.32, -0.96, 0.48], RPY: [-0.09, 1.75, -41.63]°, Cmd vel: [vx=2.00, vy=0.00, yaw=2.00]
2025-11-18 21:45:35 - SpotSimulation - INFO - Box <-> Goal L1 distance: 8.21 m
2025-11-18 21:45:35 - SpotSimulation - DEBUG - ✓ Image saved: frame12-4.727-ego.jpg
2025-11-18 21:45:35 - SpotSimulation - DEBUG - ✓ Image saved: frame12-4.727-top.jpg
2025-11-18 21:45:35 - SpotSimulation - DEBUG - Robot pos: [-2.18, -1.07, 0.47], RPY: [0.59, -0.91, -32.27]°, Cmd vel: [vx=2.00, vy=0.00, yaw=2.00]
2025-11-18 21:45:35 - SpotSimulation - INFO - Box <-> Goal L1 distance: 8.21 m
2025-11-18 21:45:36 - SpotSimulation - DEBUG - ✓ Image saved: frame13-5.105-ego.jpg
2025-11-18 21:45:36 - SpotSimulation - DEBUG - ✓ Image saved: frame13-5.105-top.jpg
2025-11-18 21:45:36 - SpotSimulation - DEBUG - Robot pos: [-2.01, -1.15, 0.48], RPY: [1.23, -1.66, -23.04]°, Cmd vel: [vx=1.40, vy=0.00, yaw=1.20]
2025-11-18 21:45:36 - SpotSimulation - INFO - Box <-> Goal L1 distance: 8.21 m
2025-11-18 21:45:36 - SpotSimulation - DEBUG - ✓ Image saved: frame14-5.492-ego.jpg
2025-11-18 21:45:36 - SpotSimulation - DEBUG - ✓ Image saved: frame14-5.492-top.jpg
2025-11-18 21:45:36 - SpotSimulation - DEBUG - Robot pos: [-1.84, -1.21, 0.49], RPY: [-1.56, -2.54, -15.60]°, Cmd vel: [vx=0.24, vy=0.00, yaw=0.09]
2025-11-18 21:45:36 - SpotSimulation - INFO - Box <-> Goal L1 distance: 8.21 m
2025-11-18 21:45:37 - SpotSimulation - DEBUG - ✓ Image saved: frame15-5.883-ego.jpg
2025-11-18 21:45:37 - SpotSimulation - DEBUG - ✓ Image saved: frame15-5.883-top.jpg
2025-11-18 21:45:37 - SpotSimulation - DEBUG - Robot pos: [-1.71, -1.25, 0.50], RPY: [-3.58, -3.40, -11.74]°, Cmd vel: [vx=0.42, vy=0.00, yaw=0.63]
2025-11-18 21:45:37 - SpotSimulation - INFO - Box <-> Goal L1 distance: 8.21 m
2025-11-18 21:45:37 - SpotSimulation - DEBUG - ✓ Image saved: frame16-6.272-ego.jpg
2025-11-18 21:45:37 - SpotSimulation - DEBUG - ✓ Image saved: frame16-6.272-top.jpg
2025-11-18 21:45:37 - SpotSimulation - DEBUG - Robot pos: [-1.61, -1.27, 0.51], RPY: [-2.67, -0.27, -9.55]°, Cmd vel: [vx=0.57, vy=0.00, yaw=0.20]
2025-11-18 21:45:37 - SpotSimulation - INFO - Box <-> Goal L1 distance: 8.21 m
2025-11-18 21:45:37 - SpotSimulation - DEBUG - ✓ Image saved: frame17-6.652-ego.jpg
2025-11-18 21:45:37 - SpotSimulation - DEBUG - ✓ Image saved: frame17-6.652-top.jpg
2025-11-18 21:45:37 - SpotSimulation - DEBUG - Robot pos: [-1.52, -1.28, 0.52], RPY: [-3.09, 0.16, -9.25]°, Cmd vel: [vx=0.10, vy=0.00, yaw=0.02]
2025-11-18 21:45:37 - SpotSimulation - INFO - Box <-> Goal L1 distance: 8.21 m
2025-11-18 21:45:38 - SpotSimulation - DEBUG - ✓ Image saved: frame18-7.028-ego.jpg
2025-11-18 21:45:38 - SpotSimulation - DEBUG - ✓ Image saved: frame18-7.028-top.jpg
2025-11-18 21:45:38 - SpotSimulation - DEBUG - Robot pos: [-1.45, -1.29, 0.51], RPY: [-0.99, -0.55, -9.44]°, Cmd vel: [vx=0.02, vy=0.00, yaw=0.00]
2025-11-18 21:45:38 - SpotSimulation - INFO - Box <-> Goal L1 distance: 8.21 m
2025-11-18 21:45:38 - SpotSimulation - DEBUG - ✓ Image saved: frame19-7.455-ego.jpg
2025-11-18 21:45:38 - SpotSimulation - DEBUG - ✓ Image saved: frame19-7.455-top.jpg
2025-11-18 21:45:38 - SpotSimulation - DEBUG - Robot pos: [-1.40, -1.29, 0.51], RPY: [-0.33, -0.32, -9.30]°, Cmd vel: [vx=0.00, vy=0.00, yaw=0.00]
2025-11-18 21:45:38 - SpotSimulation - INFO - Box <-> Goal L1 distance: 8.21 m
2025-11-18 21:45:39 - SpotSimulation - DEBUG - ✓ Image saved: frame20-7.880-ego.jpg
2025-11-18 21:45:39 - SpotSimulation - DEBUG - ✓ Image saved: frame20-7.880-top.jpg
2025-11-18 21:45:39 - SpotSimulation - DEBUG - Robot pos: [-1.37, -1.31, 0.51], RPY: [-0.76, 0.11, -9.17]°, Cmd vel: [vx=0.00, vy=0.00, yaw=0.00]
2025-11-18 21:45:39 - SpotSimulation - INFO - Box <-> Goal L1 distance: 8.21 m
2025-11-18 21:45:39 - SpotSimulation - DEBUG - ✓ Image saved: frame21-8.304-ego.jpg
2025-11-18 21:45:39 - SpotSimulation - DEBUG - ✓ Image saved: frame21-8.304-top.jpg
2025-11-18 21:45:39 - SpotSimulation - DEBUG - Robot pos: [-1.36, -1.32, 0.50], RPY: [-1.01, -0.49, -9.51]°, Cmd vel: [vx=0.00, vy=0.00, yaw=0.00]
2025-11-18 21:45:39 - SpotSimulation - INFO - Box <-> Goal L1 distance: 8.21 m
2025-11-18 21:45:39 - SpotSimulation - DEBUG - ✓ Image saved: frame22-8.685-ego.jpg
2025-11-18 21:45:39 - SpotSimulation - DEBUG - ✓ Image saved: frame22-8.685-top.jpg
2025-11-18 21:45:39 - SpotSimulation - DEBUG - Robot pos: [-1.36, -1.32, 0.49], RPY: [-0.18, -0.11, -9.81]°, Cmd vel: [vx=0.00, vy=0.00, yaw=0.00]
2025-11-18 21:45:39 - SpotSimulation - INFO - Box <-> Goal L1 distance: 8.21 m
2025-11-18 21:45:40 - SpotSimulation - DEBUG - ✓ Image saved: frame23-9.087-ego.jpg
2025-11-18 21:45:40 - SpotSimulation - DEBUG - ✓ Image saved: frame23-9.087-top.jpg
2025-11-18 21:45:40 - SpotSimulation - DEBUG - Robot pos: [-1.35, -1.32, 0.49], RPY: [0.19, 0.25, -10.04]°, Cmd vel: [vx=0.00, vy=0.00, yaw=0.00]
2025-11-18 21:45:40 - SpotSimulation - INFO - Box <-> Goal L1 distance: 8.21 m
2025-11-18 21:45:40 - SpotSimulation - DEBUG - ✓ Image saved: frame24-9.469-ego.jpg
2025-11-18 21:45:40 - SpotSimulation - DEBUG - ✓ Image saved: frame24-9.469-top.jpg
2025-11-18 21:45:40 - SpotSimulation - DEBUG - Robot pos: [-1.35, -1.32, 0.49], RPY: [0.30, 0.41, -10.30]°, Cmd vel: [vx=0.00, vy=0.00, yaw=0.00]
2025-11-18 21:45:40 - SpotSimulation - INFO - Box <-> Goal L1 distance: 8.21 m
2025-11-18 21:45:41 - SpotSimulation - DEBUG - ✓ Image saved: frame25-9.851-ego.jpg
2025-11-18 21:45:41 - SpotSimulation - DEBUG - ✓ Image saved: frame25-9.851-top.jpg
2025-11-18 21:45:41 - SpotSimulation - DEBUG - Robot pos: [-1.35, -1.32, 0.49], RPY: [0.30, 0.47, -10.56]°, Cmd vel: [vx=0.00, vy=0.00, yaw=0.00]
2025-11-18 21:45:41 - SpotSimulation - INFO - Box <-> Goal L1 distance: 8.21 m
2025-11-18 21:45:41 - SpotSimulation - DEBUG - ✓ Image saved: frame26-10.241-ego.jpg
2025-11-18 21:45:41 - SpotSimulation - DEBUG - ✓ Image saved: frame26-10.241-top.jpg
2025-11-18 21:45:41 - SpotSimulation - DEBUG - Robot pos: [-1.35, -1.32, 0.49], RPY: [0.28, 0.50, -10.81]°, Cmd vel: [vx=0.00, vy=0.00, yaw=0.00]
2025-11-18 21:45:41 - SpotSimulation - INFO - Box <-> Goal L1 distance: 8.21 m
2025-11-18 21:45:41 - SpotSimulation - DEBUG - ✓ Image saved: frame27-10.650-ego.jpg
2025-11-18 21:45:41 - SpotSimulation - DEBUG - ✓ Image saved: frame27-10.650-top.jpg
2025-11-18 21:45:41 - SpotSimulation - DEBUG - Robot pos: [-1.35, -1.32, 0.49], RPY: [0.27, 0.53, -11.06]°, Cmd vel: [vx=0.00, vy=0.00, yaw=0.00]
2025-11-18 21:45:41 - SpotSimulation - INFO - Box <-> Goal L1 distance: 8.21 m
2025-11-18 21:45:42 - SpotSimulation - DEBUG - ✓ Image saved: frame28-11.050-ego.jpg
2025-11-18 21:45:42 - SpotSimulation - DEBUG - ✓ Image saved: frame28-11.050-top.jpg
2025-11-18 21:45:42 - SpotSimulation - DEBUG - Robot pos: [-1.35, -1.32, 0.49], RPY: [0.25, 0.55, -11.30]°, Cmd vel: [vx=0.00, vy=0.00, yaw=0.00]
2025-11-18 21:45:42 - SpotSimulation - INFO - Box <-> Goal L1 distance: 8.21 m
2025-11-18 21:45:42 - SpotSimulation - DEBUG - ✓ Image saved: frame29-11.453-ego.jpg
2025-11-18 21:45:42 - SpotSimulation - DEBUG - ✓ Image saved: frame29-11.453-top.jpg
2025-11-18 21:45:42 - SpotSimulation - DEBUG - Robot pos: [-1.35, -1.32, 0.49], RPY: [0.25, 0.56, -11.54]°, Cmd vel: [vx=0.10, vy=0.00, yaw=-0.20]
2025-11-18 21:45:42 - SpotSimulation - INFO - Box <-> Goal L1 distance: 8.21 m
2025-11-18 21:45:43 - SpotSimulation - DEBUG - ✓ Image saved: frame30-11.829-ego.jpg
2025-11-18 21:45:43 - SpotSimulation - DEBUG - ✓ Image saved: frame30-11.829-top.jpg
2025-11-18 21:45:43 - SpotSimulation - DEBUG - Robot pos: [-1.35, -1.32, 0.49], RPY: [0.42, 0.90, -12.27]°, Cmd vel: [vx=0.60, vy=0.00, yaw=-0.44]
2025-11-18 21:45:43 - SpotSimulation - INFO - Box <-> Goal L1 distance: 8.21 m
2025-11-18 21:45:43 - SpotSimulation - DEBUG - ✓ Image saved: frame31-12.220-ego.jpg
2025-11-18 21:45:43 - SpotSimulation - DEBUG - ✓ Image saved: frame31-12.220-top.jpg
2025-11-18 21:45:43 - SpotSimulation - DEBUG - Robot pos: [-1.33, -1.33, 0.49], RPY: [0.30, 1.54, -14.88]°, Cmd vel: [vx=1.10, vy=0.00, yaw=-1.44]
2025-11-18 21:45:43 - SpotSimulation - INFO - Box <-> Goal L1 distance: 8.21 m
2025-11-18 21:45:43 - SpotSimulation - DEBUG - ✓ Image saved: frame32-12.615-ego.jpg
2025-11-18 21:45:43 - SpotSimulation - DEBUG - ✓ Image saved: frame32-12.615-top.jpg
2025-11-18 21:45:43 - SpotSimulation - DEBUG - Robot pos: [-1.28, -1.36, 0.49], RPY: [-1.61, 0.77, -22.27]°, Cmd vel: [vx=1.60, vy=0.00, yaw=-2.00]
2025-11-18 21:45:43 - SpotSimulation - INFO - Box <-> Goal L1 distance: 8.21 m
2025-11-18 21:45:44 - SpotSimulation - DEBUG - ✓ Image saved: frame33-13.000-ego.jpg
2025-11-18 21:45:44 - SpotSimulation - DEBUG - ✓ Image saved: frame33-13.000-top.jpg
2025-11-18 21:45:44 - SpotSimulation - DEBUG - Robot pos: [-1.20, -1.40, 0.49], RPY: [-0.50, 0.95, -31.15]°, Cmd vel: [vx=2.00, vy=0.00, yaw=-2.00]
2025-11-18 21:45:44 - SpotSimulation - INFO - Box <-> Goal L1 distance: 8.21 m
2025-11-18 21:45:44 - SpotSimulation - DEBUG - ✓ Image saved: frame34-13.389-ego.jpg
2025-11-18 21:45:44 - SpotSimulation - DEBUG - ✓ Image saved: frame34-13.389-top.jpg
2025-11-18 21:45:44 - SpotSimulation - DEBUG - Robot pos: [-1.11, -1.46, 0.48], RPY: [-0.10, -0.36, -39.57]°, Cmd vel: [vx=0.34, vy=0.00, yaw=-0.16]
2025-11-18 21:45:44 - SpotSimulation - INFO - Box <-> Goal L1 distance: 8.21 m
2025-11-18 21:45:44 - SpotSimulation - DEBUG - ✓ Image saved: frame35-13.788-ego.jpg
2025-11-18 21:45:45 - SpotSimulation - DEBUG - ✓ Image saved: frame35-13.788-top.jpg
2025-11-18 21:45:45 - SpotSimulation - DEBUG - Robot pos: [-1.04, -1.54, 0.49], RPY: [0.45, 1.07, -43.28]°, Cmd vel: [vx=0.64, vy=0.00, yaw=0.71]
2025-11-18 21:45:45 - SpotSimulation - INFO - Box <-> Goal L1 distance: 8.21 m
2025-11-18 21:45:45 - SpotSimulation - DEBUG - ✓ Image saved: frame36-14.203-ego.jpg
2025-11-18 21:45:45 - SpotSimulation - DEBUG - ✓ Image saved: frame36-14.203-top.jpg
2025-11-18 21:45:45 - SpotSimulation - DEBUG - Robot pos: [-0.98, -1.59, 0.50], RPY: [0.44, 0.15, -40.75]°, Cmd vel: [vx=1.14, vy=0.00, yaw=1.71]
2025-11-18 21:45:45 - SpotSimulation - INFO - Box <-> Goal L1 distance: 8.21 m
2025-11-18 21:45:45 - SpotSimulation - DEBUG - ✓ Image saved: frame37-14.601-ego.jpg
2025-11-18 21:45:45 - SpotSimulation - DEBUG - ✓ Image saved: frame37-14.601-top.jpg
2025-11-18 21:45:45 - SpotSimulation - DEBUG - Robot pos: [-0.92, -1.65, 0.51], RPY: [2.36, -2.21, -33.11]°, Cmd vel: [vx=1.64, vy=0.00, yaw=2.00]
2025-11-18 21:45:45 - SpotSimulation - INFO - Box <-> Goal L1 distance: 8.21 m
2025-11-18 21:45:46 - SpotSimulation - DEBUG - ✓ Image saved: frame38-14.989-ego.jpg
2025-11-18 21:45:46 - SpotSimulation - DEBUG - ✓ Image saved: frame38-14.989-top.jpg
2025-11-18 21:45:46 - SpotSimulation - DEBUG - Robot pos: [-0.86, -1.71, 0.51], RPY: [2.39, -3.05, -22.80]°, Cmd vel: [vx=2.00, vy=0.00, yaw=2.00]
2025-11-18 21:45:46 - SpotSimulation - INFO - Box <-> Goal L1 distance: 8.21 m
2025-11-18 21:45:46 - SpotSimulation - DEBUG - ✓ Image saved: frame39-15.369-ego.jpg
2025-11-18 21:45:46 - SpotSimulation - DEBUG - ✓ Image saved: frame39-15.369-top.jpg
2025-11-18 21:45:46 - SpotSimulation - DEBUG - Robot pos: [-0.78, -1.75, 0.50], RPY: [-1.37, -2.75, -12.70]°, Cmd vel: [vx=2.00, vy=0.00, yaw=2.00]
2025-11-18 21:45:46 - SpotSimulation - INFO - Box <-> Goal L1 distance: 8.21 m
2025-11-18 21:45:46 - SpotSimulation - DEBUG - ✓ Image saved: frame40-15.751-ego.jpg
2025-11-18 21:45:46 - SpotSimulation - DEBUG - ✓ Image saved: frame40-15.751-top.jpg
2025-11-18 21:45:46 - SpotSimulation - DEBUG - Robot pos: [-0.66, -1.76, 0.49], RPY: [-2.76, -1.44, -2.09]°, Cmd vel: [vx=2.00, vy=0.00, yaw=2.00]
2025-11-18 21:45:46 - SpotSimulation - INFO - Box <-> Goal L1 distance: 8.21 m
2025-11-18 21:45:47 - SpotSimulation - DEBUG - ✓ Image saved: frame41-16.139-ego.jpg
2025-11-18 21:45:47 - SpotSimulation - DEBUG - ✓ Image saved: frame41-16.139-top.jpg
2025-11-18 21:45:47 - SpotSimulation - DEBUG - Robot pos: [-0.51, -1.76, 0.49], RPY: [-1.46, 2.55, 7.07]°, Cmd vel: [vx=2.00, vy=0.00, yaw=2.00]
2025-11-18 21:45:47 - SpotSimulation - INFO - Box <-> Goal L1 distance: 8.21 m
2025-11-18 21:45:47 - SpotSimulation - DEBUG - ✓ Image saved: frame42-16.535-ego.jpg
2025-11-18 21:45:47 - SpotSimulation - DEBUG - ✓ Image saved: frame42-16.535-top.jpg
2025-11-18 21:45:47 - SpotSimulation - DEBUG - Robot pos: [-0.35, -1.74, 0.47], RPY: [-0.35, 0.41, 17.34]°, Cmd vel: [vx=2.00, vy=0.00, yaw=2.00]
2025-11-18 21:45:47 - SpotSimulation - INFO - Box <-> Goal L1 distance: 8.21 m
2025-11-18 21:45:48 - SpotSimulation - DEBUG - ✓ Image saved: frame43-16.914-ego.jpg
2025-11-18 21:45:48 - SpotSimulation - DEBUG - ✓ Image saved: frame43-16.914-top.jpg
2025-11-18 21:45:48 - SpotSimulation - DEBUG - Robot pos: [-0.19, -1.67, 0.48], RPY: [1.05, -1.28, 26.78]°, Cmd vel: [vx=2.00, vy=0.00, yaw=2.00]
2025-11-18 21:45:48 - SpotSimulation - INFO - Box <-> Goal L1 distance: 8.21 m
2025-11-18 21:45:48 - SpotSimulation - DEBUG - ✓ Image saved: frame44-17.335-ego.jpg
2025-11-18 21:45:48 - SpotSimulation - DEBUG - ✓ Image saved: frame44-17.335-top.jpg
2025-11-18 21:45:48 - SpotSimulation - DEBUG - Robot pos: [-0.04, -1.57, 0.49], RPY: [-0.16, -1.68, 36.25]°, Cmd vel: [vx=2.00, vy=0.00, yaw=2.00]
2025-11-18 21:45:48 - SpotSimulation - INFO - Box <-> Goal L1 distance: 8.21 m
2025-11-18 21:45:48 - SpotSimulation - DEBUG - ✓ Image saved: frame45-17.712-ego.jpg
2025-11-18 21:45:48 - SpotSimulation - DEBUG - ✓ Image saved: frame45-17.712-top.jpg
2025-11-18 21:45:48 - SpotSimulation - DEBUG - Robot pos: [0.10, -1.44, 0.49], RPY: [-1.17, -2.67, 46.16]°, Cmd vel: [vx=2.00, vy=0.00, yaw=2.00]
2025-11-18 21:45:48 - SpotSimulation - INFO - Box <-> Goal L1 distance: 8.21 m
2025-11-18 21:45:49 - SpotSimulation - DEBUG - ✓ Image saved: frame46-18.101-ego.jpg
2025-11-18 21:45:49 - SpotSimulation - DEBUG - ✓ Image saved: frame46-18.101-top.jpg
2025-11-18 21:45:49 - SpotSimulation - DEBUG - Robot pos: [0.23, -1.29, 0.49], RPY: [-1.32, 0.86, 55.20]°, Cmd vel: [vx=2.00, vy=0.00, yaw=2.00]
2025-11-18 21:45:49 - SpotSimulation - INFO - Box <-> Goal L1 distance: 8.21 m
2025-11-18 21:45:49 - SpotSimulation - DEBUG - ✓ Image saved: frame47-18.485-ego.jpg
2025-11-18 21:45:49 - SpotSimulation - DEBUG - ✓ Image saved: frame47-18.485-top.jpg
2025-11-18 21:45:49 - SpotSimulation - DEBUG - Robot pos: [0.33, -1.13, 0.48], RPY: [0.60, 0.40, 64.80]°, Cmd vel: [vx=2.00, vy=0.00, yaw=2.00]
2025-11-18 21:45:49 - SpotSimulation - INFO - Box <-> Goal L1 distance: 8.21 m
2025-11-18 21:45:50 - SpotSimulation - DEBUG - ✓ Image saved: frame48-18.885-ego.jpg
2025-11-18 21:45:50 - SpotSimulation - DEBUG - ✓ Image saved: frame48-18.885-top.jpg
2025-11-18 21:45:50 - SpotSimulation - DEBUG - Robot pos: [0.40, -0.97, 0.48], RPY: [1.68, -2.09, 73.85]°, Cmd vel: [vx=2.00, vy=0.00, yaw=2.00]
2025-11-18 21:45:50 - SpotSimulation - INFO - Box <-> Goal L1 distance: 8.21 m
2025-11-18 21:45:50 - SpotSimulation - DEBUG - ✓ Image saved: frame49-19.275-ego.jpg
2025-11-18 21:45:50 - SpotSimulation - DEBUG - ✓ Image saved: frame49-19.275-top.jpg
2025-11-18 21:45:50 - SpotSimulation - DEBUG - Robot pos: [0.44, -0.78, 0.49], RPY: [1.90, -2.35, 83.21]°, Cmd vel: [vx=2.00, vy=0.00, yaw=2.00]
2025-11-18 21:45:50 - SpotSimulation - INFO - Box <-> Goal L1 distance: 8.21 m
2025-11-18 21:45:50 - SpotSimulation - DEBUG - ✓ Image saved: frame50-19.700-ego.jpg
2025-11-18 21:45:50 - SpotSimulation - DEBUG - ✓ Image saved: frame50-19.700-top.jpg
2025-11-18 21:45:50 - SpotSimulation - DEBUG - Robot pos: [0.44, -0.59, 0.50], RPY: [-0.96, -3.04, 93.00]°, Cmd vel: [vx=2.00, vy=0.00, yaw=2.00]
2025-11-18 21:45:50 - SpotSimulation - INFO - Box <-> Goal L1 distance: 8.21 m
2025-11-18 21:45:51 - SpotSimulation - DEBUG - ✓ Image saved: frame51-20.098-ego.jpg
2025-11-18 21:45:51 - SpotSimulation - DEBUG - ✓ Image saved: frame51-20.098-top.jpg
2025-11-18 21:45:51 - SpotSimulation - DEBUG - Robot pos: [0.42, -0.40, 0.50], RPY: [-1.94, -0.70, 102.17]°, Cmd vel: [vx=2.00, vy=0.00, yaw=0.52]
2025-11-18 21:45:51 - SpotSimulation - INFO - Box <-> Goal L1 distance: 8.21 m
2025-11-18 21:45:51 - SpotSimulation - DEBUG - ✓ Image saved: frame52-20.497-ego.jpg
2025-11-18 21:45:51 - SpotSimulation - DEBUG - ✓ Image saved: frame52-20.497-top.jpg
2025-11-18 21:45:51 - SpotSimulation - DEBUG - Robot pos: [0.38, -0.20, 0.49], RPY: [-3.90, 0.60, 107.29]°, Cmd vel: [vx=2.00, vy=0.00, yaw=-0.48]
2025-11-18 21:45:51 - SpotSimulation - INFO - Box <-> Goal L1 distance: 8.21 m
2025-11-18 21:45:52 - SpotSimulation - DEBUG - ✓ Image saved: frame53-20.896-ego.jpg
2025-11-18 21:45:52 - SpotSimulation - DEBUG - ✓ Image saved: frame53-20.896-top.jpg
2025-11-18 21:45:52 - SpotSimulation - DEBUG - Robot pos: [0.33, -0.01, 0.49], RPY: [-4.18, 1.47, 108.38]°, Cmd vel: [vx=2.00, vy=0.00, yaw=-1.48]
2025-11-18 21:45:52 - SpotSimulation - INFO - Box <-> Goal L1 distance: 8.21 m
2025-11-18 21:45:52 - SpotSimulation - DEBUG - ✓ Image saved: frame54-21.316-ego.jpg
2025-11-18 21:45:52 - SpotSimulation - DEBUG - ✓ Image saved: frame54-21.316-top.jpg
2025-11-18 21:45:52 - SpotSimulation - DEBUG - Robot pos: [0.27, 0.18, 0.48], RPY: [-2.75, 0.33, 104.77]°, Cmd vel: [vx=2.00, vy=0.00, yaw=-2.00]
2025-11-18 21:45:52 - SpotSimulation - INFO - Box <-> Goal L1 distance: 8.21 m
2025-11-18 21:45:52 - SpotSimulation - DEBUG - ✓ Image saved: frame55-21.702-ego.jpg
2025-11-18 21:45:52 - SpotSimulation - DEBUG - ✓ Image saved: frame55-21.702-top.jpg
2025-11-18 21:45:52 - SpotSimulation - DEBUG - Robot pos: [0.22, 0.35, 0.49], RPY: [-1.67, -3.01, 97.77]°, Cmd vel: [vx=2.00, vy=0.00, yaw=-2.00]
2025-11-18 21:45:52 - SpotSimulation - INFO - Box <-> Goal L1 distance: 8.21 m
2025-11-18 21:45:53 - SpotSimulation - DEBUG - ✓ Image saved: frame56-22.089-ego.jpg
2025-11-18 21:45:53 - SpotSimulation - DEBUG - ✓ Image saved: frame56-22.089-top.jpg
2025-11-18 21:45:53 - SpotSimulation - DEBUG - Robot pos: [0.19, 0.52, 0.50], RPY: [-2.78, -4.61, 88.98]°, Cmd vel: [vx=2.00, vy=0.00, yaw=-2.00]
2025-11-18 21:45:53 - SpotSimulation - INFO - Box <-> Goal L1 distance: 8.21 m
2025-11-18 21:45:53 - SpotSimulation - DEBUG - ✓ Image saved: frame57-22.477-ego.jpg
2025-11-18 21:45:53 - SpotSimulation - DEBUG - ✓ Image saved: frame57-22.477-top.jpg
2025-11-18 21:45:53 - SpotSimulation - DEBUG - Robot pos: [0.19, 0.70, 0.52], RPY: [-1.53, -2.46, 81.66]°, Cmd vel: [vx=2.00, vy=0.00, yaw=-2.00]
2025-11-18 21:45:53 - SpotSimulation - INFO - Box <-> Goal L1 distance: 8.21 m
2025-11-18 21:45:54 - SpotSimulation - DEBUG - ✓ Image saved: frame58-22.845-ego.jpg
2025-11-18 21:45:54 - SpotSimulation - DEBUG - ✓ Image saved: frame58-22.845-top.jpg
2025-11-18 21:45:54 - SpotSimulation - DEBUG - Robot pos: [0.19, 0.87, 0.51], RPY: [0.24, -0.50, 78.04]°, Cmd vel: [vx=2.00, vy=0.00, yaw=-2.00]
2025-11-18 21:45:54 - SpotSimulation - INFO - Box <-> Goal L1 distance: 8.24 m
2025-11-18 21:45:54 - SpotSimulation - DEBUG - ✓ Image saved: frame59-23.254-ego.jpg
2025-11-18 21:45:54 - SpotSimulation - DEBUG - ✓ Image saved: frame59-23.254-top.jpg
2025-11-18 21:45:54 - SpotSimulation - DEBUG - Robot pos: [0.22, 1.03, 0.50], RPY: [1.24, -0.55, 71.98]°, Cmd vel: [vx=2.00, vy=0.00, yaw=-2.00]
2025-11-18 21:45:54 - SpotSimulation - INFO - Box <-> Goal L1 distance: 8.26 m
2025-11-18 21:45:54 - SpotSimulation - DEBUG - ✓ Image saved: frame60-23.643-ego.jpg
2025-11-18 21:45:54 - SpotSimulation - DEBUG - ✓ Image saved: frame60-23.643-top.jpg
2025-11-18 21:45:54 - SpotSimulation - DEBUG - Robot pos: [0.28, 1.19, 0.51], RPY: [1.23, -0.81, 64.83]°, Cmd vel: [vx=2.00, vy=0.00, yaw=-2.00]
2025-11-18 21:45:54 - SpotSimulation - INFO - Box <-> Goal L1 distance: 8.27 m
2025-11-18 21:45:55 - SpotSimulation - DEBUG - ✓ Image saved: frame61-24.032-ego.jpg
2025-11-18 21:45:55 - SpotSimulation - DEBUG - ✓ Image saved: frame61-24.032-top.jpg
2025-11-18 21:45:55 - SpotSimulation - DEBUG - Robot pos: [0.37, 1.35, 0.51], RPY: [-0.38, -1.20, 56.82]°, Cmd vel: [vx=2.00, vy=0.00, yaw=-2.00]
2025-11-18 21:45:55 - SpotSimulation - INFO - Box <-> Goal L1 distance: 8.27 m
2025-11-18 21:45:55 - SpotSimulation - DEBUG - ✓ Image saved: frame62-24.422-ego.jpg
2025-11-18 21:45:55 - SpotSimulation - DEBUG - ✓ Image saved: frame62-24.422-top.jpg
2025-11-18 21:45:55 - SpotSimulation - DEBUG - Robot pos: [0.47, 1.50, 0.51], RPY: [1.26, -0.10, 51.95]°, Cmd vel: [vx=2.00, vy=0.00, yaw=-2.00]
2025-11-18 21:45:55 - SpotSimulation - INFO - Box <-> Goal L1 distance: 8.22 m
2025-11-18 21:45:56 - SpotSimulation - DEBUG - ✓ Image saved: frame63-24.833-ego.jpg
2025-11-18 21:45:56 - SpotSimulation - DEBUG - ✓ Image saved: frame63-24.833-top.jpg
2025-11-18 21:45:56 - SpotSimulation - DEBUG - Robot pos: [0.59, 1.64, 0.49], RPY: [2.22, 0.59, 45.26]°, Cmd vel: [vx=2.00, vy=0.00, yaw=-2.00]
2025-11-18 21:45:56 - SpotSimulation - INFO - Box <-> Goal L1 distance: 8.17 m
2025-11-18 21:45:56 - SpotSimulation - DEBUG - ✓ Image saved: frame64-25.230-ego.jpg
2025-11-18 21:45:56 - SpotSimulation - DEBUG - ✓ Image saved: frame64-25.230-top.jpg
2025-11-18 21:45:56 - SpotSimulation - DEBUG - Robot pos: [0.73, 1.75, 0.50], RPY: [3.54, -0.33, 37.42]°, Cmd vel: [vx=2.00, vy=0.00, yaw=-2.00]
2025-11-18 21:45:56 - SpotSimulation - INFO - Box <-> Goal L1 distance: 8.08 m
2025-11-18 21:45:56 - SpotSimulation - DEBUG - ✓ Image saved: frame65-25.618-ego.jpg
2025-11-18 21:45:56 - SpotSimulation - DEBUG - ✓ Image saved: frame65-25.618-top.jpg
2025-11-18 21:45:56 - SpotSimulation - DEBUG - Robot pos: [0.87, 1.85, 0.51], RPY: [2.88, 0.36, 31.44]°, Cmd vel: [vx=0.34, vy=0.00, yaw=-0.16]
2025-11-18 21:45:56 - SpotSimulation - INFO - Box <-> Goal L1 distance: 7.97 m
2025-11-18 21:45:57 - SpotSimulation - DEBUG - ✓ Image saved: frame66-26.023-ego.jpg
2025-11-18 21:45:57 - SpotSimulation - DEBUG - ✓ Image saved: frame66-26.023-top.jpg
2025-11-18 21:45:57 - SpotSimulation - DEBUG - Robot pos: [0.99, 1.92, 0.52], RPY: [3.06, -0.35, 29.63]°, Cmd vel: [vx=0.06, vy=0.00, yaw=-0.01]
2025-11-18 21:45:57 - SpotSimulation - INFO - Box <-> Goal L1 distance: 7.86 m
2025-11-18 21:45:57 - SpotSimulation - DEBUG - ✓ Image saved: frame67-26.429-ego.jpg
2025-11-18 21:45:57 - SpotSimulation - DEBUG - ✓ Image saved: frame67-26.429-top.jpg
2025-11-18 21:45:57 - SpotSimulation - DEBUG - Robot pos: [1.09, 1.98, 0.51], RPY: [2.30, 0.30, 29.27]°, Cmd vel: [vx=0.01, vy=0.00, yaw=0.00]
2025-11-18 21:45:57 - SpotSimulation - INFO - Box <-> Goal L1 distance: 7.78 m
2025-11-18 21:45:58 - SpotSimulation - DEBUG - ✓ Image saved: frame68-26.814-ego.jpg
2025-11-18 21:45:58 - SpotSimulation - DEBUG - ✓ Image saved: frame68-26.814-top.jpg
2025-11-18 21:45:58 - SpotSimulation - DEBUG - Robot pos: [1.18, 2.00, 0.50], RPY: [0.20, 1.42, 29.26]°, Cmd vel: [vx=0.00, vy=0.00, yaw=0.00]
2025-11-18 21:45:58 - SpotSimulation - INFO - Box <-> Goal L1 distance: 7.74 m
2025-11-18 21:45:58 - SpotSimulation - DEBUG - ✓ Image saved: frame69-27.220-ego.jpg
2025-11-18 21:45:58 - SpotSimulation - DEBUG - ✓ Image saved: frame69-27.220-top.jpg
2025-11-18 21:45:58 - SpotSimulation - DEBUG - Robot pos: [1.26, 2.01, 0.48], RPY: [-1.18, 0.37, 29.32]°, Cmd vel: [vx=0.00, vy=0.00, yaw=0.00]
2025-11-18 21:45:58 - SpotSimulation - INFO - Box <-> Goal L1 distance: 7.73 m
2025-11-18 21:45:58 - SpotSimulation - DEBUG - ✓ Image saved: frame70-27.605-ego.jpg
2025-11-18 21:45:58 - SpotSimulation - DEBUG - ✓ Image saved: frame70-27.605-top.jpg
2025-11-18 21:45:58 - SpotSimulation - DEBUG - Robot pos: [1.29, 2.02, 0.47], RPY: [-1.73, -2.62, 29.13]°, Cmd vel: [vx=0.00, vy=0.00, yaw=0.00]
2025-11-18 21:45:58 - SpotSimulation - INFO - Box <-> Goal L1 distance: 7.70 m
2025-11-18 21:45:59 - SpotSimulation - DEBUG - ✓ Image saved: frame71-28.011-ego.jpg
2025-11-18 21:45:59 - SpotSimulation - DEBUG - ✓ Image saved: frame71-28.011-top.jpg
2025-11-18 21:45:59 - SpotSimulation - DEBUG - Robot pos: [1.30, 2.03, 0.47], RPY: [-0.94, -1.25, 28.66]°, Cmd vel: [vx=0.00, vy=0.00, yaw=0.00]
2025-11-18 21:45:59 - SpotSimulation - INFO - Box <-> Goal L1 distance: 7.68 m
2025-11-18 21:45:59 - SpotSimulation - INFO - CSV file closed with 72 frames saved
2025-11-18 21:45:59 - SpotSimulation - DEBUG - Error cleaning up camera annotators: 'HydraTexture' object has no attribute 'split'
2025-11-18 21:45:59 - SpotSimulation - INFO - Cleanup complete
