2025-11-18 22:00:10 - SpotSimulation - INFO - ✓ Terminal logging to file: 251118_220010-NULL/terminal.log
2025-11-18 22:00:10 - SpotSimulation - INFO - Configuration saved: 251118_220010-NULL/config.json
2025-11-18 22:00:10 - SpotSimulation - INFO - CSV file initialized: 251118_220010-NULL/data.csv
2025-11-18 22:00:10 - SpotSimulation - INFO - Opening robot ego-view viewport...
2025-11-18 22:00:10 - SpotSimulation - INFO - ✓ Robot ego-view viewport opened: 1280×800
2025-11-18 22:00:10 - SpotSimulation - INFO - Opening top-down viewport...
2025-11-18 22:00:10 - SpotSimulation - INFO - ✓ Top-down viewport opened: 1600×1600
2025-11-18 22:00:10 - SpotSimulation - INFO - ✓ Ego camera render product initialized: 1280×800
2025-11-18 22:00:10 - SpotSimulation - INFO - ✓ Top camera render product initialized: 1600×1600
2025-11-18 22:00:10 - SpotSimulation - INFO - Setup complete
2025-11-18 22:00:10 - SpotSimulation - INFO - Starting simulation...
2025-11-18 22:00:10 - SpotSimulation - INFO - Controls: i/k (x), j/l (y), u/o (yaw), ESC (quit)
2025-11-18 22:00:10 - SpotSimulation - INFO - Spot initialized
2025-11-18 22:00:11 - SpotSimulation - DEBUG - Robot pos: [0.61, -2.42, 0.27], RPY: [-2.19, 7.98, 124.75]°, Cmd vel: [vx=0.00, vy=0.00, yaw=0.00]
2025-11-18 22:00:11 - SpotSimulation - INFO - Box <-> Goal L1 distance: 3.40 m
2025-11-18 22:00:11 - SpotSimulation - DEBUG - Robot pos: [0.59, -2.38, 0.49], RPY: [-0.81, 16.75, 122.70]°, Cmd vel: [vx=0.00, vy=0.00, yaw=0.00]
2025-11-18 22:00:11 - SpotSimulation - INFO - Box <-> Goal L1 distance: 3.40 m
2025-11-18 22:00:12 - SpotSimulation - DEBUG - Robot pos: [0.58, -2.35, 0.62], RPY: [6.21, 22.34, 121.61]°, Cmd vel: [vx=0.00, vy=0.00, yaw=0.00]
2025-11-18 22:00:12 - SpotSimulation - INFO - Box <-> Goal L1 distance: 3.40 m
2025-11-18 22:00:12 - SpotSimulation - DEBUG - Robot pos: [0.56, -2.31, 0.65], RPY: [12.80, 27.19, 119.75]°, Cmd vel: [vx=0.00, vy=0.00, yaw=0.00]
2025-11-18 22:00:12 - SpotSimulation - INFO - Box <-> Goal L1 distance: 3.40 m
2025-11-18 22:00:13 - SpotSimulation - DEBUG - Robot pos: [0.54, -2.27, 0.61], RPY: [15.45, 31.17, 118.63]°, Cmd vel: [vx=0.00, vy=0.00, yaw=0.00]
2025-11-18 22:00:13 - SpotSimulation - INFO - Box <-> Goal L1 distance: 3.40 m
2025-11-18 22:00:13 - SpotSimulation - DEBUG - Robot pos: [0.51, -2.21, 0.55], RPY: [1.71, 19.31, 114.90]°, Cmd vel: [vx=0.00, vy=0.00, yaw=0.00]
2025-11-18 22:00:13 - SpotSimulation - INFO - Box <-> Goal L1 distance: 3.40 m
2025-11-18 22:00:14 - SpotSimulation - DEBUG - Robot pos: [0.48, -2.16, 0.49], RPY: [-1.41, 7.28, 115.40]°, Cmd vel: [vx=0.00, vy=0.00, yaw=0.00]
2025-11-18 22:00:14 - SpotSimulation - INFO - Box <-> Goal L1 distance: 3.40 m
2025-11-18 22:00:14 - SpotSimulation - DEBUG - Robot pos: [0.44, -2.12, 0.47], RPY: [-2.45, 4.97, 115.27]°, Cmd vel: [vx=0.00, vy=0.00, yaw=0.00]
2025-11-18 22:00:14 - SpotSimulation - INFO - Box <-> Goal L1 distance: 3.40 m
2025-11-18 22:00:15 - SpotSimulation - DEBUG - Robot pos: [0.39, -2.10, 0.47], RPY: [-1.83, 4.10, 115.33]°, Cmd vel: [vx=0.00, vy=0.00, yaw=0.00]
2025-11-18 22:00:15 - SpotSimulation - INFO - Box <-> Goal L1 distance: 3.40 m
2025-11-18 22:00:15 - SpotSimulation - DEBUG - Robot pos: [0.36, -2.08, 0.48], RPY: [-1.08, 2.04, 115.50]°, Cmd vel: [vx=0.00, vy=0.00, yaw=0.00]
2025-11-18 22:00:15 - SpotSimulation - INFO - Box <-> Goal L1 distance: 3.40 m
2025-11-18 22:00:16 - SpotSimulation - DEBUG - Robot pos: [0.35, -2.08, 0.49], RPY: [-0.14, 0.07, 115.34]°, Cmd vel: [vx=0.00, vy=0.00, yaw=0.00]
2025-11-18 22:00:16 - SpotSimulation - INFO - Box <-> Goal L1 distance: 3.40 m
2025-11-18 22:00:16 - SpotSimulation - DEBUG - Robot pos: [0.34, -2.07, 0.49], RPY: [0.12, -0.08, 115.03]°, Cmd vel: [vx=0.00, vy=0.00, yaw=0.00]
2025-11-18 22:00:16 - SpotSimulation - INFO - Box <-> Goal L1 distance: 3.40 m
2025-11-18 22:00:17 - SpotSimulation - DEBUG - Robot pos: [0.34, -2.07, 0.49], RPY: [0.14, 0.20, 114.86]°, Cmd vel: [vx=0.00, vy=0.00, yaw=0.00]
2025-11-18 22:00:17 - SpotSimulation - INFO - Box <-> Goal L1 distance: 3.40 m
2025-11-18 22:00:17 - SpotSimulation - DEBUG - Robot pos: [0.34, -2.07, 0.49], RPY: [0.13, 0.44, 114.74]°, Cmd vel: [vx=0.00, vy=0.00, yaw=0.00]
2025-11-18 22:00:17 - SpotSimulation - INFO - Box <-> Goal L1 distance: 3.40 m
2025-11-18 22:00:18 - SpotSimulation - DEBUG - Robot pos: [0.34, -2.07, 0.49], RPY: [0.12, 0.54, 114.61]°, Cmd vel: [vx=0.00, vy=0.00, yaw=0.00]
2025-11-18 22:00:18 - SpotSimulation - INFO - Box <-> Goal L1 distance: 3.40 m
2025-11-18 22:00:18 - SpotSimulation - DEBUG - Robot pos: [0.34, -2.07, 0.49], RPY: [0.12, 0.55, 114.48]°, Cmd vel: [vx=0.00, vy=0.00, yaw=0.00]
2025-11-18 22:00:18 - SpotSimulation - INFO - Box <-> Goal L1 distance: 3.40 m
2025-11-18 22:00:19 - SpotSimulation - DEBUG - Robot pos: [0.34, -2.07, 0.49], RPY: [0.13, 0.54, 114.34]°, Cmd vel: [vx=0.00, vy=0.00, yaw=0.00]
2025-11-18 22:00:19 - SpotSimulation - INFO - Box <-> Goal L1 distance: 3.40 m
2025-11-18 22:00:19 - SpotSimulation - DEBUG - Robot pos: [0.34, -2.07, 0.49], RPY: [0.14, 0.53, 114.20]°, Cmd vel: [vx=0.00, vy=0.00, yaw=0.00]
2025-11-18 22:00:19 - SpotSimulation - INFO - Box <-> Goal L1 distance: 3.40 m
2025-11-18 22:00:20 - SpotSimulation - DEBUG - Robot pos: [0.34, -2.07, 0.49], RPY: [0.15, 0.52, 114.07]°, Cmd vel: [vx=0.00, vy=0.00, yaw=0.00]
2025-11-18 22:00:20 - SpotSimulation - INFO - Box <-> Goal L1 distance: 3.40 m
2025-11-18 22:00:20 - SpotSimulation - DEBUG - Robot pos: [0.34, -2.07, 0.49], RPY: [0.16, 0.52, 113.94]°, Cmd vel: [vx=0.00, vy=0.00, yaw=0.00]
2025-11-18 22:00:20 - SpotSimulation - INFO - Box <-> Goal L1 distance: 3.40 m
2025-11-18 22:00:21 - SpotSimulation - DEBUG - Robot pos: [0.34, -2.07, 0.49], RPY: [0.16, 0.52, 113.81]°, Cmd vel: [vx=0.00, vy=0.00, yaw=0.00]
2025-11-18 22:00:21 - SpotSimulation - INFO - Box <-> Goal L1 distance: 3.40 m
2025-11-18 22:00:21 - SpotSimulation - INFO - CSV file closed with 0 frames saved
2025-11-18 22:00:21 - SpotSimulation - DEBUG - Error cleaning up camera annotators: 'HydraTexture' object has no attribute 'split'
2025-11-18 22:00:21 - SpotSimulation - INFO - Cleanup complete
