2025-11-18 21:50:15 - SpotSimulation - INFO - ✓ Terminal logging to file: 251118_215015-NULL/terminal.log
2025-11-18 21:50:15 - SpotSimulation - INFO - Configuration saved: 251118_215015-NULL/config.json
2025-11-18 21:50:15 - SpotSimulation - INFO - CSV file initialized: 251118_215015-NULL/data.csv
2025-11-18 21:50:15 - SpotSimulation - INFO - ✓ Camera 'EgoCamera' created at /World/Spot/body/EgoCamera_Prim/EgoCamera
2025-11-18 21:50:15 - SpotSimulation - INFO -   Resolution: 1280×800 (ratio: 0.6250)
2025-11-18 21:50:15 - SpotSimulation - INFO -   Aperture: H=36.00mm, V=22.50mm (ratio: 0.6250)
2025-11-18 21:50:15 - SpotSimulation - INFO -   Focal length: 18.0mm
2025-11-18 21:50:15 - SpotSimulation - INFO -   Aspect ratio match: ✓ YES
2025-11-18 21:50:15 - SpotSimulation - INFO - Opening robot ego-view viewport...
2025-11-18 21:50:15 - SpotSimulation - INFO - Opening ego viewport: 1280×800 (aspect: 0.625)
2025-11-18 21:50:15 - SpotSimulation - INFO - ✓ Robot ego-view viewport opened
2025-11-18 21:50:15 - SpotSimulation - INFO - Opening top-down viewport...
2025-11-18 21:50:15 - SpotSimulation - INFO - Opening top viewport: 1600×1600 (aspect: 1.000) at (1450, 100)
2025-11-18 21:50:15 - SpotSimulation - INFO - ✓ Top-down viewport opened
2025-11-18 21:50:15 - SpotSimulation - INFO - 📷 Ego camera USD properties:
2025-11-18 21:50:15 - SpotSimulation - INFO -    Focal: 18.0mm, H-Ap: 36.0mm, V-Ap: 22.5mm
2025-11-18 21:50:15 - SpotSimulation - INFO -    USD aperture ratio: 0.6250
2025-11-18 21:50:15 - SpotSimulation - INFO - Creating ego render product: /World/Spot/body/EgoCamera_Prim/EgoCamera @ (1280, 800)
2025-11-18 21:50:15 - SpotSimulation - INFO -    Render product resolution ratio: 0.6250
2025-11-18 21:50:16 - SpotSimulation - INFO - ✓ Ego camera render product initialized: 1280×800
2025-11-18 21:50:16 - SpotSimulation - INFO - 📷 Top camera USD properties:
2025-11-18 21:50:16 - SpotSimulation - INFO -    Focal: 18.0mm, H-Ap: 18.0mm, V-Ap: 18.0mm
2025-11-18 21:50:16 - SpotSimulation - INFO -    USD aperture ratio: 1.0000
2025-11-18 21:50:16 - SpotSimulation - INFO - Creating top render product: /World/TopCamera_Prim/TopCamera @ (1600, 1600)
2025-11-18 21:50:16 - SpotSimulation - INFO -    Render product resolution ratio: 1.0000
2025-11-18 21:50:16 - SpotSimulation - INFO - ✓ Top camera render product initialized: 1600×1600
2025-11-18 21:50:16 - SpotSimulation - INFO - Setup complete
2025-11-18 21:50:16 - SpotSimulation - INFO - Starting simulation...
2025-11-18 21:50:16 - SpotSimulation - INFO - Controls: i/k (x), j/l (y), u/o (yaw), ESC (quit)
2025-11-18 21:50:16 - SpotSimulation - INFO - Spot initialized
2025-11-18 21:50:17 - SpotSimulation - DEBUG - Robot pos: [-1.22, -3.02, 0.27], RPY: [-1.77, 8.89, 56.89]°, Cmd vel: [vx=0.00, vy=0.00, yaw=0.00]
2025-11-18 21:50:17 - SpotSimulation - INFO - Box <-> Goal L1 distance: 4.17 m
2025-11-18 21:50:17 - SpotSimulation - DEBUG - Robot pos: [-1.20, -2.99, 0.48], RPY: [0.26, 18.22, 54.75]°, Cmd vel: [vx=0.00, vy=0.00, yaw=0.00]
2025-11-18 21:50:17 - SpotSimulation - INFO - Box <-> Goal L1 distance: 4.17 m
2025-11-18 21:50:18 - SpotSimulation - DEBUG - Robot pos: [-1.16, -2.96, 0.60], RPY: [9.28, 23.89, 53.79]°, Cmd vel: [vx=0.00, vy=0.00, yaw=0.00]
2025-11-18 21:50:18 - SpotSimulation - INFO - Box <-> Goal L1 distance: 4.17 m
2025-11-18 21:50:18 - SpotSimulation - DEBUG - Robot pos: [-1.13, -2.93, 0.63], RPY: [15.56, 28.86, 51.73]°, Cmd vel: [vx=0.00, vy=0.00, yaw=0.00]
2025-11-18 21:50:18 - SpotSimulation - INFO - Box <-> Goal L1 distance: 4.17 m
2025-11-18 21:50:19 - SpotSimulation - DEBUG - Robot pos: [-1.10, -2.90, 0.58], RPY: [19.11, 33.34, 50.21]°, Cmd vel: [vx=0.00, vy=0.00, yaw=0.00]
2025-11-18 21:50:19 - SpotSimulation - INFO - Box <-> Goal L1 distance: 4.17 m
2025-11-18 21:50:19 - SpotSimulation - DEBUG - Robot pos: [-1.05, -2.87, 0.47], RPY: [14.38, 29.66, 45.03]°, Cmd vel: [vx=0.00, vy=0.00, yaw=0.00]
2025-11-18 21:50:19 - SpotSimulation - INFO - Box <-> Goal L1 distance: 4.17 m
2025-11-18 21:50:20 - SpotSimulation - DEBUG - Robot pos: [-0.99, -2.86, 0.39], RPY: [13.74, 12.05, 36.67]°, Cmd vel: [vx=0.00, vy=0.00, yaw=0.00]
2025-11-18 21:50:20 - SpotSimulation - INFO - Box <-> Goal L1 distance: 4.17 m
2025-11-18 21:50:20 - SpotSimulation - DEBUG - Robot pos: [-0.91, -2.86, 0.38], RPY: [15.35, 11.13, 37.26]°, Cmd vel: [vx=0.00, vy=0.00, yaw=0.00]
2025-11-18 21:50:20 - SpotSimulation - INFO - Box <-> Goal L1 distance: 4.17 m
2025-11-18 21:50:21 - SpotSimulation - DEBUG - Robot pos: [-0.83, -2.85, 0.42], RPY: [5.99, 5.17, 36.56]°, Cmd vel: [vx=0.00, vy=0.00, yaw=0.00]
2025-11-18 21:50:21 - SpotSimulation - INFO - Box <-> Goal L1 distance: 4.17 m
2025-11-18 21:50:21 - SpotSimulation - DEBUG - Robot pos: [-0.78, -2.85, 0.46], RPY: [1.83, 3.03, 35.97]°, Cmd vel: [vx=0.00, vy=0.00, yaw=0.00]
2025-11-18 21:50:21 - SpotSimulation - INFO - Box <-> Goal L1 distance: 4.17 m
2025-11-18 21:50:22 - SpotSimulation - DEBUG - Robot pos: [-0.72, -2.86, 0.47], RPY: [0.44, 2.18, 35.38]°, Cmd vel: [vx=0.00, vy=0.00, yaw=0.00]
2025-11-18 21:50:22 - SpotSimulation - INFO - Box <-> Goal L1 distance: 4.17 m
2025-11-18 21:50:22 - SpotSimulation - DEBUG - Robot pos: [-0.68, -2.85, 0.47], RPY: [-1.09, -1.71, 35.20]°, Cmd vel: [vx=0.00, vy=0.00, yaw=0.00]
2025-11-18 21:50:22 - SpotSimulation - INFO - Box <-> Goal L1 distance: 4.17 m
2025-11-18 21:50:23 - SpotSimulation - DEBUG - Robot pos: [-0.67, -2.85, 0.47], RPY: [0.10, -0.42, 34.71]°, Cmd vel: [vx=0.00, vy=0.00, yaw=0.00]
2025-11-18 21:50:23 - SpotSimulation - INFO - Box <-> Goal L1 distance: 4.17 m
2025-11-18 21:50:23 - SpotSimulation - DEBUG - Robot pos: [-0.67, -2.84, 0.47], RPY: [0.43, 0.36, 34.42]°, Cmd vel: [vx=0.00, vy=0.00, yaw=0.00]
2025-11-18 21:50:23 - SpotSimulation - INFO - Box <-> Goal L1 distance: 4.17 m
2025-11-18 21:50:24 - SpotSimulation - DEBUG - Robot pos: [-0.67, -2.84, 0.47], RPY: [0.38, 0.47, 34.22]°, Cmd vel: [vx=0.00, vy=0.00, yaw=0.00]
2025-11-18 21:50:24 - SpotSimulation - INFO - Box <-> Goal L1 distance: 4.17 m
2025-11-18 21:50:24 - SpotSimulation - DEBUG - Robot pos: [-0.67, -2.84, 0.47], RPY: [0.34, 0.58, 34.09]°, Cmd vel: [vx=0.00, vy=0.00, yaw=0.00]
2025-11-18 21:50:24 - SpotSimulation - INFO - Box <-> Goal L1 distance: 4.17 m
2025-11-18 21:50:25 - SpotSimulation - DEBUG - Robot pos: [-0.67, -2.84, 0.47], RPY: [0.29, 0.71, 34.02]°, Cmd vel: [vx=0.00, vy=0.00, yaw=0.00]
2025-11-18 21:50:25 - SpotSimulation - INFO - Box <-> Goal L1 distance: 4.17 m
2025-11-18 21:50:25 - SpotSimulation - DEBUG - Robot pos: [-0.67, -2.84, 0.47], RPY: [0.24, 0.79, 33.96]°, Cmd vel: [vx=0.00, vy=0.00, yaw=0.00]
2025-11-18 21:50:25 - SpotSimulation - INFO - Box <-> Goal L1 distance: 4.17 m
2025-11-18 21:50:26 - SpotSimulation - DEBUG - Robot pos: [-0.67, -2.84, 0.47], RPY: [0.19, 0.82, 33.90]°, Cmd vel: [vx=0.00, vy=0.00, yaw=0.00]
2025-11-18 21:50:26 - SpotSimulation - INFO - Box <-> Goal L1 distance: 4.17 m
2025-11-18 21:50:26 - SpotSimulation - DEBUG - Robot pos: [-0.68, -2.84, 0.47], RPY: [0.16, 0.82, 33.84]°, Cmd vel: [vx=0.00, vy=0.00, yaw=0.00]
2025-11-18 21:50:26 - SpotSimulation - INFO - Box <-> Goal L1 distance: 4.17 m
2025-11-18 21:50:27 - SpotSimulation - DEBUG - Robot pos: [-0.68, -2.84, 0.47], RPY: [0.14, 0.81, 33.78]°, Cmd vel: [vx=0.00, vy=0.00, yaw=0.00]
2025-11-18 21:50:27 - SpotSimulation - INFO - Box <-> Goal L1 distance: 4.17 m
2025-11-18 21:50:27 - SpotSimulation - DEBUG - Robot pos: [-0.68, -2.84, 0.47], RPY: [0.13, 0.80, 33.72]°, Cmd vel: [vx=0.00, vy=0.00, yaw=0.00]
2025-11-18 21:50:27 - SpotSimulation - INFO - Box <-> Goal L1 distance: 4.17 m
2025-11-18 21:50:27 - SpotSimulation - DEBUG - Robot pos: [-0.68, -2.84, 0.47], RPY: [0.12, 0.79, 33.67]°, Cmd vel: [vx=0.00, vy=0.00, yaw=0.00]
2025-11-18 21:50:27 - SpotSimulation - INFO - Box <-> Goal L1 distance: 4.17 m
2025-11-18 21:50:28 - SpotSimulation - DEBUG - Robot pos: [-0.68, -2.84, 0.47], RPY: [0.11, 0.79, 33.61]°, Cmd vel: [vx=0.00, vy=0.00, yaw=0.00]
2025-11-18 21:50:28 - SpotSimulation - INFO - Box <-> Goal L1 distance: 4.17 m
2025-11-18 21:50:28 - SpotSimulation - DEBUG - Robot pos: [-0.68, -2.84, 0.47], RPY: [0.10, 0.78, 33.56]°, Cmd vel: [vx=0.00, vy=0.00, yaw=0.00]
2025-11-18 21:50:28 - SpotSimulation - INFO - Box <-> Goal L1 distance: 4.17 m
2025-11-18 21:50:29 - SpotSimulation - DEBUG - Robot pos: [-0.68, -2.84, 0.47], RPY: [0.10, 0.78, 33.50]°, Cmd vel: [vx=0.00, vy=0.00, yaw=0.00]
2025-11-18 21:50:29 - SpotSimulation - INFO - Box <-> Goal L1 distance: 4.17 m
2025-11-18 21:50:29 - SpotSimulation - DEBUG - Robot pos: [-0.68, -2.84, 0.47], RPY: [0.09, 0.77, 33.45]°, Cmd vel: [vx=0.00, vy=0.00, yaw=0.00]
2025-11-18 21:50:29 - SpotSimulation - INFO - Box <-> Goal L1 distance: 4.17 m
2025-11-18 21:50:30 - SpotSimulation - DEBUG - Robot pos: [-0.68, -2.84, 0.47], RPY: [0.08, 0.77, 33.40]°, Cmd vel: [vx=0.00, vy=0.00, yaw=0.00]
2025-11-18 21:50:30 - SpotSimulation - INFO - Box <-> Goal L1 distance: 4.17 m
2025-11-18 21:50:30 - SpotSimulation - DEBUG - Robot pos: [-0.68, -2.84, 0.47], RPY: [0.08, 0.77, 33.34]°, Cmd vel: [vx=0.00, vy=0.00, yaw=0.00]
2025-11-18 21:50:30 - SpotSimulation - INFO - Box <-> Goal L1 distance: 4.17 m
2025-11-18 21:50:30 - SpotSimulation - DEBUG - Robot pos: [-0.68, -2.84, 0.47], RPY: [0.07, 0.77, 33.29]°, Cmd vel: [vx=0.00, vy=0.00, yaw=0.00]
2025-11-18 21:50:30 - SpotSimulation - INFO - Box <-> Goal L1 distance: 4.17 m
2025-11-18 21:50:31 - SpotSimulation - DEBUG - Robot pos: [-0.68, -2.84, 0.47], RPY: [0.07, 0.77, 33.24]°, Cmd vel: [vx=0.00, vy=0.00, yaw=0.00]
2025-11-18 21:50:31 - SpotSimulation - INFO - Box <-> Goal L1 distance: 4.17 m
2025-11-18 21:50:31 - SpotSimulation - DEBUG - Robot pos: [-0.68, -2.84, 0.47], RPY: [0.07, 0.77, 33.19]°, Cmd vel: [vx=0.00, vy=0.00, yaw=0.00]
2025-11-18 21:50:31 - SpotSimulation - INFO - Box <-> Goal L1 distance: 4.17 m
2025-11-18 21:50:32 - SpotSimulation - DEBUG - Robot pos: [-0.68, -2.84, 0.47], RPY: [0.07, 0.77, 33.15]°, Cmd vel: [vx=0.00, vy=0.00, yaw=0.00]
2025-11-18 21:50:32 - SpotSimulation - INFO - Box <-> Goal L1 distance: 4.17 m
2025-11-18 21:50:32 - SpotSimulation - DEBUG - Robot pos: [-0.68, -2.84, 0.47], RPY: [0.06, 0.77, 33.10]°, Cmd vel: [vx=0.00, vy=0.00, yaw=0.00]
2025-11-18 21:50:32 - SpotSimulation - INFO - Box <-> Goal L1 distance: 4.17 m
2025-11-18 21:50:33 - SpotSimulation - DEBUG - Robot pos: [-0.68, -2.84, 0.47], RPY: [0.06, 0.77, 33.05]°, Cmd vel: [vx=0.00, vy=0.00, yaw=0.00]
2025-11-18 21:50:33 - SpotSimulation - INFO - Box <-> Goal L1 distance: 4.17 m
2025-11-18 21:50:33 - SpotSimulation - DEBUG - Robot pos: [-0.68, -2.84, 0.47], RPY: [0.06, 0.77, 33.01]°, Cmd vel: [vx=0.00, vy=0.00, yaw=0.00]
2025-11-18 21:50:33 - SpotSimulation - INFO - Box <-> Goal L1 distance: 4.17 m
2025-11-18 21:50:34 - SpotSimulation - DEBUG - Robot pos: [-0.68, -2.84, 0.47], RPY: [0.06, 0.77, 32.96]°, Cmd vel: [vx=0.00, vy=0.00, yaw=0.00]
2025-11-18 21:50:34 - SpotSimulation - INFO - Box <-> Goal L1 distance: 4.17 m
2025-11-18 21:50:34 - SpotSimulation - DEBUG - Robot pos: [-0.68, -2.84, 0.47], RPY: [0.05, 0.77, 32.92]°, Cmd vel: [vx=0.00, vy=0.00, yaw=0.00]
2025-11-18 21:50:34 - SpotSimulation - INFO - Box <-> Goal L1 distance: 4.17 m
2025-11-18 21:50:35 - SpotSimulation - DEBUG - Robot pos: [-0.68, -2.84, 0.47], RPY: [0.05, 0.77, 32.87]°, Cmd vel: [vx=0.00, vy=0.00, yaw=0.00]
2025-11-18 21:50:35 - SpotSimulation - INFO - Box <-> Goal L1 distance: 4.17 m
2025-11-18 21:50:35 - SpotSimulation - DEBUG - Robot pos: [-0.68, -2.84, 0.47], RPY: [0.05, 0.77, 32.83]°, Cmd vel: [vx=0.00, vy=0.00, yaw=0.00]
2025-11-18 21:50:35 - SpotSimulation - INFO - Box <-> Goal L1 distance: 4.17 m
2025-11-18 21:50:35 - SpotSimulation - DEBUG - Robot pos: [-0.68, -2.84, 0.47], RPY: [0.05, 0.77, 32.79]°, Cmd vel: [vx=0.00, vy=0.00, yaw=0.00]
2025-11-18 21:50:35 - SpotSimulation - INFO - Box <-> Goal L1 distance: 4.17 m
2025-11-18 21:50:36 - SpotSimulation - DEBUG - Robot pos: [-0.68, -2.84, 0.47], RPY: [0.04, 0.77, 32.75]°, Cmd vel: [vx=0.00, vy=0.00, yaw=0.00]
2025-11-18 21:50:36 - SpotSimulation - INFO - Box <-> Goal L1 distance: 4.17 m
2025-11-18 21:50:36 - SpotSimulation - DEBUG - Robot pos: [-0.68, -2.84, 0.47], RPY: [0.04, 0.77, 32.70]°, Cmd vel: [vx=0.00, vy=0.00, yaw=0.00]
2025-11-18 21:50:36 - SpotSimulation - INFO - Box <-> Goal L1 distance: 4.17 m
2025-11-18 21:50:37 - SpotSimulation - DEBUG - Robot pos: [-0.68, -2.84, 0.47], RPY: [0.04, 0.78, 32.66]°, Cmd vel: [vx=0.00, vy=0.00, yaw=0.00]
2025-11-18 21:50:37 - SpotSimulation - INFO - Box <-> Goal L1 distance: 4.17 m
2025-11-18 21:50:37 - SpotSimulation - DEBUG - Robot pos: [-0.68, -2.84, 0.47], RPY: [0.04, 0.78, 32.62]°, Cmd vel: [vx=0.00, vy=0.00, yaw=0.00]
2025-11-18 21:50:37 - SpotSimulation - INFO - Box <-> Goal L1 distance: 4.17 m
2025-11-18 21:50:38 - SpotSimulation - DEBUG - Robot pos: [-0.68, -2.84, 0.47], RPY: [0.04, 0.78, 32.58]°, Cmd vel: [vx=0.00, vy=0.00, yaw=0.00]
2025-11-18 21:50:38 - SpotSimulation - INFO - Box <-> Goal L1 distance: 4.17 m
2025-11-18 21:50:38 - SpotSimulation - DEBUG - Robot pos: [-0.68, -2.84, 0.47], RPY: [0.03, 0.78, 32.54]°, Cmd vel: [vx=0.00, vy=0.00, yaw=0.00]
2025-11-18 21:50:38 - SpotSimulation - INFO - Box <-> Goal L1 distance: 4.17 m
2025-11-18 21:50:38 - SpotSimulation - DEBUG - Robot pos: [-0.68, -2.84, 0.47], RPY: [0.03, 0.78, 32.50]°, Cmd vel: [vx=0.00, vy=0.00, yaw=0.00]
2025-11-18 21:50:38 - SpotSimulation - INFO - Box <-> Goal L1 distance: 4.17 m
2025-11-18 21:50:39 - SpotSimulation - DEBUG - Robot pos: [-0.68, -2.84, 0.47], RPY: [0.03, 0.78, 32.46]°, Cmd vel: [vx=0.00, vy=0.00, yaw=0.00]
2025-11-18 21:50:39 - SpotSimulation - INFO - Box <-> Goal L1 distance: 4.17 m
2025-11-18 21:50:39 - SpotSimulation - DEBUG - Robot pos: [-0.68, -2.84, 0.47], RPY: [0.03, 0.78, 32.43]°, Cmd vel: [vx=0.00, vy=0.00, yaw=0.00]
2025-11-18 21:50:39 - SpotSimulation - INFO - Box <-> Goal L1 distance: 4.17 m
2025-11-18 21:50:40 - SpotSimulation - DEBUG - Robot pos: [-0.68, -2.84, 0.47], RPY: [0.03, 0.78, 32.39]°, Cmd vel: [vx=0.00, vy=0.00, yaw=0.00]
2025-11-18 21:50:40 - SpotSimulation - INFO - Box <-> Goal L1 distance: 4.17 m
2025-11-18 21:50:40 - SpotSimulation - DEBUG - Robot pos: [-0.68, -2.84, 0.47], RPY: [0.03, 0.78, 32.35]°, Cmd vel: [vx=0.00, vy=0.00, yaw=0.00]
2025-11-18 21:50:40 - SpotSimulation - INFO - Box <-> Goal L1 distance: 4.17 m
2025-11-18 21:50:41 - SpotSimulation - DEBUG - Robot pos: [-0.68, -2.84, 0.47], RPY: [0.02, 0.78, 32.31]°, Cmd vel: [vx=0.00, vy=0.00, yaw=0.00]
2025-11-18 21:50:41 - SpotSimulation - INFO - Box <-> Goal L1 distance: 4.17 m
2025-11-18 21:50:41 - SpotSimulation - DEBUG - Robot pos: [-0.68, -2.84, 0.47], RPY: [0.02, 0.78, 32.28]°, Cmd vel: [vx=0.00, vy=0.00, yaw=0.00]
2025-11-18 21:50:41 - SpotSimulation - INFO - Box <-> Goal L1 distance: 4.17 m
2025-11-18 21:50:41 - SpotSimulation - DEBUG - Robot pos: [-0.68, -2.84, 0.47], RPY: [0.02, 0.78, 32.24]°, Cmd vel: [vx=0.00, vy=0.00, yaw=0.00]
2025-11-18 21:50:41 - SpotSimulation - INFO - Box <-> Goal L1 distance: 4.17 m
2025-11-18 21:50:42 - SpotSimulation - DEBUG - Robot pos: [-0.68, -2.84, 0.47], RPY: [0.02, 0.78, 32.20]°, Cmd vel: [vx=0.00, vy=0.00, yaw=0.00]
2025-11-18 21:50:42 - SpotSimulation - INFO - Box <-> Goal L1 distance: 4.17 m
2025-11-18 21:50:42 - SpotSimulation - DEBUG - Robot pos: [-0.68, -2.84, 0.47], RPY: [0.02, 0.78, 32.17]°, Cmd vel: [vx=0.00, vy=0.00, yaw=0.00]
2025-11-18 21:50:42 - SpotSimulation - INFO - Box <-> Goal L1 distance: 4.17 m
2025-11-18 21:50:43 - SpotSimulation - DEBUG - Robot pos: [-0.68, -2.84, 0.47], RPY: [0.02, 0.78, 32.13]°, Cmd vel: [vx=0.00, vy=0.00, yaw=0.00]
2025-11-18 21:50:43 - SpotSimulation - INFO - Box <-> Goal L1 distance: 4.17 m
2025-11-18 21:50:43 - SpotSimulation - DEBUG - Robot pos: [-0.68, -2.84, 0.47], RPY: [0.01, 0.79, 32.10]°, Cmd vel: [vx=0.00, vy=0.00, yaw=0.00]
2025-11-18 21:50:43 - SpotSimulation - INFO - Box <-> Goal L1 distance: 4.17 m
2025-11-18 21:50:44 - SpotSimulation - DEBUG - Robot pos: [-0.68, -2.84, 0.47], RPY: [0.01, 0.79, 32.06]°, Cmd vel: [vx=0.00, vy=0.00, yaw=0.00]
2025-11-18 21:50:44 - SpotSimulation - INFO - Box <-> Goal L1 distance: 4.17 m
2025-11-18 21:50:44 - SpotSimulation - DEBUG - Robot pos: [-0.68, -2.84, 0.47], RPY: [0.01, 0.79, 32.03]°, Cmd vel: [vx=0.00, vy=0.00, yaw=0.00]
2025-11-18 21:50:44 - SpotSimulation - INFO - Box <-> Goal L1 distance: 4.17 m
2025-11-18 21:50:45 - SpotSimulation - DEBUG - Robot pos: [-0.68, -2.84, 0.47], RPY: [0.01, 0.79, 32.00]°, Cmd vel: [vx=0.00, vy=0.00, yaw=0.00]
2025-11-18 21:50:45 - SpotSimulation - INFO - Box <-> Goal L1 distance: 4.17 m
2025-11-18 21:50:45 - SpotSimulation - DEBUG - Robot pos: [-0.68, -2.84, 0.47], RPY: [0.01, 0.79, 31.96]°, Cmd vel: [vx=0.00, vy=0.00, yaw=0.00]
2025-11-18 21:50:45 - SpotSimulation - INFO - Box <-> Goal L1 distance: 4.17 m
2025-11-18 21:50:45 - SpotSimulation - DEBUG - Robot pos: [-0.68, -2.84, 0.47], RPY: [0.01, 0.79, 31.93]°, Cmd vel: [vx=0.00, vy=0.00, yaw=0.00]
2025-11-18 21:50:45 - SpotSimulation - INFO - Box <-> Goal L1 distance: 4.17 m
2025-11-18 21:50:46 - SpotSimulation - DEBUG - Robot pos: [-0.68, -2.84, 0.47], RPY: [0.00, 0.79, 31.89]°, Cmd vel: [vx=0.00, vy=0.00, yaw=0.00]
2025-11-18 21:50:46 - SpotSimulation - INFO - Box <-> Goal L1 distance: 4.17 m
2025-11-18 21:50:46 - SpotSimulation - DEBUG - Robot pos: [-0.68, -2.84, 0.47], RPY: [0.00, 0.79, 31.86]°, Cmd vel: [vx=0.00, vy=0.00, yaw=0.00]
2025-11-18 21:50:46 - SpotSimulation - INFO - Box <-> Goal L1 distance: 4.17 m
2025-11-18 21:50:47 - SpotSimulation - DEBUG - Robot pos: [-0.68, -2.84, 0.47], RPY: [0.00, 0.79, 31.83]°, Cmd vel: [vx=0.00, vy=0.00, yaw=0.00]
2025-11-18 21:50:47 - SpotSimulation - INFO - Box <-> Goal L1 distance: 4.17 m
2025-11-18 21:50:47 - SpotSimulation - DEBUG - Robot pos: [-0.68, -2.84, 0.47], RPY: [0.00, 0.79, 31.80]°, Cmd vel: [vx=0.00, vy=0.00, yaw=0.00]
2025-11-18 21:50:47 - SpotSimulation - INFO - Box <-> Goal L1 distance: 4.17 m
2025-11-18 21:50:47 - SpotSimulation - DEBUG - Robot pos: [-0.68, -2.84, 0.47], RPY: [-0.00, 0.79, 31.77]°, Cmd vel: [vx=0.00, vy=0.00, yaw=0.00]
2025-11-18 21:50:47 - SpotSimulation - INFO - Box <-> Goal L1 distance: 4.17 m
2025-11-18 21:50:48 - SpotSimulation - DEBUG - Robot pos: [-0.68, -2.84, 0.47], RPY: [-0.00, 0.79, 31.73]°, Cmd vel: [vx=0.00, vy=0.00, yaw=0.00]
2025-11-18 21:50:48 - SpotSimulation - INFO - Box <-> Goal L1 distance: 4.17 m
2025-11-18 21:50:48 - SpotSimulation - DEBUG - Robot pos: [-0.68, -2.84, 0.47], RPY: [-0.00, 0.79, 31.70]°, Cmd vel: [vx=0.00, vy=0.00, yaw=0.00]
2025-11-18 21:50:48 - SpotSimulation - INFO - Box <-> Goal L1 distance: 4.17 m
2025-11-18 21:50:49 - SpotSimulation - DEBUG - Robot pos: [-0.68, -2.84, 0.47], RPY: [-0.01, 0.79, 31.67]°, Cmd vel: [vx=0.00, vy=0.00, yaw=0.00]
2025-11-18 21:50:49 - SpotSimulation - INFO - Box <-> Goal L1 distance: 4.17 m
2025-11-18 21:50:49 - SpotSimulation - DEBUG - Robot pos: [-0.68, -2.84, 0.47], RPY: [-0.01, 0.79, 31.64]°, Cmd vel: [vx=0.00, vy=0.00, yaw=0.00]
2025-11-18 21:50:49 - SpotSimulation - INFO - Box <-> Goal L1 distance: 4.17 m
2025-11-18 21:50:50 - SpotSimulation - DEBUG - Robot pos: [-0.68, -2.84, 0.47], RPY: [-0.01, 0.79, 31.61]°, Cmd vel: [vx=0.00, vy=0.00, yaw=0.00]
2025-11-18 21:50:50 - SpotSimulation - INFO - Box <-> Goal L1 distance: 4.17 m
2025-11-18 21:50:50 - SpotSimulation - DEBUG - Robot pos: [-0.68, -2.84, 0.47], RPY: [-0.01, 0.79, 31.58]°, Cmd vel: [vx=0.00, vy=0.00, yaw=0.00]
2025-11-18 21:50:50 - SpotSimulation - INFO - Box <-> Goal L1 distance: 4.17 m
2025-11-18 21:50:50 - SpotSimulation - DEBUG - Robot pos: [-0.68, -2.84, 0.47], RPY: [-0.01, 0.79, 31.55]°, Cmd vel: [vx=0.00, vy=0.00, yaw=0.00]
2025-11-18 21:50:50 - SpotSimulation - INFO - Box <-> Goal L1 distance: 4.17 m
2025-11-18 21:50:51 - SpotSimulation - DEBUG - Robot pos: [-0.68, -2.84, 0.47], RPY: [-0.01, 0.80, 31.53]°, Cmd vel: [vx=0.00, vy=0.00, yaw=0.00]
2025-11-18 21:50:51 - SpotSimulation - INFO - Box <-> Goal L1 distance: 4.17 m
2025-11-18 21:50:51 - SpotSimulation - DEBUG - Robot pos: [-0.68, -2.84, 0.47], RPY: [-0.01, 0.80, 31.50]°, Cmd vel: [vx=0.00, vy=0.00, yaw=0.00]
2025-11-18 21:50:51 - SpotSimulation - INFO - Box <-> Goal L1 distance: 4.17 m
2025-11-18 21:50:52 - SpotSimulation - DEBUG - Robot pos: [-0.68, -2.84, 0.47], RPY: [-0.01, 0.80, 31.47]°, Cmd vel: [vx=0.00, vy=0.00, yaw=0.00]
2025-11-18 21:50:52 - SpotSimulation - INFO - Box <-> Goal L1 distance: 4.17 m
2025-11-18 21:50:52 - SpotSimulation - DEBUG - Robot pos: [-0.68, -2.84, 0.47], RPY: [-0.02, 0.80, 31.44]°, Cmd vel: [vx=0.00, vy=0.00, yaw=0.00]
2025-11-18 21:50:52 - SpotSimulation - INFO - Box <-> Goal L1 distance: 4.17 m
2025-11-18 21:50:53 - SpotSimulation - DEBUG - Robot pos: [-0.68, -2.84, 0.47], RPY: [-0.02, 0.80, 31.41]°, Cmd vel: [vx=0.00, vy=0.00, yaw=0.00]
2025-11-18 21:50:53 - SpotSimulation - INFO - Box <-> Goal L1 distance: 4.17 m
2025-11-18 21:50:53 - SpotSimulation - DEBUG - Robot pos: [-0.68, -2.84, 0.47], RPY: [-0.02, 0.80, 31.39]°, Cmd vel: [vx=0.00, vy=0.00, yaw=0.00]
2025-11-18 21:50:53 - SpotSimulation - INFO - Box <-> Goal L1 distance: 4.17 m
2025-11-18 21:50:53 - SpotSimulation - DEBUG - Robot pos: [-0.68, -2.84, 0.47], RPY: [-0.02, 0.80, 31.36]°, Cmd vel: [vx=0.00, vy=0.00, yaw=0.00]
2025-11-18 21:50:53 - SpotSimulation - INFO - Box <-> Goal L1 distance: 4.17 m
2025-11-18 21:50:54 - SpotSimulation - DEBUG - Robot pos: [-0.68, -2.84, 0.47], RPY: [-0.02, 0.80, 31.33]°, Cmd vel: [vx=0.00, vy=0.00, yaw=0.00]
2025-11-18 21:50:54 - SpotSimulation - INFO - Box <-> Goal L1 distance: 4.17 m
2025-11-18 21:50:54 - SpotSimulation - DEBUG - Robot pos: [-0.68, -2.84, 0.47], RPY: [-0.02, 0.80, 31.30]°, Cmd vel: [vx=0.00, vy=0.00, yaw=0.00]
2025-11-18 21:50:54 - SpotSimulation - INFO - Box <-> Goal L1 distance: 4.17 m
2025-11-18 21:50:55 - SpotSimulation - DEBUG - Robot pos: [-0.68, -2.84, 0.47], RPY: [-0.02, 0.80, 31.28]°, Cmd vel: [vx=0.00, vy=0.00, yaw=0.00]
2025-11-18 21:50:55 - SpotSimulation - INFO - Box <-> Goal L1 distance: 4.17 m
2025-11-18 21:50:55 - SpotSimulation - DEBUG - Robot pos: [-0.68, -2.84, 0.47], RPY: [-0.02, 0.80, 31.25]°, Cmd vel: [vx=0.00, vy=0.00, yaw=0.00]
2025-11-18 21:50:55 - SpotSimulation - INFO - Box <-> Goal L1 distance: 4.17 m
2025-11-18 21:50:56 - SpotSimulation - DEBUG - Robot pos: [-0.68, -2.84, 0.47], RPY: [-0.02, 0.80, 31.22]°, Cmd vel: [vx=0.00, vy=0.00, yaw=0.00]
2025-11-18 21:50:56 - SpotSimulation - INFO - Box <-> Goal L1 distance: 4.17 m
2025-11-18 21:50:56 - SpotSimulation - DEBUG - Robot pos: [-0.68, -2.84, 0.47], RPY: [-0.03, 0.80, 31.20]°, Cmd vel: [vx=0.00, vy=0.00, yaw=0.00]
2025-11-18 21:50:56 - SpotSimulation - INFO - Box <-> Goal L1 distance: 4.17 m
2025-11-18 21:50:57 - SpotSimulation - DEBUG - Robot pos: [-0.68, -2.84, 0.47], RPY: [-0.03, 0.80, 31.17]°, Cmd vel: [vx=0.00, vy=0.00, yaw=0.00]
2025-11-18 21:50:57 - SpotSimulation - INFO - Box <-> Goal L1 distance: 4.17 m
2025-11-18 21:50:57 - SpotSimulation - DEBUG - Robot pos: [-0.68, -2.84, 0.47], RPY: [-0.03, 0.80, 31.15]°, Cmd vel: [vx=0.00, vy=0.00, yaw=0.00]
2025-11-18 21:50:57 - SpotSimulation - INFO - Box <-> Goal L1 distance: 4.17 m
2025-11-18 21:50:57 - SpotSimulation - DEBUG - Robot pos: [-0.68, -2.84, 0.47], RPY: [-0.03, 0.80, 31.12]°, Cmd vel: [vx=0.00, vy=0.00, yaw=0.00]
2025-11-18 21:50:57 - SpotSimulation - INFO - Box <-> Goal L1 distance: 4.17 m
2025-11-18 21:50:58 - SpotSimulation - DEBUG - Robot pos: [-0.68, -2.84, 0.47], RPY: [-0.03, 0.80, 31.10]°, Cmd vel: [vx=0.00, vy=0.00, yaw=0.00]
2025-11-18 21:50:58 - SpotSimulation - INFO - Box <-> Goal L1 distance: 4.17 m
2025-11-18 21:50:58 - SpotSimulation - DEBUG - Robot pos: [-0.68, -2.84, 0.47], RPY: [-0.03, 0.80, 31.07]°, Cmd vel: [vx=0.00, vy=0.00, yaw=0.00]
2025-11-18 21:50:58 - SpotSimulation - INFO - Box <-> Goal L1 distance: 4.17 m
2025-11-18 21:50:59 - SpotSimulation - DEBUG - Robot pos: [-0.68, -2.84, 0.47], RPY: [-0.03, 0.80, 31.05]°, Cmd vel: [vx=0.00, vy=0.00, yaw=0.00]
2025-11-18 21:50:59 - SpotSimulation - INFO - Box <-> Goal L1 distance: 4.17 m
2025-11-18 21:50:59 - SpotSimulation - DEBUG - Robot pos: [-0.68, -2.84, 0.47], RPY: [-0.03, 0.80, 31.02]°, Cmd vel: [vx=0.00, vy=0.00, yaw=0.00]
2025-11-18 21:50:59 - SpotSimulation - INFO - Box <-> Goal L1 distance: 4.17 m
2025-11-18 21:51:00 - SpotSimulation - DEBUG - Robot pos: [-0.68, -2.84, 0.47], RPY: [-0.04, 0.80, 31.00]°, Cmd vel: [vx=0.00, vy=0.00, yaw=0.00]
2025-11-18 21:51:00 - SpotSimulation - INFO - Box <-> Goal L1 distance: 4.17 m
2025-11-18 21:51:00 - SpotSimulation - DEBUG - Robot pos: [-0.68, -2.84, 0.47], RPY: [-0.04, 0.80, 30.97]°, Cmd vel: [vx=0.00, vy=0.00, yaw=0.00]
2025-11-18 21:51:00 - SpotSimulation - INFO - Box <-> Goal L1 distance: 4.17 m
2025-11-18 21:51:01 - SpotSimulation - DEBUG - Robot pos: [-0.68, -2.84, 0.47], RPY: [-0.04, 0.80, 30.95]°, Cmd vel: [vx=0.00, vy=0.00, yaw=0.00]
2025-11-18 21:51:01 - SpotSimulation - INFO - Box <-> Goal L1 distance: 4.17 m
2025-11-18 21:51:01 - SpotSimulation - DEBUG - Robot pos: [-0.68, -2.84, 0.47], RPY: [-0.04, 0.80, 30.92]°, Cmd vel: [vx=0.00, vy=0.00, yaw=0.00]
2025-11-18 21:51:01 - SpotSimulation - INFO - Box <-> Goal L1 distance: 4.17 m
2025-11-18 21:51:01 - SpotSimulation - DEBUG - Robot pos: [-0.68, -2.84, 0.47], RPY: [-0.04, 0.80, 30.90]°, Cmd vel: [vx=0.00, vy=0.00, yaw=0.00]
2025-11-18 21:51:01 - SpotSimulation - INFO - Box <-> Goal L1 distance: 4.17 m
2025-11-18 21:51:02 - SpotSimulation - DEBUG - Robot pos: [-0.68, -2.84, 0.47], RPY: [-0.04, 0.81, 30.87]°, Cmd vel: [vx=0.00, vy=0.00, yaw=0.00]
2025-11-18 21:51:02 - SpotSimulation - INFO - Box <-> Goal L1 distance: 4.17 m
2025-11-18 21:51:02 - SpotSimulation - DEBUG - Robot pos: [-0.68, -2.84, 0.47], RPY: [-0.04, 0.80, 30.85]°, Cmd vel: [vx=0.00, vy=0.00, yaw=0.00]
2025-11-18 21:51:02 - SpotSimulation - INFO - Box <-> Goal L1 distance: 4.17 m
2025-11-18 21:51:03 - SpotSimulation - DEBUG - Robot pos: [-0.68, -2.84, 0.47], RPY: [-0.04, 0.81, 30.82]°, Cmd vel: [vx=0.00, vy=0.00, yaw=0.00]
2025-11-18 21:51:03 - SpotSimulation - INFO - Box <-> Goal L1 distance: 4.17 m
2025-11-18 21:51:03 - SpotSimulation - DEBUG - Robot pos: [-0.68, -2.84, 0.47], RPY: [-0.04, 0.81, 30.80]°, Cmd vel: [vx=0.00, vy=0.00, yaw=0.00]
2025-11-18 21:51:03 - SpotSimulation - INFO - Box <-> Goal L1 distance: 4.17 m
2025-11-18 21:51:04 - SpotSimulation - DEBUG - Robot pos: [-0.68, -2.84, 0.47], RPY: [-0.05, 0.81, 30.78]°, Cmd vel: [vx=0.00, vy=0.00, yaw=0.00]
2025-11-18 21:51:04 - SpotSimulation - INFO - Box <-> Goal L1 distance: 4.17 m
2025-11-18 21:51:04 - SpotSimulation - DEBUG - Robot pos: [-0.68, -2.84, 0.47], RPY: [-0.05, 0.81, 30.75]°, Cmd vel: [vx=0.00, vy=0.00, yaw=0.00]
2025-11-18 21:51:04 - SpotSimulation - INFO - Box <-> Goal L1 distance: 4.17 m
2025-11-18 21:51:05 - SpotSimulation - DEBUG - Robot pos: [-0.69, -2.84, 0.47], RPY: [-0.05, 0.81, 30.73]°, Cmd vel: [vx=0.00, vy=0.00, yaw=0.00]
2025-11-18 21:51:05 - SpotSimulation - INFO - Box <-> Goal L1 distance: 4.17 m
2025-11-18 21:51:05 - SpotSimulation - DEBUG - Robot pos: [-0.69, -2.84, 0.47], RPY: [-0.05, 0.81, 30.71]°, Cmd vel: [vx=0.00, vy=0.00, yaw=0.00]
2025-11-18 21:51:05 - SpotSimulation - INFO - Box <-> Goal L1 distance: 4.17 m
2025-11-18 21:51:05 - SpotSimulation - DEBUG - Robot pos: [-0.69, -2.84, 0.47], RPY: [-0.05, 0.81, 30.68]°, Cmd vel: [vx=0.00, vy=0.00, yaw=0.00]
2025-11-18 21:51:05 - SpotSimulation - INFO - Box <-> Goal L1 distance: 4.17 m
2025-11-18 21:51:06 - SpotSimulation - DEBUG - Robot pos: [-0.69, -2.84, 0.47], RPY: [-0.05, 0.81, 30.66]°, Cmd vel: [vx=0.00, vy=0.00, yaw=0.00]
2025-11-18 21:51:06 - SpotSimulation - INFO - Box <-> Goal L1 distance: 4.17 m
2025-11-18 21:51:06 - SpotSimulation - DEBUG - Robot pos: [-0.69, -2.84, 0.47], RPY: [-0.05, 0.81, 30.64]°, Cmd vel: [vx=0.00, vy=0.00, yaw=0.00]
2025-11-18 21:51:06 - SpotSimulation - INFO - Box <-> Goal L1 distance: 4.17 m
2025-11-18 21:51:07 - SpotSimulation - DEBUG - Robot pos: [-0.69, -2.84, 0.47], RPY: [-0.05, 0.81, 30.62]°, Cmd vel: [vx=0.00, vy=0.00, yaw=0.00]
2025-11-18 21:51:07 - SpotSimulation - INFO - Box <-> Goal L1 distance: 4.17 m
2025-11-18 21:51:07 - SpotSimulation - DEBUG - Robot pos: [-0.69, -2.84, 0.47], RPY: [-0.05, 0.81, 30.59]°, Cmd vel: [vx=0.00, vy=0.00, yaw=0.00]
2025-11-18 21:51:07 - SpotSimulation - INFO - Box <-> Goal L1 distance: 4.17 m
2025-11-18 21:51:07 - SpotSimulation - DEBUG - Robot pos: [-0.69, -2.84, 0.47], RPY: [-0.05, 0.81, 30.57]°, Cmd vel: [vx=0.00, vy=0.00, yaw=0.00]
2025-11-18 21:51:07 - SpotSimulation - INFO - Box <-> Goal L1 distance: 4.17 m
2025-11-18 21:51:08 - SpotSimulation - DEBUG - Robot pos: [-0.69, -2.84, 0.47], RPY: [-0.05, 0.81, 30.55]°, Cmd vel: [vx=0.00, vy=0.00, yaw=0.00]
2025-11-18 21:51:08 - SpotSimulation - INFO - Box <-> Goal L1 distance: 4.17 m
2025-11-18 21:51:08 - SpotSimulation - DEBUG - Robot pos: [-0.69, -2.84, 0.47], RPY: [-0.06, 0.81, 30.53]°, Cmd vel: [vx=0.00, vy=0.00, yaw=0.00]
2025-11-18 21:51:08 - SpotSimulation - INFO - Box <-> Goal L1 distance: 4.17 m
2025-11-18 21:51:09 - SpotSimulation - DEBUG - Robot pos: [-0.69, -2.84, 0.47], RPY: [-0.06, 0.81, 30.50]°, Cmd vel: [vx=0.00, vy=0.00, yaw=0.00]
2025-11-18 21:51:09 - SpotSimulation - INFO - Box <-> Goal L1 distance: 4.17 m
2025-11-18 21:51:09 - SpotSimulation - DEBUG - Robot pos: [-0.69, -2.84, 0.47], RPY: [-0.06, 0.81, 30.48]°, Cmd vel: [vx=0.00, vy=0.00, yaw=0.00]
2025-11-18 21:51:09 - SpotSimulation - INFO - Box <-> Goal L1 distance: 4.17 m
2025-11-18 21:51:09 - SpotSimulation - DEBUG - Robot pos: [-0.69, -2.84, 0.47], RPY: [-0.06, 0.81, 30.46]°, Cmd vel: [vx=0.00, vy=0.00, yaw=0.00]
2025-11-18 21:51:09 - SpotSimulation - INFO - Box <-> Goal L1 distance: 4.17 m
2025-11-18 21:51:10 - SpotSimulation - DEBUG - Robot pos: [-0.69, -2.84, 0.47], RPY: [-0.06, 0.81, 30.44]°, Cmd vel: [vx=0.00, vy=0.00, yaw=0.00]
2025-11-18 21:51:10 - SpotSimulation - INFO - Box <-> Goal L1 distance: 4.17 m
2025-11-18 21:51:10 - SpotSimulation - DEBUG - Robot pos: [-0.69, -2.84, 0.47], RPY: [-0.06, 0.81, 30.41]°, Cmd vel: [vx=0.00, vy=0.00, yaw=0.00]
2025-11-18 21:51:10 - SpotSimulation - INFO - Box <-> Goal L1 distance: 4.17 m
2025-11-18 21:51:10 - SpotSimulation - DEBUG - Robot pos: [-0.69, -2.84, 0.47], RPY: [-0.06, 0.81, 30.39]°, Cmd vel: [vx=0.00, vy=0.00, yaw=0.00]
2025-11-18 21:51:10 - SpotSimulation - INFO - Box <-> Goal L1 distance: 4.17 m
2025-11-18 21:51:11 - SpotSimulation - DEBUG - Robot pos: [-0.69, -2.84, 0.47], RPY: [-0.06, 0.81, 30.37]°, Cmd vel: [vx=0.00, vy=0.00, yaw=0.00]
2025-11-18 21:51:11 - SpotSimulation - INFO - Box <-> Goal L1 distance: 4.17 m
2025-11-18 21:51:11 - SpotSimulation - DEBUG - Robot pos: [-0.69, -2.84, 0.47], RPY: [-0.07, 0.81, 30.35]°, Cmd vel: [vx=0.00, vy=0.00, yaw=0.00]
2025-11-18 21:51:11 - SpotSimulation - INFO - Box <-> Goal L1 distance: 4.17 m
2025-11-18 21:51:11 - SpotSimulation - DEBUG - Robot pos: [-0.69, -2.84, 0.47], RPY: [-0.07, 0.81, 30.33]°, Cmd vel: [vx=0.00, vy=0.00, yaw=0.00]
2025-11-18 21:51:11 - SpotSimulation - INFO - Box <-> Goal L1 distance: 4.17 m
2025-11-18 21:51:12 - SpotSimulation - DEBUG - Robot pos: [-0.69, -2.84, 0.47], RPY: [-0.07, 0.81, 30.30]°, Cmd vel: [vx=0.00, vy=0.00, yaw=0.00]
2025-11-18 21:51:12 - SpotSimulation - INFO - Box <-> Goal L1 distance: 4.17 m
2025-11-18 21:51:12 - SpotSimulation - DEBUG - Robot pos: [-0.69, -2.84, 0.47], RPY: [-0.07, 0.81, 30.28]°, Cmd vel: [vx=0.00, vy=0.00, yaw=0.00]
2025-11-18 21:51:12 - SpotSimulation - INFO - Box <-> Goal L1 distance: 4.17 m
2025-11-18 21:51:12 - SpotSimulation - DEBUG - Robot pos: [-0.69, -2.84, 0.47], RPY: [-0.07, 0.81, 30.26]°, Cmd vel: [vx=0.00, vy=0.00, yaw=0.00]
2025-11-18 21:51:12 - SpotSimulation - INFO - Box <-> Goal L1 distance: 4.17 m
2025-11-18 21:51:13 - SpotSimulation - DEBUG - Robot pos: [-0.69, -2.84, 0.47], RPY: [-0.07, 0.81, 30.24]°, Cmd vel: [vx=0.00, vy=0.00, yaw=0.00]
2025-11-18 21:51:13 - SpotSimulation - INFO - Box <-> Goal L1 distance: 4.17 m
2025-11-18 21:51:13 - SpotSimulation - DEBUG - Robot pos: [-0.69, -2.84, 0.47], RPY: [-0.07, 0.81, 30.22]°, Cmd vel: [vx=0.00, vy=0.00, yaw=0.00]
2025-11-18 21:51:13 - SpotSimulation - INFO - Box <-> Goal L1 distance: 4.17 m
2025-11-18 21:51:13 - SpotSimulation - DEBUG - Robot pos: [-0.69, -2.84, 0.47], RPY: [-0.07, 0.81, 30.20]°, Cmd vel: [vx=0.00, vy=0.00, yaw=0.00]
2025-11-18 21:51:13 - SpotSimulation - INFO - Box <-> Goal L1 distance: 4.17 m
2025-11-18 21:51:14 - SpotSimulation - DEBUG - Robot pos: [-0.69, -2.84, 0.47], RPY: [-0.07, 0.81, 30.18]°, Cmd vel: [vx=0.00, vy=0.00, yaw=0.00]
2025-11-18 21:51:14 - SpotSimulation - INFO - Box <-> Goal L1 distance: 4.17 m
2025-11-18 21:51:14 - SpotSimulation - DEBUG - Robot pos: [-0.69, -2.84, 0.47], RPY: [-0.07, 0.81, 30.15]°, Cmd vel: [vx=0.00, vy=0.00, yaw=0.00]
2025-11-18 21:51:14 - SpotSimulation - INFO - Box <-> Goal L1 distance: 4.17 m
2025-11-18 21:51:14 - SpotSimulation - DEBUG - Robot pos: [-0.69, -2.84, 0.47], RPY: [-0.07, 0.81, 30.13]°, Cmd vel: [vx=0.00, vy=0.00, yaw=0.00]
2025-11-18 21:51:14 - SpotSimulation - INFO - Box <-> Goal L1 distance: 4.17 m
2025-11-18 21:51:15 - SpotSimulation - DEBUG - Robot pos: [-0.69, -2.84, 0.47], RPY: [-0.08, 0.81, 30.11]°, Cmd vel: [vx=0.00, vy=0.00, yaw=0.00]
2025-11-18 21:51:15 - SpotSimulation - INFO - Box <-> Goal L1 distance: 4.17 m
2025-11-18 21:51:15 - SpotSimulation - DEBUG - Robot pos: [-0.69, -2.84, 0.47], RPY: [-0.08, 0.81, 30.09]°, Cmd vel: [vx=0.00, vy=0.00, yaw=0.00]
2025-11-18 21:51:15 - SpotSimulation - INFO - Box <-> Goal L1 distance: 4.17 m
2025-11-18 21:51:15 - SpotSimulation - DEBUG - Robot pos: [-0.69, -2.84, 0.47], RPY: [-0.08, 0.82, 30.07]°, Cmd vel: [vx=0.00, vy=0.00, yaw=0.00]
2025-11-18 21:51:15 - SpotSimulation - INFO - Box <-> Goal L1 distance: 4.17 m
2025-11-18 21:51:15 - SpotSimulation - DEBUG - Robot pos: [-0.69, -2.84, 0.47], RPY: [-0.08, 0.81, 30.05]°, Cmd vel: [vx=0.00, vy=0.00, yaw=0.00]
2025-11-18 21:51:15 - SpotSimulation - INFO - Box <-> Goal L1 distance: 4.17 m
2025-11-18 21:51:16 - SpotSimulation - DEBUG - Robot pos: [-0.69, -2.84, 0.47], RPY: [-0.08, 0.82, 30.03]°, Cmd vel: [vx=0.00, vy=0.00, yaw=0.00]
2025-11-18 21:51:16 - SpotSimulation - INFO - Box <-> Goal L1 distance: 4.17 m
2025-11-18 21:51:16 - SpotSimulation - DEBUG - Robot pos: [-0.69, -2.84, 0.47], RPY: [-0.08, 0.82, 30.01]°, Cmd vel: [vx=0.00, vy=0.00, yaw=0.00]
2025-11-18 21:51:16 - SpotSimulation - INFO - Box <-> Goal L1 distance: 4.17 m
2025-11-18 21:51:16 - SpotSimulation - DEBUG - Robot pos: [-0.69, -2.84, 0.47], RPY: [-0.08, 0.82, 29.99]°, Cmd vel: [vx=0.00, vy=0.00, yaw=0.00]
2025-11-18 21:51:16 - SpotSimulation - INFO - Box <-> Goal L1 distance: 4.17 m
2025-11-18 21:51:17 - SpotSimulation - DEBUG - Robot pos: [-0.69, -2.84, 0.47], RPY: [-0.08, 0.82, 29.97]°, Cmd vel: [vx=0.00, vy=0.00, yaw=0.00]
2025-11-18 21:51:17 - SpotSimulation - INFO - Box <-> Goal L1 distance: 4.17 m
2025-11-18 21:51:17 - SpotSimulation - DEBUG - Robot pos: [-0.69, -2.84, 0.47], RPY: [-0.08, 0.82, 29.95]°, Cmd vel: [vx=0.00, vy=0.00, yaw=0.00]
2025-11-18 21:51:17 - SpotSimulation - INFO - Box <-> Goal L1 distance: 4.17 m
2025-11-18 21:51:17 - SpotSimulation - DEBUG - Robot pos: [-0.69, -2.84, 0.47], RPY: [-0.08, 0.82, 29.93]°, Cmd vel: [vx=0.00, vy=0.00, yaw=0.00]
2025-11-18 21:51:17 - SpotSimulation - INFO - Box <-> Goal L1 distance: 4.17 m
2025-11-18 21:51:18 - SpotSimulation - DEBUG - Robot pos: [-0.69, -2.84, 0.47], RPY: [-0.09, 0.82, 29.91]°, Cmd vel: [vx=0.00, vy=0.00, yaw=0.00]
2025-11-18 21:51:18 - SpotSimulation - INFO - Box <-> Goal L1 distance: 4.17 m
2025-11-18 21:51:18 - SpotSimulation - DEBUG - Robot pos: [-0.69, -2.84, 0.47], RPY: [-0.09, 0.82, 29.89]°, Cmd vel: [vx=0.00, vy=0.00, yaw=0.00]
2025-11-18 21:51:18 - SpotSimulation - INFO - Box <-> Goal L1 distance: 4.17 m
2025-11-18 21:51:19 - SpotSimulation - DEBUG - Robot pos: [-0.69, -2.84, 0.47], RPY: [-0.09, 0.82, 29.87]°, Cmd vel: [vx=0.00, vy=0.00, yaw=0.00]
2025-11-18 21:51:19 - SpotSimulation - INFO - Box <-> Goal L1 distance: 4.17 m
2025-11-18 21:51:19 - SpotSimulation - DEBUG - Robot pos: [-0.69, -2.84, 0.47], RPY: [-0.09, 0.82, 29.85]°, Cmd vel: [vx=0.00, vy=0.00, yaw=0.00]
2025-11-18 21:51:19 - SpotSimulation - INFO - Box <-> Goal L1 distance: 4.17 m
2025-11-18 21:51:19 - SpotSimulation - DEBUG - Robot pos: [-0.69, -2.84, 0.47], RPY: [-0.09, 0.82, 29.83]°, Cmd vel: [vx=0.00, vy=0.00, yaw=0.00]
2025-11-18 21:51:19 - SpotSimulation - INFO - Box <-> Goal L1 distance: 4.17 m
2025-11-18 21:51:20 - SpotSimulation - DEBUG - Robot pos: [-0.69, -2.84, 0.47], RPY: [-0.09, 0.82, 29.81]°, Cmd vel: [vx=0.00, vy=0.00, yaw=0.00]
2025-11-18 21:51:20 - SpotSimulation - INFO - Box <-> Goal L1 distance: 4.17 m
2025-11-18 21:51:20 - SpotSimulation - DEBUG - Robot pos: [-0.69, -2.84, 0.47], RPY: [-0.09, 0.82, 29.79]°, Cmd vel: [vx=0.00, vy=0.00, yaw=0.00]
2025-11-18 21:51:20 - SpotSimulation - INFO - Box <-> Goal L1 distance: 4.17 m
2025-11-18 21:51:20 - SpotSimulation - DEBUG - Robot pos: [-0.69, -2.84, 0.47], RPY: [-0.09, 0.82, 29.77]°, Cmd vel: [vx=0.00, vy=0.00, yaw=0.00]
2025-11-18 21:51:20 - SpotSimulation - INFO - Box <-> Goal L1 distance: 4.17 m
2025-11-18 21:51:21 - SpotSimulation - DEBUG - Robot pos: [-0.69, -2.84, 0.47], RPY: [-0.09, 0.82, 29.75]°, Cmd vel: [vx=0.00, vy=0.00, yaw=0.00]
2025-11-18 21:51:21 - SpotSimulation - INFO - Box <-> Goal L1 distance: 4.17 m
2025-11-18 21:51:21 - SpotSimulation - DEBUG - Robot pos: [-0.69, -2.84, 0.47], RPY: [-0.09, 0.82, 29.73]°, Cmd vel: [vx=0.00, vy=0.00, yaw=0.00]
2025-11-18 21:51:21 - SpotSimulation - INFO - Box <-> Goal L1 distance: 4.17 m
2025-11-18 21:51:21 - SpotSimulation - DEBUG - Robot pos: [-0.69, -2.84, 0.47], RPY: [-0.09, 0.82, 29.71]°, Cmd vel: [vx=0.00, vy=0.00, yaw=0.00]
2025-11-18 21:51:21 - SpotSimulation - INFO - Box <-> Goal L1 distance: 4.17 m
2025-11-18 21:51:22 - SpotSimulation - DEBUG - Robot pos: [-0.69, -2.84, 0.47], RPY: [-0.10, 0.82, 29.69]°, Cmd vel: [vx=0.00, vy=0.00, yaw=0.00]
2025-11-18 21:51:22 - SpotSimulation - INFO - Box <-> Goal L1 distance: 4.17 m
2025-11-18 21:51:22 - SpotSimulation - DEBUG - Robot pos: [-0.69, -2.84, 0.47], RPY: [-0.10, 0.82, 29.67]°, Cmd vel: [vx=0.00, vy=0.00, yaw=0.00]
2025-11-18 21:51:22 - SpotSimulation - INFO - Box <-> Goal L1 distance: 4.17 m
2025-11-18 21:51:23 - SpotSimulation - DEBUG - Robot pos: [-0.69, -2.84, 0.47], RPY: [-0.10, 0.82, 29.65]°, Cmd vel: [vx=0.00, vy=0.00, yaw=0.00]
2025-11-18 21:51:23 - SpotSimulation - INFO - Box <-> Goal L1 distance: 4.17 m
2025-11-18 21:51:23 - SpotSimulation - DEBUG - Robot pos: [-0.69, -2.84, 0.47], RPY: [-0.10, 0.82, 29.63]°, Cmd vel: [vx=0.00, vy=0.00, yaw=0.00]
2025-11-18 21:51:23 - SpotSimulation - INFO - Box <-> Goal L1 distance: 4.17 m
2025-11-18 21:51:23 - SpotSimulation - DEBUG - Robot pos: [-0.69, -2.84, 0.47], RPY: [-0.10, 0.82, 29.61]°, Cmd vel: [vx=0.00, vy=0.00, yaw=0.00]
2025-11-18 21:51:23 - SpotSimulation - INFO - Box <-> Goal L1 distance: 4.17 m
2025-11-18 21:51:24 - SpotSimulation - DEBUG - Robot pos: [-0.69, -2.84, 0.47], RPY: [-0.10, 0.82, 29.59]°, Cmd vel: [vx=0.00, vy=0.00, yaw=0.00]
2025-11-18 21:51:24 - SpotSimulation - INFO - Box <-> Goal L1 distance: 4.17 m
2025-11-18 21:51:24 - SpotSimulation - DEBUG - Robot pos: [-0.69, -2.84, 0.47], RPY: [-0.10, 0.82, 29.57]°, Cmd vel: [vx=0.00, vy=0.00, yaw=0.00]
2025-11-18 21:51:24 - SpotSimulation - INFO - Box <-> Goal L1 distance: 4.17 m
2025-11-18 21:51:24 - SpotSimulation - DEBUG - Robot pos: [-0.69, -2.84, 0.47], RPY: [-0.10, 0.82, 29.55]°, Cmd vel: [vx=0.00, vy=0.00, yaw=0.00]
2025-11-18 21:51:24 - SpotSimulation - INFO - Box <-> Goal L1 distance: 4.17 m
2025-11-18 21:51:25 - SpotSimulation - DEBUG - Robot pos: [-0.69, -2.84, 0.47], RPY: [-0.10, 0.82, 29.53]°, Cmd vel: [vx=0.00, vy=0.00, yaw=0.00]
2025-11-18 21:51:25 - SpotSimulation - INFO - Box <-> Goal L1 distance: 4.17 m
2025-11-18 21:51:25 - SpotSimulation - DEBUG - Robot pos: [-0.69, -2.84, 0.47], RPY: [-0.10, 0.82, 29.51]°, Cmd vel: [vx=0.00, vy=0.00, yaw=0.00]
2025-11-18 21:51:25 - SpotSimulation - INFO - Box <-> Goal L1 distance: 4.17 m
2025-11-18 21:51:25 - SpotSimulation - DEBUG - Robot pos: [-0.69, -2.84, 0.47], RPY: [-0.11, 0.82, 29.49]°, Cmd vel: [vx=0.00, vy=0.00, yaw=0.00]
2025-11-18 21:51:25 - SpotSimulation - INFO - Box <-> Goal L1 distance: 4.17 m
2025-11-18 21:51:26 - SpotSimulation - DEBUG - Robot pos: [-0.69, -2.84, 0.47], RPY: [-0.11, 0.82, 29.47]°, Cmd vel: [vx=0.00, vy=0.00, yaw=0.00]
2025-11-18 21:51:26 - SpotSimulation - INFO - Box <-> Goal L1 distance: 4.17 m
2025-11-18 21:51:26 - SpotSimulation - DEBUG - Robot pos: [-0.69, -2.84, 0.47], RPY: [-0.11, 0.82, 29.45]°, Cmd vel: [vx=0.00, vy=0.00, yaw=0.00]
2025-11-18 21:51:26 - SpotSimulation - INFO - Box <-> Goal L1 distance: 4.17 m
2025-11-18 21:51:26 - SpotSimulation - DEBUG - Robot pos: [-0.69, -2.84, 0.47], RPY: [-0.11, 0.82, 29.43]°, Cmd vel: [vx=0.00, vy=0.00, yaw=0.00]
2025-11-18 21:51:26 - SpotSimulation - INFO - Box <-> Goal L1 distance: 4.17 m
2025-11-18 21:51:27 - SpotSimulation - DEBUG - Robot pos: [-0.69, -2.84, 0.47], RPY: [-0.11, 0.82, 29.41]°, Cmd vel: [vx=0.00, vy=0.00, yaw=0.00]
2025-11-18 21:51:27 - SpotSimulation - INFO - Box <-> Goal L1 distance: 4.17 m
2025-11-18 21:51:27 - SpotSimulation - DEBUG - Robot pos: [-0.69, -2.84, 0.47], RPY: [-0.11, 0.82, 29.39]°, Cmd vel: [vx=0.00, vy=0.00, yaw=0.00]
2025-11-18 21:51:27 - SpotSimulation - INFO - Box <-> Goal L1 distance: 4.17 m
2025-11-18 21:51:28 - SpotSimulation - DEBUG - Robot pos: [-0.69, -2.84, 0.47], RPY: [-0.11, 0.82, 29.37]°, Cmd vel: [vx=0.00, vy=0.00, yaw=0.00]
2025-11-18 21:51:28 - SpotSimulation - INFO - Box <-> Goal L1 distance: 4.17 m
2025-11-18 21:51:28 - SpotSimulation - DEBUG - Robot pos: [-0.69, -2.84, 0.47], RPY: [-0.11, 0.82, 29.35]°, Cmd vel: [vx=0.00, vy=0.00, yaw=0.00]
2025-11-18 21:51:28 - SpotSimulation - INFO - Box <-> Goal L1 distance: 4.17 m
2025-11-18 21:51:28 - SpotSimulation - DEBUG - Robot pos: [-0.69, -2.84, 0.47], RPY: [-0.11, 0.82, 29.33]°, Cmd vel: [vx=0.00, vy=0.00, yaw=0.00]
2025-11-18 21:51:28 - SpotSimulation - INFO - Box <-> Goal L1 distance: 4.17 m
2025-11-18 21:51:29 - SpotSimulation - DEBUG - Robot pos: [-0.69, -2.84, 0.47], RPY: [-0.11, 0.82, 29.31]°, Cmd vel: [vx=0.00, vy=0.00, yaw=0.00]
2025-11-18 21:51:29 - SpotSimulation - INFO - Box <-> Goal L1 distance: 4.17 m
2025-11-18 21:51:29 - SpotSimulation - DEBUG - Robot pos: [-0.69, -2.84, 0.47], RPY: [-0.12, 0.82, 29.29]°, Cmd vel: [vx=0.00, vy=0.00, yaw=0.00]
2025-11-18 21:51:29 - SpotSimulation - INFO - Box <-> Goal L1 distance: 4.17 m
2025-11-18 21:51:29 - SpotSimulation - DEBUG - Robot pos: [-0.69, -2.84, 0.47], RPY: [-0.12, 0.82, 29.27]°, Cmd vel: [vx=0.00, vy=0.00, yaw=0.00]
2025-11-18 21:51:29 - SpotSimulation - INFO - Box <-> Goal L1 distance: 4.17 m
2025-11-18 21:51:30 - SpotSimulation - DEBUG - Robot pos: [-0.69, -2.84, 0.47], RPY: [-0.12, 0.82, 29.25]°, Cmd vel: [vx=0.00, vy=0.00, yaw=0.00]
2025-11-18 21:51:30 - SpotSimulation - INFO - Box <-> Goal L1 distance: 4.17 m
2025-11-18 21:51:30 - SpotSimulation - DEBUG - Robot pos: [-0.69, -2.84, 0.47], RPY: [-0.12, 0.82, 29.23]°, Cmd vel: [vx=0.00, vy=0.00, yaw=0.00]
2025-11-18 21:51:30 - SpotSimulation - INFO - Box <-> Goal L1 distance: 4.17 m
2025-11-18 21:51:30 - SpotSimulation - DEBUG - Robot pos: [-0.69, -2.84, 0.47], RPY: [-0.12, 0.82, 29.21]°, Cmd vel: [vx=0.00, vy=0.00, yaw=0.00]
2025-11-18 21:51:30 - SpotSimulation - INFO - Box <-> Goal L1 distance: 4.17 m
2025-11-18 21:51:31 - SpotSimulation - DEBUG - Robot pos: [-0.69, -2.84, 0.47], RPY: [-0.12, 0.82, 29.19]°, Cmd vel: [vx=0.00, vy=0.00, yaw=0.00]
2025-11-18 21:51:31 - SpotSimulation - INFO - Box <-> Goal L1 distance: 4.17 m
2025-11-18 21:51:31 - SpotSimulation - DEBUG - Robot pos: [-0.69, -2.84, 0.47], RPY: [-0.12, 0.82, 29.17]°, Cmd vel: [vx=0.00, vy=0.00, yaw=0.00]
2025-11-18 21:51:31 - SpotSimulation - INFO - Box <-> Goal L1 distance: 4.17 m
2025-11-18 21:51:32 - SpotSimulation - DEBUG - Robot pos: [-0.69, -2.84, 0.47], RPY: [-0.12, 0.82, 29.15]°, Cmd vel: [vx=0.00, vy=0.00, yaw=0.00]
2025-11-18 21:51:32 - SpotSimulation - INFO - Box <-> Goal L1 distance: 4.17 m
2025-11-18 21:51:32 - SpotSimulation - DEBUG - Robot pos: [-0.69, -2.84, 0.47], RPY: [-0.12, 0.82, 29.13]°, Cmd vel: [vx=0.00, vy=0.00, yaw=0.00]
2025-11-18 21:51:32 - SpotSimulation - INFO - Box <-> Goal L1 distance: 4.17 m
2025-11-18 21:51:32 - SpotSimulation - DEBUG - Robot pos: [-0.69, -2.84, 0.47], RPY: [-0.12, 0.82, 29.11]°, Cmd vel: [vx=0.00, vy=0.00, yaw=0.00]
2025-11-18 21:51:32 - SpotSimulation - INFO - Box <-> Goal L1 distance: 4.17 m
2025-11-18 21:51:33 - SpotSimulation - DEBUG - Robot pos: [-0.69, -2.84, 0.47], RPY: [-0.13, 0.82, 29.09]°, Cmd vel: [vx=0.00, vy=0.00, yaw=0.00]
2025-11-18 21:51:33 - SpotSimulation - INFO - Box <-> Goal L1 distance: 4.17 m
2025-11-18 21:51:33 - SpotSimulation - DEBUG - Robot pos: [-0.69, -2.84, 0.47], RPY: [-0.13, 0.82, 29.07]°, Cmd vel: [vx=0.00, vy=0.00, yaw=0.00]
2025-11-18 21:51:33 - SpotSimulation - INFO - Box <-> Goal L1 distance: 4.17 m
2025-11-18 21:51:33 - SpotSimulation - DEBUG - Robot pos: [-0.69, -2.84, 0.47], RPY: [-0.13, 0.83, 29.05]°, Cmd vel: [vx=0.00, vy=0.00, yaw=0.00]
2025-11-18 21:51:33 - SpotSimulation - INFO - Box <-> Goal L1 distance: 4.17 m
2025-11-18 21:51:34 - SpotSimulation - DEBUG - Robot pos: [-0.69, -2.84, 0.47], RPY: [-0.13, 0.83, 29.03]°, Cmd vel: [vx=0.00, vy=0.00, yaw=0.00]
2025-11-18 21:51:34 - SpotSimulation - INFO - Box <-> Goal L1 distance: 4.17 m
2025-11-18 21:51:34 - SpotSimulation - DEBUG - Robot pos: [-0.69, -2.84, 0.47], RPY: [-0.13, 0.83, 29.01]°, Cmd vel: [vx=0.00, vy=0.00, yaw=0.00]
2025-11-18 21:51:34 - SpotSimulation - INFO - Box <-> Goal L1 distance: 4.17 m
2025-11-18 21:51:34 - SpotSimulation - DEBUG - Robot pos: [-0.69, -2.84, 0.47], RPY: [-0.13, 0.83, 28.99]°, Cmd vel: [vx=0.00, vy=0.00, yaw=0.00]
2025-11-18 21:51:34 - SpotSimulation - INFO - Box <-> Goal L1 distance: 4.17 m
2025-11-18 21:51:35 - SpotSimulation - DEBUG - Robot pos: [-0.69, -2.84, 0.47], RPY: [-0.13, 0.83, 28.97]°, Cmd vel: [vx=0.00, vy=0.00, yaw=0.00]
2025-11-18 21:51:35 - SpotSimulation - INFO - Box <-> Goal L1 distance: 4.17 m
2025-11-18 21:51:35 - SpotSimulation - DEBUG - Robot pos: [-0.69, -2.84, 0.47], RPY: [-0.13, 0.83, 28.95]°, Cmd vel: [vx=0.00, vy=0.00, yaw=0.00]
2025-11-18 21:51:35 - SpotSimulation - INFO - Box <-> Goal L1 distance: 4.17 m
2025-11-18 21:51:35 - SpotSimulation - DEBUG - Robot pos: [-0.69, -2.84, 0.47], RPY: [-0.13, 0.83, 28.93]°, Cmd vel: [vx=0.00, vy=0.00, yaw=0.00]
2025-11-18 21:51:35 - SpotSimulation - INFO - Box <-> Goal L1 distance: 4.17 m
2025-11-18 21:51:36 - SpotSimulation - DEBUG - Robot pos: [-0.69, -2.85, 0.47], RPY: [-0.13, 0.83, 28.91]°, Cmd vel: [vx=0.00, vy=0.00, yaw=0.00]
2025-11-18 21:51:36 - SpotSimulation - INFO - Box <-> Goal L1 distance: 4.17 m
2025-11-18 21:51:36 - SpotSimulation - DEBUG - Robot pos: [-0.69, -2.85, 0.47], RPY: [-0.14, 0.83, 28.89]°, Cmd vel: [vx=0.00, vy=0.00, yaw=0.00]
2025-11-18 21:51:36 - SpotSimulation - INFO - Box <-> Goal L1 distance: 4.17 m
2025-11-18 21:51:37 - SpotSimulation - DEBUG - Robot pos: [-0.69, -2.85, 0.47], RPY: [-0.14, 0.83, 28.87]°, Cmd vel: [vx=0.00, vy=0.00, yaw=0.00]
2025-11-18 21:51:37 - SpotSimulation - INFO - Box <-> Goal L1 distance: 4.17 m
2025-11-18 21:51:37 - SpotSimulation - DEBUG - Robot pos: [-0.69, -2.85, 0.47], RPY: [-0.14, 0.83, 28.85]°, Cmd vel: [vx=0.00, vy=0.00, yaw=0.00]
2025-11-18 21:51:37 - SpotSimulation - INFO - Box <-> Goal L1 distance: 4.17 m
2025-11-18 21:51:37 - SpotSimulation - DEBUG - Robot pos: [-0.69, -2.85, 0.47], RPY: [-0.14, 0.83, 28.83]°, Cmd vel: [vx=0.00, vy=0.00, yaw=0.00]
2025-11-18 21:51:37 - SpotSimulation - INFO - Box <-> Goal L1 distance: 4.17 m
2025-11-18 21:51:38 - SpotSimulation - DEBUG - Robot pos: [-0.69, -2.85, 0.47], RPY: [-0.14, 0.83, 28.81]°, Cmd vel: [vx=0.00, vy=0.00, yaw=0.00]
2025-11-18 21:51:38 - SpotSimulation - INFO - Box <-> Goal L1 distance: 4.17 m
2025-11-18 21:51:38 - SpotSimulation - DEBUG - Robot pos: [-0.69, -2.85, 0.47], RPY: [-0.14, 0.83, 28.78]°, Cmd vel: [vx=0.00, vy=0.00, yaw=0.00]
2025-11-18 21:51:38 - SpotSimulation - INFO - Box <-> Goal L1 distance: 4.17 m
2025-11-18 21:51:38 - SpotSimulation - DEBUG - Robot pos: [-0.69, -2.85, 0.47], RPY: [-0.14, 0.83, 28.76]°, Cmd vel: [vx=0.00, vy=0.00, yaw=0.00]
2025-11-18 21:51:38 - SpotSimulation - INFO - Box <-> Goal L1 distance: 4.17 m
2025-11-18 21:51:39 - SpotSimulation - DEBUG - Robot pos: [-0.69, -2.85, 0.47], RPY: [-0.14, 0.83, 28.74]°, Cmd vel: [vx=0.00, vy=0.00, yaw=0.00]
2025-11-18 21:51:39 - SpotSimulation - INFO - Box <-> Goal L1 distance: 4.17 m
2025-11-18 21:51:39 - SpotSimulation - DEBUG - Robot pos: [-0.69, -2.85, 0.47], RPY: [-0.14, 0.83, 28.72]°, Cmd vel: [vx=0.00, vy=0.00, yaw=0.00]
2025-11-18 21:51:39 - SpotSimulation - INFO - Box <-> Goal L1 distance: 4.17 m
2025-11-18 21:51:40 - SpotSimulation - DEBUG - Robot pos: [-0.69, -2.85, 0.47], RPY: [-0.14, 0.83, 28.70]°, Cmd vel: [vx=0.00, vy=0.00, yaw=0.00]
2025-11-18 21:51:40 - SpotSimulation - INFO - Box <-> Goal L1 distance: 4.17 m
2025-11-18 21:51:40 - SpotSimulation - DEBUG - Robot pos: [-0.69, -2.85, 0.47], RPY: [-0.15, 0.83, 28.68]°, Cmd vel: [vx=0.00, vy=0.00, yaw=0.00]
2025-11-18 21:51:40 - SpotSimulation - INFO - Box <-> Goal L1 distance: 4.17 m
2025-11-18 21:51:40 - SpotSimulation - DEBUG - Robot pos: [-0.69, -2.85, 0.47], RPY: [-0.15, 0.83, 28.66]°, Cmd vel: [vx=0.00, vy=0.00, yaw=0.00]
2025-11-18 21:51:40 - SpotSimulation - INFO - Box <-> Goal L1 distance: 4.17 m
2025-11-18 21:51:41 - SpotSimulation - DEBUG - Robot pos: [-0.69, -2.85, 0.47], RPY: [-0.15, 0.83, 28.64]°, Cmd vel: [vx=0.00, vy=0.00, yaw=0.00]
2025-11-18 21:51:41 - SpotSimulation - INFO - Box <-> Goal L1 distance: 4.17 m
2025-11-18 21:51:41 - SpotSimulation - DEBUG - Robot pos: [-0.69, -2.85, 0.47], RPY: [-0.15, 0.83, 28.62]°, Cmd vel: [vx=0.00, vy=0.00, yaw=0.00]
2025-11-18 21:51:41 - SpotSimulation - INFO - Box <-> Goal L1 distance: 4.17 m
2025-11-18 21:51:41 - SpotSimulation - DEBUG - Robot pos: [-0.69, -2.85, 0.47], RPY: [-0.15, 0.83, 28.59]°, Cmd vel: [vx=0.00, vy=0.00, yaw=0.00]
2025-11-18 21:51:41 - SpotSimulation - INFO - Box <-> Goal L1 distance: 4.17 m
2025-11-18 21:51:42 - SpotSimulation - DEBUG - Robot pos: [-0.69, -2.85, 0.47], RPY: [-0.15, 0.83, 28.57]°, Cmd vel: [vx=0.00, vy=0.00, yaw=0.00]
2025-11-18 21:51:42 - SpotSimulation - INFO - Box <-> Goal L1 distance: 4.17 m
2025-11-18 21:51:42 - SpotSimulation - DEBUG - Robot pos: [-0.69, -2.85, 0.47], RPY: [-0.15, 0.83, 28.55]°, Cmd vel: [vx=0.00, vy=0.00, yaw=0.00]
2025-11-18 21:51:42 - SpotSimulation - INFO - Box <-> Goal L1 distance: 4.17 m
2025-11-18 21:51:42 - SpotSimulation - DEBUG - Robot pos: [-0.69, -2.85, 0.47], RPY: [-0.15, 0.83, 28.53]°, Cmd vel: [vx=0.00, vy=0.00, yaw=0.00]
2025-11-18 21:51:42 - SpotSimulation - INFO - Box <-> Goal L1 distance: 4.17 m
2025-11-18 21:51:43 - SpotSimulation - DEBUG - Robot pos: [-0.69, -2.85, 0.47], RPY: [-0.15, 0.83, 28.51]°, Cmd vel: [vx=0.00, vy=0.00, yaw=0.00]
2025-11-18 21:51:43 - SpotSimulation - INFO - Box <-> Goal L1 distance: 4.17 m
2025-11-18 21:51:43 - SpotSimulation - DEBUG - Robot pos: [-0.69, -2.85, 0.47], RPY: [-0.16, 0.83, 28.49]°, Cmd vel: [vx=0.00, vy=0.00, yaw=0.00]
2025-11-18 21:51:43 - SpotSimulation - INFO - Box <-> Goal L1 distance: 4.17 m
2025-11-18 21:51:44 - SpotSimulation - DEBUG - Robot pos: [-0.69, -2.85, 0.47], RPY: [-0.16, 0.83, 28.46]°, Cmd vel: [vx=0.00, vy=0.00, yaw=0.00]
2025-11-18 21:51:44 - SpotSimulation - INFO - Box <-> Goal L1 distance: 4.17 m
2025-11-18 21:51:44 - SpotSimulation - DEBUG - Robot pos: [-0.69, -2.85, 0.47], RPY: [-0.16, 0.83, 28.44]°, Cmd vel: [vx=0.00, vy=0.00, yaw=0.00]
2025-11-18 21:51:44 - SpotSimulation - INFO - Box <-> Goal L1 distance: 4.17 m
2025-11-18 21:51:44 - SpotSimulation - DEBUG - Robot pos: [-0.69, -2.85, 0.47], RPY: [-0.16, 0.83, 28.42]°, Cmd vel: [vx=0.00, vy=0.00, yaw=0.00]
2025-11-18 21:51:44 - SpotSimulation - INFO - Box <-> Goal L1 distance: 4.17 m
2025-11-18 21:51:45 - SpotSimulation - DEBUG - Robot pos: [-0.69, -2.85, 0.47], RPY: [-0.16, 0.83, 28.40]°, Cmd vel: [vx=0.00, vy=0.00, yaw=0.00]
2025-11-18 21:51:45 - SpotSimulation - INFO - Box <-> Goal L1 distance: 4.17 m
2025-11-18 21:51:45 - SpotSimulation - DEBUG - Robot pos: [-0.69, -2.85, 0.47], RPY: [-0.16, 0.83, 28.38]°, Cmd vel: [vx=0.00, vy=0.00, yaw=0.00]
2025-11-18 21:51:45 - SpotSimulation - INFO - Box <-> Goal L1 distance: 4.17 m
2025-11-18 21:51:45 - SpotSimulation - DEBUG - Robot pos: [-0.69, -2.85, 0.47], RPY: [-0.16, 0.83, 28.35]°, Cmd vel: [vx=0.00, vy=0.00, yaw=0.00]
2025-11-18 21:51:45 - SpotSimulation - INFO - Box <-> Goal L1 distance: 4.17 m
2025-11-18 21:51:46 - SpotSimulation - DEBUG - Robot pos: [-0.69, -2.85, 0.47], RPY: [-0.16, 0.83, 28.33]°, Cmd vel: [vx=0.00, vy=0.00, yaw=0.00]
2025-11-18 21:51:46 - SpotSimulation - INFO - Box <-> Goal L1 distance: 4.17 m
2025-11-18 21:51:46 - SpotSimulation - DEBUG - Robot pos: [-0.69, -2.85, 0.47], RPY: [-0.16, 0.83, 28.31]°, Cmd vel: [vx=0.00, vy=0.00, yaw=0.00]
2025-11-18 21:51:46 - SpotSimulation - INFO - Box <-> Goal L1 distance: 4.17 m
2025-11-18 21:51:46 - SpotSimulation - DEBUG - Robot pos: [-0.69, -2.85, 0.47], RPY: [-0.16, 0.83, 28.29]°, Cmd vel: [vx=0.00, vy=0.00, yaw=0.00]
2025-11-18 21:51:46 - SpotSimulation - INFO - Box <-> Goal L1 distance: 4.17 m
2025-11-18 21:51:47 - SpotSimulation - DEBUG - Robot pos: [-0.69, -2.85, 0.47], RPY: [-0.17, 0.83, 28.26]°, Cmd vel: [vx=0.00, vy=0.00, yaw=0.00]
2025-11-18 21:51:47 - SpotSimulation - INFO - Box <-> Goal L1 distance: 4.17 m
2025-11-18 21:51:47 - SpotSimulation - DEBUG - Robot pos: [-0.69, -2.85, 0.47], RPY: [-0.17, 0.83, 28.24]°, Cmd vel: [vx=0.00, vy=0.00, yaw=0.00]
2025-11-18 21:51:47 - SpotSimulation - INFO - Box <-> Goal L1 distance: 4.17 m
2025-11-18 21:51:48 - SpotSimulation - INFO - First keyboard command received - starting data saving
2025-11-18 21:51:48 - SpotSimulation - INFO - Experiment data saving started
2025-11-18 21:51:48 - SpotSimulation - DEBUG - ✓ Image saved: frame0-0.001-ego.jpg
2025-11-18 21:51:48 - SpotSimulation - DEBUG - ✓ Image saved: frame0-0.001-top.jpg
2025-11-18 21:51:48 - SpotSimulation - DEBUG - Robot pos: [-0.69, -2.85, 0.47], RPY: [-0.18, 0.80, 28.20]°, Cmd vel: [vx=0.30, vy=0.00, yaw=0.00]
2025-11-18 21:51:48 - SpotSimulation - INFO - Box <-> Goal L1 distance: 4.17 m
2025-11-18 21:51:48 - SpotSimulation - DEBUG - ✓ Image saved: frame1-0.398-ego.jpg
2025-11-18 21:51:48 - SpotSimulation - DEBUG - ✓ Image saved: frame1-0.398-top.jpg
2025-11-18 21:51:48 - SpotSimulation - DEBUG - Robot pos: [-0.68, -2.84, 0.46], RPY: [0.03, 1.14, 28.19]°, Cmd vel: [vx=0.80, vy=0.00, yaw=0.00]
2025-11-18 21:51:48 - SpotSimulation - INFO - Box <-> Goal L1 distance: 4.17 m
2025-11-18 21:51:48 - SpotSimulation - DEBUG - ✓ Image saved: frame2-0.790-ego.jpg
2025-11-18 21:51:48 - SpotSimulation - DEBUG - ✓ Image saved: frame2-0.790-top.jpg
2025-11-18 21:51:48 - SpotSimulation - DEBUG - Robot pos: [-0.65, -2.83, 0.47], RPY: [0.30, 2.01, 28.87]°, Cmd vel: [vx=1.30, vy=0.00, yaw=0.00]
2025-11-18 21:51:48 - SpotSimulation - INFO - Box <-> Goal L1 distance: 4.17 m
2025-11-18 21:51:49 - SpotSimulation - DEBUG - ✓ Image saved: frame3-1.190-ego.jpg
2025-11-18 21:51:49 - SpotSimulation - DEBUG - ✓ Image saved: frame3-1.190-top.jpg
2025-11-18 21:51:49 - SpotSimulation - DEBUG - Robot pos: [-0.59, -2.79, 0.48], RPY: [-0.01, 3.10, 28.86]°, Cmd vel: [vx=1.80, vy=0.00, yaw=0.00]
2025-11-18 21:51:49 - SpotSimulation - INFO - Box <-> Goal L1 distance: 4.17 m
2025-11-18 21:51:49 - SpotSimulation - DEBUG - ✓ Image saved: frame4-1.593-ego.jpg
2025-11-18 21:51:49 - SpotSimulation - DEBUG - ✓ Image saved: frame4-1.593-top.jpg
2025-11-18 21:51:49 - SpotSimulation - DEBUG - Robot pos: [-0.49, -2.74, 0.49], RPY: [0.64, 3.19, 29.32]°, Cmd vel: [vx=2.00, vy=0.00, yaw=0.00]
2025-11-18 21:51:49 - SpotSimulation - INFO - Box <-> Goal L1 distance: 4.17 m
2025-11-18 21:51:50 - SpotSimulation - DEBUG - ✓ Image saved: frame5-2.005-ego.jpg
2025-11-18 21:51:50 - SpotSimulation - DEBUG - ✓ Image saved: frame5-2.005-top.jpg
2025-11-18 21:51:50 - SpotSimulation - DEBUG - Robot pos: [-0.38, -2.67, 0.49], RPY: [1.07, -0.24, 28.71]°, Cmd vel: [vx=2.00, vy=0.00, yaw=-1.00]
2025-11-18 21:51:50 - SpotSimulation - INFO - Box <-> Goal L1 distance: 4.17 m
2025-11-18 21:51:50 - SpotSimulation - DEBUG - ✓ Image saved: frame6-2.396-ego.jpg
2025-11-18 21:51:50 - SpotSimulation - DEBUG - ✓ Image saved: frame6-2.396-top.jpg
2025-11-18 21:51:50 - SpotSimulation - DEBUG - Robot pos: [-0.26, -2.58, 0.49], RPY: [0.84, -2.21, 25.75]°, Cmd vel: [vx=2.00, vy=0.00, yaw=-2.00]
2025-11-18 21:51:50 - SpotSimulation - INFO - Box <-> Goal L1 distance: 4.17 m
2025-11-18 21:51:50 - SpotSimulation - DEBUG - ✓ Image saved: frame7-2.794-ego.jpg
2025-11-18 21:51:50 - SpotSimulation - DEBUG - ✓ Image saved: frame7-2.794-top.jpg
2025-11-18 21:51:50 - SpotSimulation - DEBUG - Robot pos: [-0.12, -2.49, 0.50], RPY: [-1.48, -3.17, 18.57]°, Cmd vel: [vx=2.00, vy=0.00, yaw=-2.00]
2025-11-18 21:51:50 - SpotSimulation - INFO - Box <-> Goal L1 distance: 4.17 m
2025-11-18 21:51:51 - SpotSimulation - DEBUG - ✓ Image saved: frame8-3.187-ego.jpg
2025-11-18 21:51:51 - SpotSimulation - DEBUG - ✓ Image saved: frame8-3.187-top.jpg
2025-11-18 21:51:51 - SpotSimulation - DEBUG - Robot pos: [0.04, -2.43, 0.51], RPY: [-1.54, -2.57, 10.00]°, Cmd vel: [vx=2.00, vy=0.00, yaw=-2.00]
2025-11-18 21:51:51 - SpotSimulation - INFO - Box <-> Goal L1 distance: 4.17 m
2025-11-18 21:51:51 - SpotSimulation - DEBUG - ✓ Image saved: frame9-3.588-ego.jpg
2025-11-18 21:51:51 - SpotSimulation - DEBUG - ✓ Image saved: frame9-3.588-top.jpg
2025-11-18 21:51:51 - SpotSimulation - DEBUG - Robot pos: [0.22, -2.40, 0.52], RPY: [-0.13, 0.40, 2.27]°, Cmd vel: [vx=2.00, vy=0.00, yaw=-2.00]
2025-11-18 21:51:51 - SpotSimulation - INFO - Box <-> Goal L1 distance: 4.17 m
2025-11-18 21:51:52 - SpotSimulation - DEBUG - ✓ Image saved: frame10-3.997-ego.jpg
2025-11-18 21:51:52 - SpotSimulation - DEBUG - ✓ Image saved: frame10-3.997-top.jpg
2025-11-18 21:51:52 - SpotSimulation - DEBUG - Robot pos: [0.41, -2.39, 0.50], RPY: [0.26, 0.56, -6.78]°, Cmd vel: [vx=2.00, vy=0.00, yaw=-2.00]
2025-11-18 21:51:52 - SpotSimulation - INFO - Box <-> Goal L1 distance: 4.17 m
2025-11-18 21:51:52 - SpotSimulation - DEBUG - ✓ Image saved: frame11-4.397-ego.jpg
2025-11-18 21:51:52 - SpotSimulation - DEBUG - ✓ Image saved: frame11-4.397-top.jpg
2025-11-18 21:51:52 - SpotSimulation - DEBUG - Robot pos: [0.60, -2.42, 0.49], RPY: [0.72, -0.32, -15.45]°, Cmd vel: [vx=2.00, vy=0.00, yaw=-0.60]
2025-11-18 21:51:52 - SpotSimulation - INFO - Box <-> Goal L1 distance: 4.17 m
2025-11-18 21:51:52 - SpotSimulation - DEBUG - ✓ Image saved: frame12-4.833-ego.jpg
2025-11-18 21:51:52 - SpotSimulation - DEBUG - ✓ Image saved: frame12-4.833-top.jpg
2025-11-18 21:51:52 - SpotSimulation - DEBUG - Robot pos: [0.78, -2.48, 0.49], RPY: [1.29, 0.90, -20.68]°, Cmd vel: [vx=2.00, vy=0.00, yaw=0.40]
2025-11-18 21:51:52 - SpotSimulation - INFO - Box <-> Goal L1 distance: 4.17 m
2025-11-18 21:51:53 - SpotSimulation - DEBUG - ✓ Image saved: frame13-5.220-ego.jpg
2025-11-18 21:51:53 - SpotSimulation - DEBUG - ✓ Image saved: frame13-5.220-top.jpg
2025-11-18 21:51:53 - SpotSimulation - DEBUG - Robot pos: [0.96, -2.54, 0.50], RPY: [0.80, -0.83, -20.97]°, Cmd vel: [vx=2.00, vy=0.00, yaw=1.40]
2025-11-18 21:51:53 - SpotSimulation - INFO - Box <-> Goal L1 distance: 4.17 m
2025-11-18 21:51:53 - SpotSimulation - DEBUG - ✓ Image saved: frame14-5.621-ego.jpg
2025-11-18 21:51:53 - SpotSimulation - DEBUG - ✓ Image saved: frame14-5.621-top.jpg
2025-11-18 21:51:53 - SpotSimulation - DEBUG - Robot pos: [1.15, -2.62, 0.51], RPY: [2.36, -2.58, -16.41]°, Cmd vel: [vx=2.00, vy=0.00, yaw=2.00]
2025-11-18 21:51:53 - SpotSimulation - INFO - Box <-> Goal L1 distance: 4.17 m
2025-11-18 21:51:54 - SpotSimulation - DEBUG - ✓ Image saved: frame15-6.011-ego.jpg
2025-11-18 21:51:54 - SpotSimulation - DEBUG - ✓ Image saved: frame15-6.011-top.jpg
2025-11-18 21:51:54 - SpotSimulation - DEBUG - Robot pos: [1.34, -2.68, 0.50], RPY: [1.59, -2.50, -9.19]°, Cmd vel: [vx=2.00, vy=0.00, yaw=2.00]
2025-11-18 21:51:54 - SpotSimulation - INFO - Box <-> Goal L1 distance: 4.17 m
2025-11-18 21:51:54 - SpotSimulation - DEBUG - ✓ Image saved: frame16-6.418-ego.jpg
2025-11-18 21:51:54 - SpotSimulation - DEBUG - ✓ Image saved: frame16-6.418-top.jpg
2025-11-18 21:51:54 - SpotSimulation - DEBUG - Robot pos: [1.53, -2.70, 0.50], RPY: [-0.25, -2.39, -0.27]°, Cmd vel: [vx=2.00, vy=0.00, yaw=2.00]
2025-11-18 21:51:54 - SpotSimulation - INFO - Box <-> Goal L1 distance: 4.17 m
2025-11-18 21:51:54 - SpotSimulation - DEBUG - ✓ Image saved: frame17-6.827-ego.jpg
2025-11-18 21:51:54 - SpotSimulation - DEBUG - ✓ Image saved: frame17-6.827-top.jpg
2025-11-18 21:51:54 - SpotSimulation - DEBUG - Robot pos: [1.74, -2.71, 0.49], RPY: [-0.27, 2.09, 7.60]°, Cmd vel: [vx=2.00, vy=0.00, yaw=2.00]
2025-11-18 21:51:54 - SpotSimulation - INFO - Box <-> Goal L1 distance: 4.17 m
2025-11-18 21:51:55 - SpotSimulation - DEBUG - ✓ Image saved: frame18-7.261-ego.jpg
2025-11-18 21:51:55 - SpotSimulation - DEBUG - ✓ Image saved: frame18-7.261-top.jpg
2025-11-18 21:51:55 - SpotSimulation - DEBUG - Robot pos: [1.93, -2.69, 0.47], RPY: [0.91, 0.34, 16.74]°, Cmd vel: [vx=2.00, vy=0.00, yaw=2.00]
2025-11-18 21:51:55 - SpotSimulation - INFO - Box <-> Goal L1 distance: 4.17 m
2025-11-18 21:51:55 - SpotSimulation - DEBUG - ✓ Image saved: frame19-7.672-ego.jpg
2025-11-18 21:51:55 - SpotSimulation - DEBUG - ✓ Image saved: frame19-7.672-top.jpg
2025-11-18 21:51:55 - SpotSimulation - DEBUG - Robot pos: [2.11, -2.62, 0.48], RPY: [2.21, -2.25, 25.42]°, Cmd vel: [vx=2.00, vy=0.00, yaw=2.00]
2025-11-18 21:51:55 - SpotSimulation - INFO - Box <-> Goal L1 distance: 4.17 m
2025-11-18 21:51:56 - SpotSimulation - DEBUG - ✓ Image saved: frame20-8.077-ego.jpg
2025-11-18 21:51:56 - SpotSimulation - DEBUG - ✓ Image saved: frame20-8.077-top.jpg
2025-11-18 21:51:56 - SpotSimulation - DEBUG - Robot pos: [2.27, -2.53, 0.49], RPY: [0.96, -2.49, 34.79]°, Cmd vel: [vx=2.00, vy=0.00, yaw=2.00]
2025-11-18 21:51:56 - SpotSimulation - INFO - Box <-> Goal L1 distance: 4.17 m
2025-11-18 21:51:56 - SpotSimulation - DEBUG - ✓ Image saved: frame21-8.477-ego.jpg
2025-11-18 21:51:56 - SpotSimulation - DEBUG - ✓ Image saved: frame21-8.477-top.jpg
2025-11-18 21:51:56 - SpotSimulation - DEBUG - Robot pos: [2.41, -2.41, 0.50], RPY: [-1.10, -3.10, 44.66]°, Cmd vel: [vx=2.00, vy=0.00, yaw=2.00]
2025-11-18 21:51:56 - SpotSimulation - INFO - Box <-> Goal L1 distance: 4.17 m
2025-11-18 21:51:56 - SpotSimulation - DEBUG - ✓ Image saved: frame22-8.858-ego.jpg
2025-11-18 21:51:56 - SpotSimulation - DEBUG - ✓ Image saved: frame22-8.858-top.jpg
2025-11-18 21:51:56 - SpotSimulation - DEBUG - Robot pos: [2.55, -2.26, 0.50], RPY: [-1.54, 0.63, 53.68]°, Cmd vel: [vx=2.00, vy=0.00, yaw=2.00]
2025-11-18 21:51:56 - SpotSimulation - INFO - Box <-> Goal L1 distance: 4.17 m
2025-11-18 21:51:57 - SpotSimulation - DEBUG - ✓ Image saved: frame23-9.247-ego.jpg
2025-11-18 21:51:57 - SpotSimulation - DEBUG - ✓ Image saved: frame23-9.247-top.jpg
2025-11-18 21:51:57 - SpotSimulation - DEBUG - Robot pos: [2.66, -2.11, 0.48], RPY: [0.65, 0.47, 63.19]°, Cmd vel: [vx=2.00, vy=0.00, yaw=2.00]
2025-11-18 21:51:57 - SpotSimulation - INFO - Box <-> Goal L1 distance: 4.17 m
2025-11-18 21:51:57 - SpotSimulation - DEBUG - ✓ Image saved: frame24-9.672-ego.jpg
2025-11-18 21:51:57 - SpotSimulation - DEBUG - ✓ Image saved: frame24-9.672-top.jpg
2025-11-18 21:51:57 - SpotSimulation - DEBUG - Robot pos: [2.73, -1.94, 0.48], RPY: [1.79, -2.17, 72.30]°, Cmd vel: [vx=2.00, vy=0.00, yaw=2.00]
2025-11-18 21:51:57 - SpotSimulation - INFO - Box <-> Goal L1 distance: 4.17 m
2025-11-18 21:51:58 - SpotSimulation - DEBUG - ✓ Image saved: frame25-10.115-ego.jpg
2025-11-18 21:51:58 - SpotSimulation - DEBUG - ✓ Image saved: frame25-10.115-top.jpg
2025-11-18 21:51:58 - SpotSimulation - DEBUG - Robot pos: [2.78, -1.76, 0.49], RPY: [1.59, -2.15, 81.49]°, Cmd vel: [vx=2.00, vy=0.00, yaw=2.00]
2025-11-18 21:51:58 - SpotSimulation - INFO - Box <-> Goal L1 distance: 4.17 m
2025-11-18 21:51:58 - SpotSimulation - DEBUG - ✓ Image saved: frame26-10.510-ego.jpg
2025-11-18 21:51:58 - SpotSimulation - DEBUG - ✓ Image saved: frame26-10.510-top.jpg
2025-11-18 21:51:58 - SpotSimulation - DEBUG - Robot pos: [2.79, -1.57, 0.50], RPY: [-0.76, -2.75, 90.95]°, Cmd vel: [vx=2.00, vy=0.00, yaw=2.00]
2025-11-18 21:51:58 - SpotSimulation - INFO - Box <-> Goal L1 distance: 4.17 m
2025-11-18 21:51:58 - SpotSimulation - DEBUG - ✓ Image saved: frame27-10.892-ego.jpg
2025-11-18 21:51:58 - SpotSimulation - DEBUG - ✓ Image saved: frame27-10.892-top.jpg
2025-11-18 21:51:58 - SpotSimulation - DEBUG - Robot pos: [2.77, -1.38, 0.50], RPY: [-1.19, -0.40, 100.11]°, Cmd vel: [vx=2.00, vy=0.00, yaw=1.20]
2025-11-18 21:51:58 - SpotSimulation - INFO - Box <-> Goal L1 distance: 4.17 m
2025-11-18 21:51:59 - SpotSimulation - DEBUG - ✓ Image saved: frame28-11.279-ego.jpg
2025-11-18 21:51:59 - SpotSimulation - DEBUG - ✓ Image saved: frame28-11.279-top.jpg
2025-11-18 21:51:59 - SpotSimulation - DEBUG - Robot pos: [2.74, -1.19, 0.48], RPY: [-2.96, 2.24, 106.76]°, Cmd vel: [vx=0.34, vy=0.00, yaw=0.09]
2025-11-18 21:51:59 - SpotSimulation - INFO - Box <-> Goal L1 distance: 4.17 m
2025-11-18 21:51:59 - SpotSimulation - DEBUG - ✓ Image saved: frame29-11.683-ego.jpg
2025-11-18 21:51:59 - SpotSimulation - DEBUG - ✓ Image saved: frame29-11.683-top.jpg
2025-11-18 21:51:59 - SpotSimulation - DEBUG - Robot pos: [2.68, -1.04, 0.48], RPY: [-5.21, 3.83, 110.32]°, Cmd vel: [vx=0.06, vy=0.00, yaw=0.01]
2025-11-18 21:51:59 - SpotSimulation - INFO - Box <-> Goal L1 distance: 4.17 m
2025-11-18 21:52:00 - SpotSimulation - DEBUG - ✓ Image saved: frame30-12.080-ego.jpg
2025-11-18 21:52:00 - SpotSimulation - DEBUG - ✓ Image saved: frame30-12.080-top.jpg
2025-11-18 21:52:00 - SpotSimulation - DEBUG - Robot pos: [2.62, -0.92, 0.47], RPY: [-2.76, 2.05, 112.13]°, Cmd vel: [vx=0.01, vy=0.00, yaw=0.00]
2025-11-18 21:52:00 - SpotSimulation - INFO - Box <-> Goal L1 distance: 4.17 m
2025-11-18 21:52:00 - SpotSimulation - INFO - CSV file closed with 31 frames saved
2025-11-18 21:52:00 - SpotSimulation - DEBUG - Error cleaning up camera annotators: 'HydraTexture' object has no attribute 'split'
2025-11-18 21:52:00 - SpotSimulation - INFO - Cleanup complete
